<?xml version="1.0" encoding="UTF-8"?>
<!-- Generated by org.testng.reporters.JUnitReportReporter -->
<testsuite hostname="gkillare-win87" failures="0" tests="300" name="testcases.TC_CIandCRM" time="3882.234" errors="0" timestamp="2024-07-27T17:11:55 IST" skipped="0">
  <testcase classname="testcases.TC_CIandCRM" name="testCIRefundOfSale" time="17.826"/>
  <system-out/>
  <testcase classname="testcases.TC_CIandCRM" name="testCIRefundOfSale" time="14.246"/>
  <system-out/>
  <testcase classname="testcases.TC_CIandCRM" name="testCIRefundOfSale" time="12.076"/>
  <system-out/>
  <testcase classname="testcases.TC_CIandCRM" name="testCIRefundOfSale" time="14.339"/>
  <system-out/>
  <testcase classname="testcases.TC_CIandCRM" name="testCIRefundOfSale" time="14.182"/>
  <system-out/>
  <testcase classname="testcases.TC_CIandCRM" name="testCIRefundOfSale" time="14.434"/>
  <system-out/>
  <testcase classname="testcases.TC_CIandCRM" name="testCIRefundOfSale" time="14.492"/>
  <system-out/>
  <testcase classname="testcases.TC_CIandCRM" name="testCIRefundOfSale" time="11.897"/>
  <system-out/>
  <testcase classname="testcases.TC_CIandCRM" name="testCIRefundOfSale" time="14.582"/>
  <system-out/>
  <testcase classname="testcases.TC_CIandCRM" name="testCIRefundOfSale" time="11.742"/>
  <system-out/>
  <testcase classname="testcases.TC_CIandCRM" name="testCIRefundOfSale" time="12.270"/>
  <system-out/>
  <testcase classname="testcases.TC_CIandCRM" name="testCIRefundOfSale" time="14.355"/>
  <system-out/>
  <testcase classname="testcases.TC_CIandCRM" name="testCIRefundOfSale" time="12.923"/>
  <system-out/>
  <testcase classname="testcases.TC_CIandCRM" name="testCIRefundOfSale" time="14.513"/>
  <system-out/>
  <testcase classname="testcases.TC_CIandCRM" name="testCIRefundOfSale" time="14.186"/>
  <system-out/>
  <testcase classname="testcases.TC_CIandCRM" name="testCIRefundOfSale" time="15.504"/>
  <system-out/>
  <testcase classname="testcases.TC_CIandCRM" name="testCIRefundOfSale" time="14.416"/>
  <system-out/>
  <testcase classname="testcases.TC_CIandCRM" name="testCIRefundOfSale" time="12.847"/>
  <system-out/>
  <testcase classname="testcases.TC_CIandCRM" name="testCIRefundOfSale" time="14.412"/>
  <system-out/>
  <testcase classname="testcases.TC_CIandCRM" name="testCIRefundOfSale" time="11.910"/>
  <system-out/>
  <testcase classname="testcases.TC_CIandCRM" name="testCIRefundOfSale" time="13.069"/>
  <system-out/>
  <testcase classname="testcases.TC_CIandCRM" name="testCIRefundOfSale" time="14.325"/>
  <system-out/>
  <testcase classname="testcases.TC_CIandCRM" name="testCIRefundOfSale" time="14.162"/>
  <system-out/>
  <testcase classname="testcases.TC_CIandCRM" name="testCIRefundOfSale" time="14.286"/>
  <system-out/>
  <testcase classname="testcases.TC_CIandCRM" name="testCIRefundOfSale" time="11.803"/>
  <system-out/>
  <testcase classname="testcases.TC_CIandCRM" name="testCIRefundOfSale" time="14.910"/>
  <system-out/>
  <testcase classname="testcases.TC_CIandCRM" name="testCIRefundOfSale" time="15.400"/>
  <system-out/>
  <testcase classname="testcases.TC_CIandCRM" name="testCIRefundOfSale" time="12.141"/>
  <system-out/>
  <testcase classname="testcases.TC_CIandCRM" name="testCIRefundOfSale" time="14.572"/>
  <system-out/>
  <testcase classname="testcases.TC_CIandCRM" name="testCIRefundOfSale" time="14.523"/>
  <system-out/>
  <testcase classname="testcases.TC_CIandCRM" name="testCIRefundOfSale" time="14.485"/>
  <system-out/>
  <testcase classname="testcases.TC_CIandCRM" name="testCIRefundOfSale" time="15.232"/>
  <system-out/>
  <testcase classname="testcases.TC_CIandCRM" name="testCIRefundOfSale" time="14.621"/>
  <system-out/>
  <testcase classname="testcases.TC_CIandCRM" name="testCIRefundOfSale" time="13.146"/>
  <system-out/>
  <testcase classname="testcases.TC_CIandCRM" name="testCIRefundOfSale" time="17.760"/>
  <system-out/>
  <testcase classname="testcases.TC_CIandCRM" name="testCIRefundOfSale" time="11.957"/>
  <system-out/>
  <testcase classname="testcases.TC_CIandCRM" name="testCIRefundOfSale" time="14.422"/>
  <system-out/>
  <testcase classname="testcases.TC_CIandCRM" name="testCIRefundOfSale" time="14.567"/>
  <system-out/>
  <testcase classname="testcases.TC_CIandCRM" name="testCIRefundOfSale" time="12.156"/>
  <system-out/>
  <testcase classname="testcases.TC_CIandCRM" name="testCIRefundOfSale" time="14.459"/>
  <system-out/>
  <testcase classname="testcases.TC_CIandCRM" name="testCIRefundOfSale" time="11.956"/>
  <system-out/>
  <testcase classname="testcases.TC_CIandCRM" name="testCIRefundOfSale" time="14.353"/>
  <system-out/>
  <testcase classname="testcases.TC_CIandCRM" name="testCIRefundOfSale" time="11.925"/>
  <system-out/>
  <testcase classname="testcases.TC_CIandCRM" name="testCIRefundOfSale" time="15.049"/>
  <system-out/>
  <testcase classname="testcases.TC_CIandCRM" name="testCIRefundOfSale" time="14.509"/>
  <system-out/>
  <testcase classname="testcases.TC_CIandCRM" name="testCIRefundOfSale" time="12.010"/>
  <system-out/>
  <testcase classname="testcases.TC_CIandCRM" name="testCIRefundOfSale" time="14.312"/>
  <system-out/>
  <testcase classname="testcases.TC_CIandCRM" name="testCIRefundOfSale" time="17.754"/>
  <system-out/>
  <testcase classname="testcases.TC_CIandCRM" name="testCIRefundOfSale" time="12.903"/>
  <system-out/>
  <testcase classname="testcases.TC_CIandCRM" name="testCIRefundOfSale" time="14.270"/>
  <system-out/>
  <testcase classname="testcases.TC_CIandCRM" name="testCIVoidOfSale" time="17.881"/>
  <system-out/>
  <testcase classname="testcases.TC_CIandCRM" name="testCIVoidOfSale" time="14.477"/>
  <system-out/>
  <testcase classname="testcases.TC_CIandCRM" name="testCIVoidOfSale" time="19.280"/>
  <system-out/>
  <testcase classname="testcases.TC_CIandCRM" name="testCIVoidOfSale" time="12.033"/>
  <system-out/>
  <testcase classname="testcases.TC_CIandCRM" name="testCIVoidOfSale" time="14.551"/>
  <system-out/>
  <testcase classname="testcases.TC_CIandCRM" name="testCIVoidOfSale" time="12.368"/>
  <system-out/>
  <testcase classname="testcases.TC_CIandCRM" name="testCIVoidOfSale" time="14.262"/>
  <system-out/>
  <testcase classname="testcases.TC_CIandCRM" name="testCIVoidOfSale" time="12.596"/>
  <system-out/>
  <testcase classname="testcases.TC_CIandCRM" name="testCIVoidOfSale" time="14.395"/>
  <system-out/>
  <testcase classname="testcases.TC_CIandCRM" name="testCIVoidOfSale" time="13.510"/>
  <system-out/>
  <testcase classname="testcases.TC_CIandCRM" name="testCIVoidOfSale" time="13.356"/>
  <system-out/>
  <testcase classname="testcases.TC_CIandCRM" name="testCIVoidOfSale" time="12.439"/>
  <system-out/>
  <testcase classname="testcases.TC_CIandCRM" name="testCIVoidOfSale" time="14.239"/>
  <system-out/>
  <testcase classname="testcases.TC_CIandCRM" name="testCIVoidOfSale" time="14.386"/>
  <system-out/>
  <testcase classname="testcases.TC_CIandCRM" name="testCIVoidOfSale" time="12.072"/>
  <system-out/>
  <testcase classname="testcases.TC_CIandCRM" name="testCIVoidOfSale" time="12.152"/>
  <system-out/>
  <testcase classname="testcases.TC_CIandCRM" name="testCIVoidOfSale" time="17.581"/>
  <system-out/>
  <testcase classname="testcases.TC_CIandCRM" name="testCIVoidOfSale" time="15.999"/>
  <system-out/>
  <testcase classname="testcases.TC_CIandCRM" name="testCIVoidOfSale" time="14.632"/>
  <system-out/>
  <testcase classname="testcases.TC_CIandCRM" name="testCIVoidOfSale" time="15.316"/>
  <system-out/>
  <testcase classname="testcases.TC_CIandCRM" name="testCIVoidOfSale" time="14.273"/>
  <system-out/>
  <testcase classname="testcases.TC_CIandCRM" name="testCIVoidOfSale" time="14.760"/>
  <system-out/>
  <testcase classname="testcases.TC_CIandCRM" name="testCIVoidOfSale" time="11.880"/>
  <system-out/>
  <testcase classname="testcases.TC_CIandCRM" name="testCIVoidOfSale" time="16.138"/>
  <system-out/>
  <testcase classname="testcases.TC_CIandCRM" name="testCIVoidOfSale" time="15.319"/>
  <system-out/>
  <testcase classname="testcases.TC_CIandCRM" name="testCIVoidOfSale" time="14.449"/>
  <system-out/>
  <testcase classname="testcases.TC_CIandCRM" name="testCIVoidOfSale" time="14.390"/>
  <system-out/>
  <testcase classname="testcases.TC_CIandCRM" name="testCIVoidOfSale" time="12.276"/>
  <system-out/>
  <testcase classname="testcases.TC_CIandCRM" name="testCIVoidOfSale" time="14.865"/>
  <system-out/>
  <testcase classname="testcases.TC_CIandCRM" name="testCIVoidOfSale" time="11.818"/>
  <system-out/>
  <testcase classname="testcases.TC_CIandCRM" name="testCIVoidOfSale" time="11.779"/>
  <system-out/>
  <testcase classname="testcases.TC_CIandCRM" name="testCIVoidOfSale" time="12.366"/>
  <system-out/>
  <testcase classname="testcases.TC_CIandCRM" name="testCIVoidOfSale" time="11.943"/>
  <system-out/>
  <testcase classname="testcases.TC_CIandCRM" name="testCIVoidOfSale" time="14.594"/>
  <system-out/>
  <testcase classname="testcases.TC_CIandCRM" name="testCIVoidOfSale" time="14.248"/>
  <system-out/>
  <testcase classname="testcases.TC_CIandCRM" name="testCIVoidOfSale" time="11.877"/>
  <system-out/>
  <testcase classname="testcases.TC_CIandCRM" name="testCIVoidOfSale" time="14.396"/>
  <system-out/>
  <testcase classname="testcases.TC_CIandCRM" name="testCIVoidOfSale" time="14.309"/>
  <system-out/>
  <testcase classname="testcases.TC_CIandCRM" name="testCIVoidOfSale" time="14.634"/>
  <system-out/>
  <testcase classname="testcases.TC_CIandCRM" name="testCIVoidOfSale" time="14.316"/>
  <system-out/>
  <testcase classname="testcases.TC_CIandCRM" name="testCIVoidOfSale" time="15.472"/>
  <system-out/>
  <testcase classname="testcases.TC_CIandCRM" name="testCIVoidOfSale" time="14.165"/>
  <system-out/>
  <testcase classname="testcases.TC_CIandCRM" name="testCIVoidOfSale" time="14.461"/>
  <system-out/>
  <testcase classname="testcases.TC_CIandCRM" name="testCIVoidOfSale" time="14.432"/>
  <system-out/>
  <testcase classname="testcases.TC_CIandCRM" name="testCIVoidOfSale" time="12.818"/>
  <system-out/>
  <testcase classname="testcases.TC_CIandCRM" name="testCIVoidOfSale" time="14.151"/>
  <system-out/>
  <testcase classname="testcases.TC_CIandCRM" name="testCIVoidOfSale" time="14.473"/>
  <system-out/>
  <testcase classname="testcases.TC_CIandCRM" name="testCIVoidOfSale" time="15.431"/>
  <system-out/>
  <testcase classname="testcases.TC_CIandCRM" name="testCIVoidOfSale" time="15.540"/>
  <system-out/>
  <testcase classname="testcases.TC_CIandCRM" name="testCIVoidOfSale" time="17.559"/>
  <system-out/>
  <testcase classname="testcases.TC_CIandCRM" name="testCIVoidOfRefundwithoutsale" time="16.149"/>
  <system-out/>
  <testcase classname="testcases.TC_CIandCRM" name="testCIVoidOfRefundwithoutsale" time="12.005"/>
  <system-out/>
  <testcase classname="testcases.TC_CIandCRM" name="testCIVoidOfRefundwithoutsale" time="14.262"/>
  <system-out/>
  <testcase classname="testcases.TC_CIandCRM" name="testCIVoidOfRefundwithoutsale" time="16.185"/>
  <system-out/>
  <testcase classname="testcases.TC_CIandCRM" name="testCIVoidOfRefundwithoutsale" time="14.171"/>
  <system-out/>
  <testcase classname="testcases.TC_CIandCRM" name="testCIVoidOfRefundwithoutsale" time="15.163"/>
  <system-out/>
  <testcase classname="testcases.TC_CIandCRM" name="testCIVoidOfRefundwithoutsale" time="14.553"/>
  <system-out/>
  <testcase classname="testcases.TC_CIandCRM" name="testCIVoidOfRefundwithoutsale" time="14.131"/>
  <system-out/>
  <testcase classname="testcases.TC_CIandCRM" name="testCIVoidOfRefundwithoutsale" time="16.810"/>
  <system-out/>
  <testcase classname="testcases.TC_CIandCRM" name="testCIVoidOfRefundwithoutsale" time="13.946"/>
  <system-out/>
  <testcase classname="testcases.TC_CIandCRM" name="testCIVoidOfRefundwithoutsale" time="14.061"/>
  <system-out/>
  <testcase classname="testcases.TC_CIandCRM" name="testCIVoidOfRefundwithoutsale" time="12.077"/>
  <system-out/>
  <testcase classname="testcases.TC_CIandCRM" name="testCIVoidOfRefundwithoutsale" time="15.669"/>
  <system-out/>
  <testcase classname="testcases.TC_CIandCRM" name="testCIVoidOfRefundwithoutsale" time="16.668"/>
  <system-out/>
  <testcase classname="testcases.TC_CIandCRM" name="testCIVoidOfRefundwithoutsale" time="15.318"/>
  <system-out/>
  <testcase classname="testcases.TC_CIandCRM" name="testCIVoidOfRefundwithoutsale" time="15.396"/>
  <system-out/>
  <testcase classname="testcases.TC_CIandCRM" name="testCIVoidOfRefundwithoutsale" time="11.831"/>
  <system-out/>
  <testcase classname="testcases.TC_CIandCRM" name="testCIVoidOfRefundwithoutsale" time="14.438"/>
  <system-out/>
  <testcase classname="testcases.TC_CIandCRM" name="testCIVoidOfRefundwithoutsale" time="14.270"/>
  <system-out/>
  <testcase classname="testcases.TC_CIandCRM" name="testCIVoidOfRefundwithoutsale" time="14.355"/>
  <system-out/>
  <testcase classname="testcases.TC_CIandCRM" name="testCIVoidOfRefundwithoutsale" time="12.427"/>
  <system-out/>
  <testcase classname="testcases.TC_CIandCRM" name="testCIVoidOfRefundwithoutsale" time="13.943"/>
  <system-out/>
  <testcase classname="testcases.TC_CIandCRM" name="testCIVoidOfRefundwithoutsale" time="14.393"/>
  <system-out/>
  <testcase classname="testcases.TC_CIandCRM" name="testCIVoidOfRefundwithoutsale" time="14.221"/>
  <system-out/>
  <testcase classname="testcases.TC_CIandCRM" name="testCIVoidOfRefundwithoutsale" time="14.657"/>
  <system-out/>
  <testcase classname="testcases.TC_CIandCRM" name="testCIVoidOfRefundwithoutsale" time="17.463"/>
  <system-out/>
  <testcase classname="testcases.TC_CIandCRM" name="testCIVoidOfRefundwithoutsale" time="14.297"/>
  <system-out/>
  <testcase classname="testcases.TC_CIandCRM" name="testCIVoidOfRefundwithoutsale" time="14.421"/>
  <system-out/>
  <testcase classname="testcases.TC_CIandCRM" name="testCIVoidOfRefundwithoutsale" time="16.148"/>
  <system-out/>
  <testcase classname="testcases.TC_CIandCRM" name="testCIVoidOfRefundwithoutsale" time="14.460"/>
  <system-out/>
  <testcase classname="testcases.TC_CIandCRM" name="testCIVoidOfRefundwithoutsale" time="14.800"/>
  <system-out/>
  <testcase classname="testcases.TC_CIandCRM" name="testCIVoidOfRefundwithoutsale" time="14.449"/>
  <system-out/>
  <testcase classname="testcases.TC_CIandCRM" name="testCIVoidOfRefundwithoutsale" time="12.191"/>
  <system-out/>
  <testcase classname="testcases.TC_CIandCRM" name="testCIVoidOfRefundwithoutsale" time="14.373"/>
  <system-out/>
  <testcase classname="testcases.TC_CIandCRM" name="testCIVoidOfRefundwithoutsale" time="14.235"/>
  <system-out/>
  <testcase classname="testcases.TC_CIandCRM" name="testCIVoidOfRefundwithoutsale" time="15.601"/>
  <system-out/>
  <testcase classname="testcases.TC_CIandCRM" name="testCIVoidOfRefundwithoutsale" time="14.507"/>
  <system-out/>
  <testcase classname="testcases.TC_CIandCRM" name="testCIVoidOfRefundwithoutsale" time="11.969"/>
  <system-out/>
  <testcase classname="testcases.TC_CIandCRM" name="testCIVoidOfRefundwithoutsale" time="14.336"/>
  <system-out/>
  <testcase classname="testcases.TC_CIandCRM" name="testCIVoidOfRefundwithoutsale" time="14.462"/>
  <system-out/>
  <testcase classname="testcases.TC_CIandCRM" name="testCIVoidOfRefundwithoutsale" time="17.027"/>
  <system-out/>
  <testcase classname="testcases.TC_CIandCRM" name="testCIVoidOfRefundwithoutsale" time="17.600"/>
  <system-out/>
  <testcase classname="testcases.TC_CIandCRM" name="testCIVoidOfRefundwithoutsale" time="14.424"/>
  <system-out/>
  <testcase classname="testcases.TC_CIandCRM" name="testCIVoidOfRefundwithoutsale" time="12.188"/>
  <system-out/>
  <testcase classname="testcases.TC_CIandCRM" name="testCIVoidOfRefundwithoutsale" time="12.063"/>
  <system-out/>
  <testcase classname="testcases.TC_CIandCRM" name="testCIVoidOfRefundwithoutsale" time="14.274"/>
  <system-out/>
  <testcase classname="testcases.TC_CIandCRM" name="testCIVoidOfRefundwithoutsale" time="14.257"/>
  <system-out/>
  <testcase classname="testcases.TC_CIandCRM" name="testCIVoidOfRefundwithoutsale" time="11.934"/>
  <system-out/>
  <testcase classname="testcases.TC_CIandCRM" name="testCIVoidOfRefundwithoutsale" time="11.958"/>
  <system-out/>
  <testcase classname="testcases.TC_CIandCRM" name="testCIVoidOfRefundwithoutsale" time="18.466"/>
  <system-out/>
  <testcase classname="testcases.TC_CIandCRM" name="testCRMRefundOfSale" time="11.931"/>
  <system-out/>
  <testcase classname="testcases.TC_CIandCRM" name="testCRMRefundOfSale" time="9.849"/>
  <system-out/>
  <testcase classname="testcases.TC_CIandCRM" name="testCRMRefundOfSale" time="11.640"/>
  <system-out/>
  <testcase classname="testcases.TC_CIandCRM" name="testCRMRefundOfSale" time="12.695"/>
  <system-out/>
  <testcase classname="testcases.TC_CIandCRM" name="testCRMRefundOfSale" time="10.278"/>
  <system-out/>
  <testcase classname="testcases.TC_CIandCRM" name="testCRMRefundOfSale" time="9.142"/>
  <system-out/>
  <testcase classname="testcases.TC_CIandCRM" name="testCRMRefundOfSale" time="15.060"/>
  <system-out/>
  <testcase classname="testcases.TC_CIandCRM" name="testCRMRefundOfSale" time="9.373"/>
  <system-out/>
  <testcase classname="testcases.TC_CIandCRM" name="testCRMRefundOfSale" time="13.703"/>
  <system-out/>
  <testcase classname="testcases.TC_CIandCRM" name="testCRMRefundOfSale" time="11.945"/>
  <system-out/>
  <testcase classname="testcases.TC_CIandCRM" name="testCRMRefundOfSale" time="10.250"/>
  <system-out/>
  <testcase classname="testcases.TC_CIandCRM" name="testCRMRefundOfSale" time="11.942"/>
  <system-out/>
  <testcase classname="testcases.TC_CIandCRM" name="testCRMRefundOfSale" time="9.990"/>
  <system-out/>
  <testcase classname="testcases.TC_CIandCRM" name="testCRMRefundOfSale" time="10.123"/>
  <system-out/>
  <testcase classname="testcases.TC_CIandCRM" name="testCRMRefundOfSale" time="12.151"/>
  <system-out/>
  <testcase classname="testcases.TC_CIandCRM" name="testCRMRefundOfSale" time="12.314"/>
  <system-out/>
  <testcase classname="testcases.TC_CIandCRM" name="testCRMRefundOfSale" time="11.711"/>
  <system-out/>
  <testcase classname="testcases.TC_CIandCRM" name="testCRMRefundOfSale" time="11.801"/>
  <system-out/>
  <testcase classname="testcases.TC_CIandCRM" name="testCRMRefundOfSale" time="11.695"/>
  <system-out/>
  <testcase classname="testcases.TC_CIandCRM" name="testCRMRefundOfSale" time="11.785"/>
  <system-out/>
  <testcase classname="testcases.TC_CIandCRM" name="testCRMRefundOfSale" time="11.884"/>
  <system-out/>
  <testcase classname="testcases.TC_CIandCRM" name="testCRMRefundOfSale" time="11.656"/>
  <system-out/>
  <testcase classname="testcases.TC_CIandCRM" name="testCRMRefundOfSale" time="11.639"/>
  <system-out/>
  <testcase classname="testcases.TC_CIandCRM" name="testCRMRefundOfSale" time="13.474"/>
  <system-out/>
  <testcase classname="testcases.TC_CIandCRM" name="testCRMRefundOfSale" time="12.359"/>
  <system-out/>
  <testcase classname="testcases.TC_CIandCRM" name="testCRMRefundOfSale" time="11.804"/>
  <system-out/>
  <testcase classname="testcases.TC_CIandCRM" name="testCRMRefundOfSale" time="11.873"/>
  <system-out/>
  <testcase classname="testcases.TC_CIandCRM" name="testCRMRefundOfSale" time="11.915"/>
  <system-out/>
  <testcase classname="testcases.TC_CIandCRM" name="testCRMRefundOfSale" time="12.496"/>
  <system-out/>
  <testcase classname="testcases.TC_CIandCRM" name="testCRMRefundOfSale" time="9.338"/>
  <system-out/>
  <testcase classname="testcases.TC_CIandCRM" name="testCRMRefundOfSale" time="11.872"/>
  <system-out/>
  <testcase classname="testcases.TC_CIandCRM" name="testCRMRefundOfSale" time="14.340"/>
  <system-out/>
  <testcase classname="testcases.TC_CIandCRM" name="testCRMRefundOfSale" time="13.028"/>
  <system-out/>
  <testcase classname="testcases.TC_CIandCRM" name="testCRMRefundOfSale" time="9.789"/>
  <system-out/>
  <testcase classname="testcases.TC_CIandCRM" name="testCRMRefundOfSale" time="16.011"/>
  <system-out/>
  <testcase classname="testcases.TC_CIandCRM" name="testCRMRefundOfSale" time="9.770"/>
  <system-out/>
  <testcase classname="testcases.TC_CIandCRM" name="testCRMRefundOfSale" time="10.134"/>
  <system-out/>
  <testcase classname="testcases.TC_CIandCRM" name="testCRMRefundOfSale" time="12.130"/>
  <system-out/>
  <testcase classname="testcases.TC_CIandCRM" name="testCRMRefundOfSale" time="15.033"/>
  <system-out/>
  <testcase classname="testcases.TC_CIandCRM" name="testCRMRefundOfSale" time="13.246"/>
  <system-out/>
  <testcase classname="testcases.TC_CIandCRM" name="testCRMRefundOfSale" time="11.521"/>
  <system-out/>
  <testcase classname="testcases.TC_CIandCRM" name="testCRMRefundOfSale" time="11.680"/>
  <system-out/>
  <testcase classname="testcases.TC_CIandCRM" name="testCRMRefundOfSale" time="9.216"/>
  <system-out/>
  <testcase classname="testcases.TC_CIandCRM" name="testCRMRefundOfSale" time="11.705"/>
  <system-out/>
  <testcase classname="testcases.TC_CIandCRM" name="testCRMRefundOfSale" time="9.715"/>
  <system-out/>
  <testcase classname="testcases.TC_CIandCRM" name="testCRMRefundOfSale" time="15.124"/>
  <system-out/>
  <testcase classname="testcases.TC_CIandCRM" name="testCRMRefundOfSale" time="11.819"/>
  <system-out/>
  <testcase classname="testcases.TC_CIandCRM" name="testCRMRefundOfSale" time="12.063"/>
  <system-out/>
  <testcase classname="testcases.TC_CIandCRM" name="testCRMRefundOfSale" time="10.042"/>
  <system-out/>
  <testcase classname="testcases.TC_CIandCRM" name="testCRMRefundOfSale" time="11.658"/>
  <system-out/>
  <testcase classname="testcases.TC_CIandCRM" name="testCRMVoidOfSale" time="9.489"/>
  <system-out/>
  <testcase classname="testcases.TC_CIandCRM" name="testCRMVoidOfSale" time="11.572"/>
  <system-out/>
  <testcase classname="testcases.TC_CIandCRM" name="testCRMVoidOfSale" time="11.675"/>
  <system-out/>
  <testcase classname="testcases.TC_CIandCRM" name="testCRMVoidOfSale" time="11.733"/>
  <system-out/>
  <testcase classname="testcases.TC_CIandCRM" name="testCRMVoidOfSale" time="11.891"/>
  <system-out/>
  <testcase classname="testcases.TC_CIandCRM" name="testCRMVoidOfSale" time="11.833"/>
  <system-out/>
  <testcase classname="testcases.TC_CIandCRM" name="testCRMVoidOfSale" time="11.705"/>
  <system-out/>
  <testcase classname="testcases.TC_CIandCRM" name="testCRMVoidOfSale" time="12.165"/>
  <system-out/>
  <testcase classname="testcases.TC_CIandCRM" name="testCRMVoidOfSale" time="9.544"/>
  <system-out/>
  <testcase classname="testcases.TC_CIandCRM" name="testCRMVoidOfSale" time="9.330"/>
  <system-out/>
  <testcase classname="testcases.TC_CIandCRM" name="testCRMVoidOfSale" time="10.176"/>
  <system-out/>
  <testcase classname="testcases.TC_CIandCRM" name="testCRMVoidOfSale" time="9.265"/>
  <system-out/>
  <testcase classname="testcases.TC_CIandCRM" name="testCRMVoidOfSale" time="12.184"/>
  <system-out/>
  <testcase classname="testcases.TC_CIandCRM" name="testCRMVoidOfSale" time="11.598"/>
  <system-out/>
  <testcase classname="testcases.TC_CIandCRM" name="testCRMVoidOfSale" time="11.640"/>
  <system-out/>
  <testcase classname="testcases.TC_CIandCRM" name="testCRMVoidOfSale" time="12.047"/>
  <system-out/>
  <testcase classname="testcases.TC_CIandCRM" name="testCRMVoidOfSale" time="10.202"/>
  <system-out/>
  <testcase classname="testcases.TC_CIandCRM" name="testCRMVoidOfSale" time="11.485"/>
  <system-out/>
  <testcase classname="testcases.TC_CIandCRM" name="testCRMVoidOfSale" time="12.249"/>
  <system-out/>
  <testcase classname="testcases.TC_CIandCRM" name="testCRMVoidOfSale" time="11.630"/>
  <system-out/>
  <testcase classname="testcases.TC_CIandCRM" name="testCRMVoidOfSale" time="11.728"/>
  <system-out/>
  <testcase classname="testcases.TC_CIandCRM" name="testCRMVoidOfSale" time="10.024"/>
  <system-out/>
  <testcase classname="testcases.TC_CIandCRM" name="testCRMVoidOfSale" time="11.697"/>
  <system-out/>
  <testcase classname="testcases.TC_CIandCRM" name="testCRMVoidOfSale" time="12.101"/>
  <system-out/>
  <testcase classname="testcases.TC_CIandCRM" name="testCRMVoidOfSale" time="9.180"/>
  <system-out/>
  <testcase classname="testcases.TC_CIandCRM" name="testCRMVoidOfSale" time="12.075"/>
  <system-out/>
  <testcase classname="testcases.TC_CIandCRM" name="testCRMVoidOfSale" time="9.378"/>
  <system-out/>
  <testcase classname="testcases.TC_CIandCRM" name="testCRMVoidOfSale" time="12.418"/>
  <system-out/>
  <testcase classname="testcases.TC_CIandCRM" name="testCRMVoidOfSale" time="9.300"/>
  <system-out/>
  <testcase classname="testcases.TC_CIandCRM" name="testCRMVoidOfSale" time="12.015"/>
  <system-out/>
  <testcase classname="testcases.TC_CIandCRM" name="testCRMVoidOfSale" time="9.932"/>
  <system-out/>
  <testcase classname="testcases.TC_CIandCRM" name="testCRMVoidOfSale" time="11.619"/>
  <system-out/>
  <testcase classname="testcases.TC_CIandCRM" name="testCRMVoidOfSale" time="11.845"/>
  <system-out/>
  <testcase classname="testcases.TC_CIandCRM" name="testCRMVoidOfSale" time="13.152"/>
  <system-out/>
  <testcase classname="testcases.TC_CIandCRM" name="testCRMVoidOfSale" time="12.523"/>
  <system-out/>
  <testcase classname="testcases.TC_CIandCRM" name="testCRMVoidOfSale" time="11.576"/>
  <system-out/>
  <testcase classname="testcases.TC_CIandCRM" name="testCRMVoidOfSale" time="14.790"/>
  <system-out/>
  <testcase classname="testcases.TC_CIandCRM" name="testCRMVoidOfSale" time="11.855"/>
  <system-out/>
  <testcase classname="testcases.TC_CIandCRM" name="testCRMVoidOfSale" time="11.939"/>
  <system-out/>
  <testcase classname="testcases.TC_CIandCRM" name="testCRMVoidOfSale" time="10.032"/>
  <system-out/>
  <testcase classname="testcases.TC_CIandCRM" name="testCRMVoidOfSale" time="11.725"/>
  <system-out/>
  <testcase classname="testcases.TC_CIandCRM" name="testCRMVoidOfSale" time="9.350"/>
  <system-out/>
  <testcase classname="testcases.TC_CIandCRM" name="testCRMVoidOfSale" time="14.108"/>
  <system-out/>
  <testcase classname="testcases.TC_CIandCRM" name="testCRMVoidOfSale" time="12.663"/>
  <system-out/>
  <testcase classname="testcases.TC_CIandCRM" name="testCRMVoidOfSale" time="12.662"/>
  <system-out/>
  <testcase classname="testcases.TC_CIandCRM" name="testCRMVoidOfSale" time="12.768"/>
  <system-out/>
  <testcase classname="testcases.TC_CIandCRM" name="testCRMVoidOfSale" time="13.467"/>
  <system-out/>
  <testcase classname="testcases.TC_CIandCRM" name="testCRMVoidOfSale" time="11.622"/>
  <system-out/>
  <testcase classname="testcases.TC_CIandCRM" name="testCRMVoidOfSale" time="12.779"/>
  <system-out/>
  <testcase classname="testcases.TC_CIandCRM" name="testCRMVoidOfSale" time="13.784"/>
  <system-out/>
  <testcase classname="testcases.TC_CIandCRM" name="testCRMVoidOfRefundwithoutsale" time="11.824"/>
  <system-out/>
  <testcase classname="testcases.TC_CIandCRM" name="testCRMVoidOfRefundwithoutsale" time="11.442"/>
  <system-out/>
  <testcase classname="testcases.TC_CIandCRM" name="testCRMVoidOfRefundwithoutsale" time="9.445"/>
  <system-out/>
  <testcase classname="testcases.TC_CIandCRM" name="testCRMVoidOfRefundwithoutsale" time="9.163"/>
  <system-out/>
  <testcase classname="testcases.TC_CIandCRM" name="testCRMVoidOfRefundwithoutsale" time="9.077"/>
  <system-out/>
  <testcase classname="testcases.TC_CIandCRM" name="testCRMVoidOfRefundwithoutsale" time="11.668"/>
  <system-out/>
  <testcase classname="testcases.TC_CIandCRM" name="testCRMVoidOfRefundwithoutsale" time="13.030"/>
  <system-out/>
  <testcase classname="testcases.TC_CIandCRM" name="testCRMVoidOfRefundwithoutsale" time="12.727"/>
  <system-out/>
  <testcase classname="testcases.TC_CIandCRM" name="testCRMVoidOfRefundwithoutsale" time="9.285"/>
  <system-out/>
  <testcase classname="testcases.TC_CIandCRM" name="testCRMVoidOfRefundwithoutsale" time="11.885"/>
  <system-out/>
  <testcase classname="testcases.TC_CIandCRM" name="testCRMVoidOfRefundwithoutsale" time="10.038"/>
  <system-out/>
  <testcase classname="testcases.TC_CIandCRM" name="testCRMVoidOfRefundwithoutsale" time="11.959"/>
  <system-out/>
  <testcase classname="testcases.TC_CIandCRM" name="testCRMVoidOfRefundwithoutsale" time="9.290"/>
  <system-out/>
  <testcase classname="testcases.TC_CIandCRM" name="testCRMVoidOfRefundwithoutsale" time="9.188"/>
  <system-out/>
  <testcase classname="testcases.TC_CIandCRM" name="testCRMVoidOfRefundwithoutsale" time="13.265"/>
  <system-out/>
  <testcase classname="testcases.TC_CIandCRM" name="testCRMVoidOfRefundwithoutsale" time="14.958"/>
  <system-out/>
  <testcase classname="testcases.TC_CIandCRM" name="testCRMVoidOfRefundwithoutsale" time="11.838"/>
  <system-out/>
  <testcase classname="testcases.TC_CIandCRM" name="testCRMVoidOfRefundwithoutsale" time="11.739"/>
  <system-out/>
  <testcase classname="testcases.TC_CIandCRM" name="testCRMVoidOfRefundwithoutsale" time="11.748"/>
  <system-out/>
  <testcase classname="testcases.TC_CIandCRM" name="testCRMVoidOfRefundwithoutsale" time="9.800"/>
  <system-out/>
  <testcase classname="testcases.TC_CIandCRM" name="testCRMVoidOfRefundwithoutsale" time="9.230"/>
  <system-out/>
  <testcase classname="testcases.TC_CIandCRM" name="testCRMVoidOfRefundwithoutsale" time="13.044"/>
  <system-out/>
  <testcase classname="testcases.TC_CIandCRM" name="testCRMVoidOfRefundwithoutsale" time="15.140"/>
  <system-out/>
  <testcase classname="testcases.TC_CIandCRM" name="testCRMVoidOfRefundwithoutsale" time="9.489"/>
  <system-out/>
  <testcase classname="testcases.TC_CIandCRM" name="testCRMVoidOfRefundwithoutsale" time="11.680"/>
  <system-out/>
  <testcase classname="testcases.TC_CIandCRM" name="testCRMVoidOfRefundwithoutsale" time="11.533"/>
  <system-out/>
  <testcase classname="testcases.TC_CIandCRM" name="testCRMVoidOfRefundwithoutsale" time="11.732"/>
  <system-out/>
  <testcase classname="testcases.TC_CIandCRM" name="testCRMVoidOfRefundwithoutsale" time="11.516"/>
  <system-out/>
  <testcase classname="testcases.TC_CIandCRM" name="testCRMVoidOfRefundwithoutsale" time="12.524"/>
  <system-out/>
  <testcase classname="testcases.TC_CIandCRM" name="testCRMVoidOfRefundwithoutsale" time="11.593"/>
  <system-out/>
  <testcase classname="testcases.TC_CIandCRM" name="testCRMVoidOfRefundwithoutsale" time="12.089"/>
  <system-out/>
  <testcase classname="testcases.TC_CIandCRM" name="testCRMVoidOfRefundwithoutsale" time="11.553"/>
  <system-out/>
  <testcase classname="testcases.TC_CIandCRM" name="testCRMVoidOfRefundwithoutsale" time="12.759"/>
  <system-out/>
  <testcase classname="testcases.TC_CIandCRM" name="testCRMVoidOfRefundwithoutsale" time="12.068"/>
  <system-out/>
  <testcase classname="testcases.TC_CIandCRM" name="testCRMVoidOfRefundwithoutsale" time="11.817"/>
  <system-out/>
  <testcase classname="testcases.TC_CIandCRM" name="testCRMVoidOfRefundwithoutsale" time="11.733"/>
  <system-out/>
  <testcase classname="testcases.TC_CIandCRM" name="testCRMVoidOfRefundwithoutsale" time="11.757"/>
  <system-out/>
  <testcase classname="testcases.TC_CIandCRM" name="testCRMVoidOfRefundwithoutsale" time="9.336"/>
  <system-out/>
  <testcase classname="testcases.TC_CIandCRM" name="testCRMVoidOfRefundwithoutsale" time="14.413"/>
  <system-out/>
  <testcase classname="testcases.TC_CIandCRM" name="testCRMVoidOfRefundwithoutsale" time="12.402"/>
  <system-out/>
  <testcase classname="testcases.TC_CIandCRM" name="testCRMVoidOfRefundwithoutsale" time="12.721"/>
  <system-out/>
  <testcase classname="testcases.TC_CIandCRM" name="testCRMVoidOfRefundwithoutsale" time="11.759"/>
  <system-out/>
  <testcase classname="testcases.TC_CIandCRM" name="testCRMVoidOfRefundwithoutsale" time="12.608"/>
  <system-out/>
  <testcase classname="testcases.TC_CIandCRM" name="testCRMVoidOfRefundwithoutsale" time="13.756"/>
  <system-out/>
  <testcase classname="testcases.TC_CIandCRM" name="testCRMVoidOfRefundwithoutsale" time="14.671"/>
  <system-out/>
  <testcase classname="testcases.TC_CIandCRM" name="testCRMVoidOfRefundwithoutsale" time="12.007"/>
  <system-out/>
  <testcase classname="testcases.TC_CIandCRM" name="testCRMVoidOfRefundwithoutsale" time="13.004"/>
  <system-out/>
  <testcase classname="testcases.TC_CIandCRM" name="testCRMVoidOfRefundwithoutsale" time="11.462"/>
  <system-out/>
  <testcase classname="testcases.TC_CIandCRM" name="testCRMVoidOfRefundwithoutsale" time="12.921"/>
  <system-out/>
  <testcase classname="testcases.TC_CIandCRM" name="testCRMVoidOfRefundwithoutsale" time="9.468"/>
  <system-out/>
</testsuite> <!-- testcases.TC_CIandCRM -->
