<?xml version="1.0" encoding="UTF-8"?>
<!-- Generated by org.testng.reporters.JUnitReportReporter -->
<testsuite hostname="gkillare-win87" failures="0" tests="1" name="requestbuilder.test" time="0.099" errors="0" timestamp="2024-12-02T13:16:09 IST" skipped="0">
  <testcase classname="requestbuilder.test" name="tesrt" time="0.099"/>
  <system-out/>
</testsuite> <!-- requestbuilder.test -->
