<?xml version="1.0" encoding="UTF-8"?>
<!-- Generated by org.testng.reporters.JUnitReportReporter -->
<testsuite hostname="gkillare-win87" failures="0" tests="15" name="requestbuilder.test" time="0.306" errors="0" timestamp="2024-08-01T15:26:40 IST" skipped="0">
  <testcase classname="requestbuilder.test" name="testRequest" time="0.008"/>
  <system-out/>
  <testcase classname="requestbuilder.test" name="testRequest" time="0.017"/>
  <system-out/>
  <testcase classname="requestbuilder.test" name="testRequest" time="0.021"/>
  <system-out/>
  <testcase classname="requestbuilder.test" name="testRequest" time="0.019"/>
  <system-out/>
  <testcase classname="requestbuilder.test" name="testRequest" time="0.010"/>
  <system-out/>
  <testcase classname="requestbuilder.test" name="testRequest" time="0.018"/>
  <system-out/>
  <testcase classname="requestbuilder.test" name="testRequest" time="0.012"/>
  <system-out/>
  <testcase classname="requestbuilder.test" name="testRequest" time="0.010"/>
  <system-out/>
  <testcase classname="requestbuilder.test" name="testRequest" time="0.011"/>
  <system-out/>
  <testcase classname="requestbuilder.test" name="testRequest" time="0.124"/>
  <system-out/>
  <testcase classname="requestbuilder.test" name="testRequest" time="0.013"/>
  <system-out/>
  <testcase classname="requestbuilder.test" name="testRequest" time="0.015"/>
  <system-out/>
  <testcase classname="requestbuilder.test" name="testRequest" time="0.008"/>
  <system-out/>
  <testcase classname="requestbuilder.test" name="testRequest" time="0.010"/>
  <system-out/>
  <testcase classname="requestbuilder.test" name="testRequest" time="0.010"/>
  <system-out/>
</testsuite> <!-- requestbuilder.test -->
