<?xml version="1.0" encoding="UTF-8"?>
<!-- Generated by org.testng.reporters.JUnitReportReporter -->
<testsuite hostname="gkillare-win87" failures="0" tests="48" name="mtestcases.TC_Gift_Activation" time="277.284" errors="0" timestamp="2024-12-04T13:14:03 IST" skipped="0">
  <testcase classname="mtestcases.TC_Gift_Activation" name="test_Gift" time="5.117"/>
  <system-out/>
  <testcase classname="mtestcases.TC_Gift_Activation" name="test_Gift" time="8.038"/>
  <system-out/>
  <testcase classname="mtestcases.TC_Gift_Activation" name="test_Gift" time="7.918"/>
  <system-out/>
  <testcase classname="mtestcases.TC_Gift_Activation" name="test_Gift" time="4.933"/>
  <system-out/>
  <testcase classname="mtestcases.TC_Gift_Activation" name="test_Gift" time="4.846"/>
  <system-out/>
  <testcase classname="mtestcases.TC_Gift_Activation" name="test_Gift" time="7.580"/>
  <system-out/>
  <testcase classname="mtestcases.TC_Gift_Activation" name="test_Gift" time="5.081"/>
  <system-out/>
  <testcase classname="mtestcases.TC_Gift_Activation" name="test_Gift" time="8.198"/>
  <system-out/>
  <testcase classname="mtestcases.TC_Gift_Activation" name="test_Gift" time="4.597"/>
  <system-out/>
  <testcase classname="mtestcases.TC_Gift_Activation" name="test_Gift" time="3.600"/>
  <system-out/>
  <testcase classname="mtestcases.TC_Gift_Activation" name="test_Gift" time="4.694"/>
  <system-out/>
  <testcase classname="mtestcases.TC_Gift_Activation" name="test_Gift" time="4.996"/>
  <system-out/>
  <testcase classname="mtestcases.TC_Gift_Activation" name="test_Gift" time="4.776"/>
  <system-out/>
  <testcase classname="mtestcases.TC_Gift_Activation" name="test_Gift" time="8.006"/>
  <system-out/>
  <testcase classname="mtestcases.TC_Gift_Activation" name="test_Gift" time="8.075"/>
  <system-out/>
  <testcase classname="mtestcases.TC_Gift_Activation" name="test_Gift" time="4.674"/>
  <system-out/>
  <testcase classname="mtestcases.TC_Gift_Activation" name="test_Gift" time="5.029"/>
  <system-out/>
  <testcase classname="mtestcases.TC_Gift_Activation" name="test_Gift" time="4.634"/>
  <system-out/>
  <testcase classname="mtestcases.TC_Gift_Activation" name="test_Gift" time="7.901"/>
  <system-out/>
  <testcase classname="mtestcases.TC_Gift_Activation" name="test_Gift" time="4.804"/>
  <system-out/>
  <testcase classname="mtestcases.TC_Gift_Activation" name="test_Gift" time="4.652"/>
  <system-out/>
  <testcase classname="mtestcases.TC_Gift_Activation" name="test_Gift" time="5.026"/>
  <system-out/>
  <testcase classname="mtestcases.TC_Gift_Activation" name="test_Gift" time="5.614"/>
  <system-out/>
  <testcase classname="mtestcases.TC_Gift_Activation" name="test_Gift" time="4.752"/>
  <system-out/>
  <testcase classname="mtestcases.TC_Gift_Activation" name="test_Gift" time="7.718"/>
  <system-out/>
  <testcase classname="mtestcases.TC_Gift_Activation" name="test_Gift" time="4.730"/>
  <system-out/>
  <testcase classname="mtestcases.TC_Gift_Activation" name="test_Gift" time="7.901"/>
  <system-out/>
  <testcase classname="mtestcases.TC_Gift_Activation" name="test_Gift" time="8.132"/>
  <system-out/>
  <testcase classname="mtestcases.TC_Gift_Activation" name="test_Gift" time="4.841"/>
  <system-out/>
  <testcase classname="mtestcases.TC_Gift_Activation" name="test_Gift" time="8.121"/>
  <system-out/>
  <testcase classname="mtestcases.TC_Gift_Activation" name="test_Gift" time="4.493"/>
  <system-out/>
  <testcase classname="mtestcases.TC_Gift_Activation" name="test_Gift" time="4.648"/>
  <system-out/>
  <testcase classname="mtestcases.TC_Gift_Activation" name="test_Gift" time="4.852"/>
  <system-out/>
  <testcase classname="mtestcases.TC_Gift_Activation" name="test_Gift" time="4.511"/>
  <system-out/>
  <testcase classname="mtestcases.TC_Gift_Activation" name="test_Gift" time="8.070"/>
  <system-out/>
  <testcase classname="mtestcases.TC_Gift_Activation" name="test_Gift" time="4.748"/>
  <system-out/>
  <testcase classname="mtestcases.TC_Gift_Activation" name="test_Gift" time="4.904"/>
  <system-out/>
  <testcase classname="mtestcases.TC_Gift_Activation" name="test_Gift" time="4.748"/>
  <system-out/>
  <testcase classname="mtestcases.TC_Gift_Activation" name="test_Gift" time="4.954"/>
  <system-out/>
  <testcase classname="mtestcases.TC_Gift_Activation" name="test_Gift" time="4.988"/>
  <system-out/>
  <testcase classname="mtestcases.TC_Gift_Activation" name="test_Gift" time="4.608"/>
  <system-out/>
  <testcase classname="mtestcases.TC_Gift_Activation" name="test_Gift" time="7.961"/>
  <system-out/>
  <testcase classname="mtestcases.TC_Gift_Activation" name="test_Gift" time="4.743"/>
  <system-out/>
  <testcase classname="mtestcases.TC_Gift_Activation" name="test_Gift" time="4.778"/>
  <system-out/>
  <testcase classname="mtestcases.TC_Gift_Activation" name="test_Gift" time="4.842"/>
  <system-out/>
  <testcase classname="mtestcases.TC_Gift_Activation" name="test_Gift" time="4.754"/>
  <system-out/>
  <testcase classname="mtestcases.TC_Gift_Activation" name="test_Gift" time="7.857"/>
  <system-out/>
  <testcase classname="mtestcases.TC_Gift_Activation" name="test_Gift" time="7.841"/>
  <system-out/>
</testsuite> <!-- mtestcases.TC_Gift_Activation -->
