<?xml version="1.0" encoding="UTF-8"?>
<!-- Generated by org.testng.reporters.JUnitReportReporter -->
<testsuite hostname="gkillare-win87" failures="0" tests="2" name="processorfailour.TC_ProcessorFailour13" time="99.315" errors="0" timestamp="2024-02-12T12:31:27 IST" skipped="0">
  <testcase classname="processorfailour.TC_ProcessorFailour13" name="P_HardCode__EBT" time="24.206"/>
  <system-out/>
  <testcase classname="processorfailour.TC_ProcessorFailour13" name="P_HardCode__EBT" time="75.109"/>
  <system-out/>
</testsuite> <!-- processorfailour.TC_ProcessorFailour13 -->
