<?xml version="1.0" encoding="UTF-8"?>
<!-- Generated by org.testng.reporters.JUnitReportReporter -->
<testsuite hostname="gkillare-win87" failures="0" tests="1" name="utilities.ExcelDataWritingTest" time="0.257" errors="0" timestamp="2023-11-06T17:40:33 IST" skipped="0">
  <testcase classname="utilities.ExcelDataWritingTest" name="executeExcelWriting" time="0.257"/>
  <system-out/>
</testsuite> <!-- utilities.ExcelDataWritingTest -->
