<?xml version="1.0" encoding="UTF-8"?>
<!-- Generated by org.testng.reporters.JUnitReportReporter -->
<testsuite hostname="gkillare-win87" failures="0" tests="5" name="requestbuilder.FSARequest" time="0.214" errors="0" timestamp="2025-01-28T18:45:42 IST" skipped="0">
  <testcase classname="requestbuilder.FSARequest" name="performFSATransactions" time="0.031"/>
  <system-out/>
  <testcase classname="requestbuilder.FSARequest" name="performFSATransactions" time="0.028"/>
  <system-out/>
  <testcase classname="requestbuilder.FSARequest" name="performFSATransactions" time="0.022"/>
  <system-out/>
  <testcase classname="requestbuilder.FSARequest" name="performFSATransactions" time="0.116"/>
  <system-out/>
  <testcase classname="requestbuilder.FSARequest" name="performFSATransactions" time="0.017"/>
  <system-out/>
</testsuite> <!-- requestbuilder.FSARequest -->
