<?xml version="1.0" encoding="UTF-8"?>
<!-- Generated by org.testng.reporters.JUnitReportReporter -->
<testsuite hostname="gkillare-win87" failures="0" tests="10" name="testcases.Void_Of_Sale" time="291.635" errors="0" timestamp="2023-11-06T14:47:37 IST" skipped="0">
  <testcase classname="testcases.Void_Of_Sale" name="testVoidOfSale" time="38.371"/>
  <system-out/>
  <testcase classname="testcases.Void_Of_Sale" name="testVoidOfSale" time="39.973"/>
  <system-out/>
  <testcase classname="testcases.Void_Of_Sale" name="testVoidOfSale" time="20.750"/>
  <system-out/>
  <testcase classname="testcases.Void_Of_Sale" name="testVoidOfSale" time="38.208"/>
  <system-out/>
  <testcase classname="testcases.Void_Of_Sale" name="testVoidOfSale" time="29.485"/>
  <system-out/>
  <testcase classname="testcases.Void_Of_Sale" name="testVoidOfSale" time="16.198"/>
  <system-out/>
  <testcase classname="testcases.Void_Of_Sale" name="testVoidOfSale" time="25.301"/>
  <system-out/>
  <testcase classname="testcases.Void_Of_Sale" name="testVoidOfSale" time="24.245"/>
  <system-out/>
  <testcase classname="testcases.Void_Of_Sale" name="testVoidOfSale" time="26.407"/>
  <system-out/>
  <testcase classname="testcases.Void_Of_Sale" name="testVoidOfSale" time="32.697"/>
  <system-out/>
</testsuite> <!-- testcases.Void_Of_Sale -->
