<?xml version="1.0" encoding="UTF-8"?>
<!-- Generated by org.testng.reporters.JUnitReportReporter -->
<testsuite hostname="TKACHA-WIN99" failures="0" tests="4" name="mtestcases.TC_EBT" time="114.812" errors="0" timestamp="2024-09-17T11:43:49 IST" skipped="0">
  <testcase classname="mtestcases.TC_EBT" name="VoidOfRefundWithoutsale" time="22.344"/>
  <testcase classname="mtestcases.TC_EBT" name="VoidOfRefundWithoutsale" time="40.459"/>
  <testcase classname="mtestcases.TC_EBT" name="VoidOfSale" time="23.819"/>
  <testcase classname="mtestcases.TC_EBT" name="VoidOfSale" time="28.190"/>
</testsuite> <!-- mtestcases.TC_EBT -->
