<?xml version="1.0" encoding="UTF-8"?>
<!-- Generated by org.testng.reporters.JUnitReportReporter -->
<testsuite hostname="gkillare-win87" failures="0" tests="6" name="mtestcases.TC_Credit_OTC" time="132.015" errors="0" timestamp="2024-12-26T18:19:02 IST" skipped="0">
  <testcase classname="mtestcases.TC_Credit_OTC" name="RefundOfSale" time="21.229"/>
  <system-out/>
  <testcase classname="mtestcases.TC_Credit_OTC" name="VoidOfSale" time="18.664"/>
  <system-out/>
  <testcase classname="mtestcases.TC_Credit_OTC" name="RefundOfSale" time="25.823"/>
  <system-out/>
  <testcase classname="mtestcases.TC_Credit_OTC" name="VoidOfSale" time="26.990"/>
  <system-out/>
  <testcase classname="mtestcases.TC_Credit_OTC" name="voidOfRefundWithoutSale" time="21.009"/>
  <system-out/>
  <testcase classname="mtestcases.TC_Credit_OTC" name="voidOfRefundWithoutSale" time="18.300"/>
  <system-out/>
</testsuite> <!-- mtestcases.TC_Credit_OTC -->
