<?xml version="1.0" encoding="UTF-8"?>
<!-- Generated by org.testng.reporters.JUnitReportReporter -->
<testsuite hostname="gkillare-win87" failures="0" tests="48" name="mtestcases.TC_Gift_Activation" time="276.753" errors="0" timestamp="2025-01-21T17:21:18 IST" skipped="0">
  <testcase classname="mtestcases.TC_Gift_Activation" name="test_Gift" time="5.308"/>
  <system-out/>
  <testcase classname="mtestcases.TC_Gift_Activation" name="test_Gift" time="5.195"/>
  <system-out/>
  <testcase classname="mtestcases.TC_Gift_Activation" name="test_Gift" time="5.427"/>
  <system-out/>
  <testcase classname="mtestcases.TC_Gift_Activation" name="test_Gift" time="5.692"/>
  <system-out/>
  <testcase classname="mtestcases.TC_Gift_Activation" name="test_Gift" time="6.615"/>
  <system-out/>
  <testcase classname="mtestcases.TC_Gift_Activation" name="test_Gift" time="6.641"/>
  <system-out/>
  <testcase classname="mtestcases.TC_Gift_Activation" name="test_Gift" time="5.543"/>
  <system-out/>
  <testcase classname="mtestcases.TC_Gift_Activation" name="test_Gift" time="6.443"/>
  <system-out/>
  <testcase classname="mtestcases.TC_Gift_Activation" name="test_Gift" time="5.775"/>
  <system-out/>
  <testcase classname="mtestcases.TC_Gift_Activation" name="test_Gift" time="5.357"/>
  <system-out/>
  <testcase classname="mtestcases.TC_Gift_Activation" name="test_Gift" time="5.470"/>
  <system-out/>
  <testcase classname="mtestcases.TC_Gift_Activation" name="test_Gift" time="5.748"/>
  <system-out/>
  <testcase classname="mtestcases.TC_Gift_Activation" name="test_Gift" time="5.636"/>
  <system-out/>
  <testcase classname="mtestcases.TC_Gift_Activation" name="test_Gift" time="5.335"/>
  <system-out/>
  <testcase classname="mtestcases.TC_Gift_Activation" name="test_Gift" time="5.510"/>
  <system-out/>
  <testcase classname="mtestcases.TC_Gift_Activation" name="test_Gift" time="5.483"/>
  <system-out/>
  <testcase classname="mtestcases.TC_Gift_Activation" name="test_Gift" time="5.228"/>
  <system-out/>
  <testcase classname="mtestcases.TC_Gift_Activation" name="test_Gift" time="5.353"/>
  <system-out/>
  <testcase classname="mtestcases.TC_Gift_Activation" name="test_Gift" time="5.888"/>
  <system-out/>
  <testcase classname="mtestcases.TC_Gift_Activation" name="test_Gift" time="5.371"/>
  <system-out/>
  <testcase classname="mtestcases.TC_Gift_Activation" name="test_Gift" time="5.235"/>
  <system-out/>
  <testcase classname="mtestcases.TC_Gift_Activation" name="test_Gift" time="6.575"/>
  <system-out/>
  <testcase classname="mtestcases.TC_Gift_Activation" name="test_Gift" time="5.696"/>
  <system-out/>
  <testcase classname="mtestcases.TC_Gift_Activation" name="test_Gift" time="5.333"/>
  <system-out/>
  <testcase classname="mtestcases.TC_Gift_Activation" name="test_Gift" time="5.777"/>
  <system-out/>
  <testcase classname="mtestcases.TC_Gift_Activation" name="test_Gift" time="6.557"/>
  <system-out/>
  <testcase classname="mtestcases.TC_Gift_Activation" name="test_Gift" time="5.929"/>
  <system-out/>
  <testcase classname="mtestcases.TC_Gift_Activation" name="test_Gift" time="5.588"/>
  <system-out/>
  <testcase classname="mtestcases.TC_Gift_Activation" name="test_Gift" time="5.608"/>
  <system-out/>
  <testcase classname="mtestcases.TC_Gift_Activation" name="test_Gift" time="5.420"/>
  <system-out/>
  <testcase classname="mtestcases.TC_Gift_Activation" name="test_Gift" time="5.735"/>
  <system-out/>
  <testcase classname="mtestcases.TC_Gift_Activation" name="test_Gift" time="4.542"/>
  <system-out/>
  <testcase classname="mtestcases.TC_Gift_Activation" name="test_Gift" time="5.756"/>
  <system-out/>
  <testcase classname="mtestcases.TC_Gift_Activation" name="test_Gift" time="5.879"/>
  <system-out/>
  <testcase classname="mtestcases.TC_Gift_Activation" name="test_Gift" time="6.204"/>
  <system-out/>
  <testcase classname="mtestcases.TC_Gift_Activation" name="test_Gift" time="6.404"/>
  <system-out/>
  <testcase classname="mtestcases.TC_Gift_Activation" name="test_Gift" time="5.490"/>
  <system-out/>
  <testcase classname="mtestcases.TC_Gift_Activation" name="test_Gift" time="5.703"/>
  <system-out/>
  <testcase classname="mtestcases.TC_Gift_Activation" name="test_Gift" time="5.318"/>
  <system-out/>
  <testcase classname="mtestcases.TC_Gift_Activation" name="test_Gift" time="6.062"/>
  <system-out/>
  <testcase classname="mtestcases.TC_Gift_Activation" name="test_Gift" time="7.066"/>
  <system-out/>
  <testcase classname="mtestcases.TC_Gift_Activation" name="test_Gift" time="5.179"/>
  <system-out/>
  <testcase classname="mtestcases.TC_Gift_Activation" name="test_Gift" time="8.991"/>
  <system-out/>
  <testcase classname="mtestcases.TC_Gift_Activation" name="test_Gift" time="5.254"/>
  <system-out/>
  <testcase classname="mtestcases.TC_Gift_Activation" name="test_Gift" time="5.569"/>
  <system-out/>
  <testcase classname="mtestcases.TC_Gift_Activation" name="test_Gift" time="5.315"/>
  <system-out/>
  <testcase classname="mtestcases.TC_Gift_Activation" name="test_Gift" time="6.290"/>
  <system-out/>
  <testcase classname="mtestcases.TC_Gift_Activation" name="test_Gift" time="5.260"/>
  <system-out/>
</testsuite> <!-- mtestcases.TC_Gift_Activation -->
