<?xml version="1.0" encoding="UTF-8"?>
<!-- Generated by org.testng.reporters.JUnitReportReporter -->
<testsuite hostname="gkillare-win87" failures="0" tests="1" name="testcases.XmlSplitter" time="0.012" errors="0" timestamp="2024-01-03T13:21:14 IST" skipped="0">
  <testcase classname="testcases.XmlSplitter" name="demo" time="0.012"/>
  <system-out/>
</testsuite> <!-- testcases.XmlSplitter -->
