<?xml version="1.0" encoding="UTF-8"?>
<!-- Generated by org.testng.reporters.JUnitReportReporter -->
<testsuite hostname="gkillare-win87" failures="0" tests="1" name="mtestcases.TC_FSA" time="34.599" errors="0" timestamp="2024-07-28T10:57:17 IST" skipped="0">
  <testcase classname="mtestcases.TC_FSA" name="RefundOfSale" time="34.599"/>
  <system-out/>
</testsuite> <!-- mtestcases.TC_FSA -->
