<?xml version="1.0" encoding="UTF-8"?>
<!-- Generated by org.testng.reporters.JUnitReportReporter -->
<testsuite hostname="TKACHA-WIN99" failures="0" tests="2" name="mtestcases.OTC" time="181.133" errors="0" timestamp="2024-08-29T12:25:18 IST" skipped="0">
  <testcase classname="mtestcases.OTC" name="SolotronVoidOfSale" time="88.757"/>
  <testcase classname="mtestcases.OTC" name="SolotronVoidOfSale" time="92.376"/>
</testsuite> <!-- mtestcases.OTC -->
