<?xml version="1.0" encoding="UTF-8"?>
<!-- Generated by org.testng.reporters.JUnitReportReporter -->
<testsuite hostname="gkillare-win87" failures="0" tests="45" name="testcases.processorfailourvantiv.TC_ProcessorFailour21" time="983.931" errors="0" timestamp="2024-02-22T15:59:01 IST" skipped="0">
  <testcase classname="testcases.processorfailourvantiv.TC_ProcessorFailour21" name="DebitSale" time="25.462"/>
  <system-out/>
  <testcase classname="testcases.processorfailourvantiv.TC_ProcessorFailour21" name="DebitSale" time="23.659"/>
  <system-out/>
  <testcase classname="testcases.processorfailourvantiv.TC_ProcessorFailour21" name="P_FSA" time="62.998"/>
  <system-out/>
  <testcase classname="testcases.processorfailourvantiv.TC_ProcessorFailour21" name="Ewic_Transactions" time="25.944"/>
  <system-out/>
  <testcase classname="testcases.processorfailourvantiv.TC_ProcessorFailour21" name="P_EBT" time="23.923"/>
  <system-out/>
  <testcase classname="testcases.processorfailourvantiv.TC_ProcessorFailour21" name="P_EBT" time="51.443"/>
  <system-out/>
  <testcase classname="testcases.processorfailourvantiv.TC_ProcessorFailour21" name="F_creditSale" time="23.953"/>
  <system-out/>
  <testcase classname="testcases.processorfailourvantiv.TC_ProcessorFailour21" name="F_creditSale" time="23.650"/>
  <system-out/>
  <testcase classname="testcases.processorfailourvantiv.TC_ProcessorFailour21" name="F_creditSale" time="23.349"/>
  <system-out/>
  <testcase classname="testcases.processorfailourvantiv.TC_ProcessorFailour21" name="F_creditSale" time="27.103"/>
  <system-out/>
  <testcase classname="testcases.processorfailourvantiv.TC_ProcessorFailour21" name="F_creditSale" time="23.741"/>
  <system-out/>
  <testcase classname="testcases.processorfailourvantiv.TC_ProcessorFailour21" name="SECOUNDARY_creditAndDebitSale" time="23.055"/>
  <system-out/>
  <testcase classname="testcases.processorfailourvantiv.TC_ProcessorFailour21" name="SECOUNDARY_creditAndDebitSale" time="25.055"/>
  <system-out/>
  <testcase classname="testcases.processorfailourvantiv.TC_ProcessorFailour21" name="SECOUNDARY_creditAndDebitSale" time="23.694"/>
  <system-out/>
  <testcase classname="testcases.processorfailourvantiv.TC_ProcessorFailour21" name="P_SECOUNDARY__FSA" time="38.463"/>
  <system-out/>
  <testcase classname="testcases.processorfailourvantiv.TC_ProcessorFailour21" name="P_SECOUNDARY__EBT" time="25.124"/>
  <system-out/>
  <testcase classname="testcases.processorfailourvantiv.TC_ProcessorFailour21" name="P_SECOUNDARY__EBT" time="24.141"/>
  <system-out/>
  <testcase classname="testcases.processorfailourvantiv.TC_ProcessorFailour21" name="VoidAllTransactions" time="11.182"/>
  <system-out/>
  <testcase classname="testcases.processorfailourvantiv.TC_ProcessorFailour21" name="VoidAllTransactions" time="12.077"/>
  <system-out/>
  <testcase classname="testcases.processorfailourvantiv.TC_ProcessorFailour21" name="VoidAllTransactions" time="12.779"/>
  <system-out/>
  <testcase classname="testcases.processorfailourvantiv.TC_ProcessorFailour21" name="VoidAllTransactions" time="3.131"/>
  <system-out/>
  <testcase classname="testcases.processorfailourvantiv.TC_ProcessorFailour21" name="VoidAllTransactions" time="11.352"/>
  <system-out/>
  <testcase classname="testcases.processorfailourvantiv.TC_ProcessorFailour21" name="VoidAllTransactions" time="14.000"/>
  <system-out/>
  <testcase classname="testcases.processorfailourvantiv.TC_ProcessorFailour21" name="VoidAllTransactions" time="15.048"/>
  <system-out/>
  <testcase classname="testcases.processorfailourvantiv.TC_ProcessorFailour21" name="VoidAllTransactions" time="11.234"/>
  <system-out/>
  <testcase classname="testcases.processorfailourvantiv.TC_ProcessorFailour21" name="VoidAllTransactions" time="11.403"/>
  <system-out/>
  <testcase classname="testcases.processorfailourvantiv.TC_ProcessorFailour21" name="VoidAllTransactions" time="12.453"/>
  <system-out/>
  <testcase classname="testcases.processorfailourvantiv.TC_ProcessorFailour21" name="VoidAllTransactions" time="15.022"/>
  <system-out/>
  <testcase classname="testcases.processorfailourvantiv.TC_ProcessorFailour21" name="VoidAllTransactions" time="10.031"/>
  <system-out/>
  <testcase classname="testcases.processorfailourvantiv.TC_ProcessorFailour21" name="VoidAllTransactions" time="12.916"/>
  <system-out/>
  <testcase classname="testcases.processorfailourvantiv.TC_ProcessorFailour21" name="VoidAllTransactions" time="11.278"/>
  <system-out/>
  <testcase classname="testcases.processorfailourvantiv.TC_ProcessorFailour21" name="VoidAllTransactions" time="12.658"/>
  <system-out/>
  <testcase classname="testcases.processorfailourvantiv.TC_ProcessorFailour21" name="VoidAllTransactions" time="14.575"/>
  <system-out/>
  <testcase classname="testcases.processorfailourvantiv.TC_ProcessorFailour21" name="VoidAllTransactions" time="11.635"/>
  <system-out/>
  <testcase classname="testcases.processorfailourvantiv.TC_ProcessorFailour21" name="ResetCount" time="26.149"/>
  <system-out/>
  <testcase classname="testcases.processorfailourvantiv.TC_ProcessorFailour21" name="afterResetDebitSale" time="23.251"/>
  <system-out/>
  <testcase classname="testcases.processorfailourvantiv.TC_ProcessorFailour21" name="afterResetDebitSale" time="23.663"/>
  <system-out/>
  <testcase classname="testcases.processorfailourvantiv.TC_ProcessorFailour21" name="P_AfterReset_EBT" time="23.547"/>
  <system-out/>
  <testcase classname="testcases.processorfailourvantiv.TC_ProcessorFailour21" name="P_AfterReset_EBT" time="26.981"/>
  <system-out/>
  <testcase classname="testcases.processorfailourvantiv.TC_ProcessorFailour21" name="P_AfterReset_FSA" time="42.395"/>
  <system-out/>
  <testcase classname="testcases.processorfailourvantiv.TC_ProcessorFailour21" name="F_AfterReset_creditSale" time="24.049"/>
  <system-out/>
  <testcase classname="testcases.processorfailourvantiv.TC_ProcessorFailour21" name="F_AfterReset_creditSale" time="24.125"/>
  <system-out/>
  <testcase classname="testcases.processorfailourvantiv.TC_ProcessorFailour21" name="F_AfterReset_creditSale" time="23.615"/>
  <system-out/>
  <testcase classname="testcases.processorfailourvantiv.TC_ProcessorFailour21" name="F_AfterReset_creditSale" time="24.777"/>
  <system-out/>
  <testcase classname="testcases.processorfailourvantiv.TC_ProcessorFailour21" name="DebitSaleLastOne" time="23.848"/>
  <system-out/>
</testsuite> <!-- testcases.processorfailourvantiv.TC_ProcessorFailour21 -->
