<?xml version="1.0" encoding="UTF-8"?>
<!-- Generated by org.testng.reporters.JUnitReportReporter -->
<testsuite hostname="gkillare-win87" failures="0" tests="1" name="utilities.Demo" time="0.048" errors="0" timestamp="2024-02-05T15:45:01 IST" skipped="0">
  <testcase classname="utilities.Demo" name="test" time="0.048"/>
  <system-out/>
</testsuite> <!-- utilities.Demo -->
