<?xml version="1.0" encoding="UTF-8"?>
<!-- Generated by org.testng.reporters.JUnitReportReporter -->
<testsuite hostname="gkillare-win87" failures="0" tests="10" name="base.Demo$TestClass1" time="0.022" errors="0" timestamp="2024-08-05T11:34:38 IST" skipped="0">
  <testcase classname="base.Demo$TestClass1" name="testMethod" time="0.002"/>
  <system-out/>
  <testcase classname="base.Demo$TestClass1" name="testMethod" time="0.000"/>
  <system-out/>
  <testcase classname="base.Demo$TestClass1" name="testMethod" time="0.001"/>
  <system-out/>
  <testcase classname="base.Demo$TestClass1" name="testMethod" time="0.003"/>
  <system-out/>
  <testcase classname="base.Demo$TestClass1" name="testMethod" time="0.002"/>
  <system-out/>
  <testcase classname="base.Demo$TestClass1" name="testMethod" time="0.002"/>
  <system-out/>
  <testcase classname="base.Demo$TestClass1" name="testMethod" time="0.000"/>
  <system-out/>
  <testcase classname="base.Demo$TestClass1" name="testMethod" time="0.002"/>
  <system-out/>
  <testcase classname="base.Demo$TestClass1" name="testMethod" time="0.005"/>
  <system-out/>
  <testcase classname="base.Demo$TestClass1" name="testMethod" time="0.005"/>
  <system-out/>
</testsuite> <!-- base.Demo$TestClass1 -->
