<?xml version="1.0" encoding="UTF-8"?>
<!-- Generated by org.testng.reporters.JUnitReportReporter -->
<testsuite hostname="gkillare-win87" failures="0" tests="15" name="mtestcases.TC_FSA" time="197.305" errors="0" timestamp="2025-01-21T17:54:42 IST" skipped="0">
  <testcase classname="mtestcases.TC_FSA" name="RefundOfSale" time="12.935"/>
  <system-out/>
  <testcase classname="mtestcases.TC_FSA" name="RefundOfSale" time="13.283"/>
  <system-out/>
  <testcase classname="mtestcases.TC_FSA" name="RefundOfSale" time="13.091"/>
  <system-out/>
  <testcase classname="mtestcases.TC_FSA" name="VoidOfSale" time="13.564"/>
  <system-out/>
  <testcase classname="mtestcases.TC_FSA" name="VoidOfRefundWithoutsale" time="13.382"/>
  <system-out/>
  <testcase classname="mtestcases.TC_FSA" name="RefundOfSale" time="13.377"/>
  <system-out/>
  <testcase classname="mtestcases.TC_FSA" name="VoidOfSale" time="12.098"/>
  <system-out/>
  <testcase classname="mtestcases.TC_FSA" name="VoidOfRefundWithoutsale" time="13.054"/>
  <system-out/>
  <testcase classname="mtestcases.TC_FSA" name="VoidOfRefundWithoutsale" time="14.059"/>
  <system-out/>
  <testcase classname="mtestcases.TC_FSA" name="VoidOfRefundWithoutsale" time="12.341"/>
  <system-out/>
  <testcase classname="mtestcases.TC_FSA" name="VoidOfSale" time="16.025"/>
  <system-out/>
  <testcase classname="mtestcases.TC_FSA" name="RefundOfSale" time="12.484"/>
  <system-out/>
  <testcase classname="mtestcases.TC_FSA" name="VoidOfSale" time="13.187"/>
  <system-out/>
  <testcase classname="mtestcases.TC_FSA" name="VoidOfRefundWithoutsale" time="12.213"/>
  <system-out/>
  <testcase classname="mtestcases.TC_FSA" name="VoidOfSale" time="12.212"/>
  <system-out/>
</testsuite> <!-- mtestcases.TC_FSA -->
