<?xml version="1.0" encoding="UTF-8"?>
<!-- Generated by org.testng.reporters.JUnitReportReporter -->
<testsuite hostname="gkillare-win87" failures="0" tests="15" name="mtestcases.TC_FSA" time="498.869" errors="0" timestamp="2024-12-26T12:06:33 IST" skipped="0">
  <testcase classname="mtestcases.TC_FSA" name="RefundOfSale" time="28.314"/>
  <system-out/>
  <testcase classname="mtestcases.TC_FSA" name="VoidOfSale" time="33.049"/>
  <system-out/>
  <testcase classname="mtestcases.TC_FSA" name="VoidOfRefundWithoutsale" time="34.664"/>
  <system-out/>
  <testcase classname="mtestcases.TC_FSA" name="VoidOfRefundWithoutsale" time="33.308"/>
  <system-out/>
  <testcase classname="mtestcases.TC_FSA" name="RefundOfSale" time="28.602"/>
  <system-out/>
  <testcase classname="mtestcases.TC_FSA" name="VoidOfSale" time="29.668"/>
  <system-out/>
  <testcase classname="mtestcases.TC_FSA" name="RefundOfSale" time="26.774"/>
  <system-out/>
  <testcase classname="mtestcases.TC_FSA" name="VoidOfSale" time="27.793"/>
  <system-out/>
  <testcase classname="mtestcases.TC_FSA" name="VoidOfRefundWithoutsale" time="56.247"/>
  <system-out/>
  <testcase classname="mtestcases.TC_FSA" name="VoidOfRefundWithoutsale" time="48.054"/>
  <system-out/>
  <testcase classname="mtestcases.TC_FSA" name="RefundOfSale" time="30.417"/>
  <system-out/>
  <testcase classname="mtestcases.TC_FSA" name="VoidOfSale" time="33.519"/>
  <system-out/>
  <testcase classname="mtestcases.TC_FSA" name="VoidOfSale" time="28.754"/>
  <system-out/>
  <testcase classname="mtestcases.TC_FSA" name="RefundOfSale" time="26.754"/>
  <system-out/>
  <testcase classname="mtestcases.TC_FSA" name="VoidOfRefundWithoutsale" time="32.952"/>
  <system-out/>
</testsuite> <!-- mtestcases.TC_FSA -->
