<?xml version="1.0" encoding="UTF-8"?>
<!-- Generated by org.testng.reporters.JUnitReportReporter -->
<testsuite hostname="gkillare-win87" failures="0" tests="1" name="mtestcases.TC_eWIC" time="23.129" errors="0" timestamp="2024-12-03T14:45:06 IST" skipped="0">
  <testcase classname="mtestcases.TC_eWIC" name="VoidOfSale" time="23.129"/>
  <system-out/>
</testsuite> <!-- mtestcases.TC_eWIC -->
