<?xml version="1.0" encoding="UTF-8"?>
<!-- Generated by org.testng.reporters.JUnitReportReporter -->
<testsuite hostname="gkillare-win87" failures="0" tests="1" name="mtestcases.TC_CreditAndDebit" time="12.987" errors="0" timestamp="2024-09-27T16:31:31 IST" skipped="0">
  <testcase classname="mtestcases.TC_CreditAndDebit" name="testGCB" time="12.987"/>
  <system-out/>
</testsuite> <!-- mtestcases.TC_CreditAndDebit -->
