<?xml version="1.0" encoding="UTF-8"?>
<!-- Generated by org.testng.reporters.JUnitReportReporter -->
<testsuite hostname="gkillare-win87" failures="0" tests="6" name="mtestcases.TC_Credit_OTC" time="182.733" errors="0" timestamp="2025-01-23T16:48:56 IST" skipped="0">
  <testcase classname="mtestcases.TC_Credit_OTC" name="voidOfRefundWithoutSale" time="29.544"/>
  <system-out/>
  <testcase classname="mtestcases.TC_Credit_OTC" name="VoidOfSale" time="31.952"/>
  <system-out/>
  <testcase classname="mtestcases.TC_Credit_OTC" name="VoidOfSale" time="28.383"/>
  <system-out/>
  <testcase classname="mtestcases.TC_Credit_OTC" name="RefundOfSale" time="32.028"/>
  <system-out/>
  <testcase classname="mtestcases.TC_Credit_OTC" name="RefundOfSale" time="30.169"/>
  <system-out/>
  <testcase classname="mtestcases.TC_Credit_OTC" name="voidOfRefundWithoutSale" time="30.657"/>
  <system-out/>
</testsuite> <!-- mtestcases.TC_Credit_OTC -->
