<?xml version="1.0" encoding="UTF-8"?>
<!-- Generated by org.testng.reporters.JUnitReportReporter -->
<testsuite hostname="gkillare-win87" failures="0" tests="8" name="mtestcases.TC_Prepaid_Transactions" time="118.525" errors="0" timestamp="2024-09-28T11:38:37 IST" skipped="0">
  <testcase classname="mtestcases.TC_Prepaid_Transactions" name="test_Gift_Manual_SWipe" time="17.090"/>
  <system-out/>
  <testcase classname="mtestcases.TC_Prepaid_Transactions" name="test_Gift_Manual_SWipe" time="13.598"/>
  <system-out/>
  <testcase classname="mtestcases.TC_Prepaid_Transactions" name="test_Gift_Manual_SWipe" time="15.349"/>
  <system-out/>
  <testcase classname="mtestcases.TC_Prepaid_Transactions" name="test_Gift_Manual_SWipe" time="10.452"/>
  <system-out/>
  <testcase classname="mtestcases.TC_Prepaid_Transactions" name="test_Gift_Manual_SWipe" time="16.627"/>
  <system-out/>
  <testcase classname="mtestcases.TC_Prepaid_Transactions" name="test_Gift_Manual_SWipe" time="12.748"/>
  <system-out/>
  <testcase classname="mtestcases.TC_Prepaid_Transactions" name="test_Gift_Manual_SWipe" time="17.757"/>
  <system-out/>
  <testcase classname="mtestcases.TC_Prepaid_Transactions" name="test_Gift_Manual_SWipe" time="14.904"/>
  <system-out/>
</testsuite> <!-- mtestcases.TC_Prepaid_Transactions -->
