<?xml version="1.0" encoding="UTF-8"?>
<!-- Generated by org.testng.reporters.JUnitReportReporter -->
<testsuite hostname="gkillare-win87" failures="0" tests="6" name="mtestcases.TC_POA" time="177.473" errors="0" timestamp="2024-12-26T17:25:51 IST" skipped="0">
  <testcase classname="mtestcases.TC_POA" name="SSN_paymentOnAccountWithCheck" time="22.546"/>
  <system-out/>
  <testcase classname="mtestcases.TC_POA" name="SSN_paymentOnAccountWithCash" time="16.181"/>
  <system-out/>
  <testcase classname="mtestcases.TC_POA" name="KEY_paymentOnAccountWithCheck" time="21.993"/>
  <system-out/>
  <testcase classname="mtestcases.TC_POA" name="KEY_paymentOnAccountWithCash" time="15.288"/>
  <system-out/>
  <testcase classname="mtestcases.TC_POA" name="KEY_paymentOnAccountWithDebit" time="58.373"/>
  <system-out/>
  <testcase classname="mtestcases.TC_POA" name="SSN_paymentOnAccountWithDebit" time="43.092"/>
  <system-out/>
</testsuite> <!-- mtestcases.TC_POA -->
