<?xml version="1.0" encoding="UTF-8"?>
<!-- Generated by org.testng.reporters.JUnitReportReporter -->
<testsuite hostname="gkillare-win87" failures="0" tests="8" name="mtestcases.TC_RiskAndFraud" time="179.687" errors="0" timestamp="2024-09-27T15:39:21 IST" skipped="0">
  <testcase classname="mtestcases.TC_RiskAndFraud" name="Test_USA_Card" time="28.865"/>
  <system-out/>
  <testcase classname="mtestcases.TC_RiskAndFraud" name="Test_USA_Card" time="17.612"/>
  <system-out/>
  <testcase classname="mtestcases.TC_RiskAndFraud" name="Test_Canada_Card" time="24.564"/>
  <system-out/>
  <testcase classname="mtestcases.TC_RiskAndFraud" name="Test_UK_Card" time="24.287"/>
  <system-out/>
  <testcase classname="mtestcases.TC_RiskAndFraud" name="Test_EUR_Card" time="20.714"/>
  <system-out/>
  <testcase classname="mtestcases.TC_RiskAndFraud" name="Test_EUR_Card" time="27.528"/>
  <system-out/>
  <testcase classname="mtestcases.TC_RiskAndFraud" name="Test_Canada_Card" time="19.407"/>
  <system-out/>
  <testcase classname="mtestcases.TC_RiskAndFraud" name="Test_UK_Card" time="16.710"/>
  <system-out/>
</testsuite> <!-- mtestcases.TC_RiskAndFraud -->
