<?xml version="1.0" encoding="UTF-8"?>
<!-- Generated by org.testng.reporters.JUnitReportReporter -->
<testsuite hostname="gkillare-win87" failures="7" tests="46" name="dualprocessor.WorldPayAutoDualProcessor" time="1111.140" errors="0" timestamp="2024-12-18T14:52:10 IST" skipped="0">
  <testcase classname="dualprocessor.WorldPayAutoDualProcessor" name="performNoramal_CD_Sale" time="30.771"/>
  <system-out/>
  <testcase classname="dualprocessor.WorldPayAutoDualProcessor" name="performNoramal_CD_Sale" time="20.494"/>
  <system-out/>
  <testcase classname="dualprocessor.WorldPayAutoDualProcessor" name="performNormalFSA_TXN" time="23.926"/>
  <system-out/>
  <testcase classname="dualprocessor.WorldPayAutoDualProcessor" name="performWIC_TXN" time="34.554"/>
  <system-out/>
  <testcase classname="dualprocessor.WorldPayAutoDualProcessor" name="performEBT_TXN" time="24.325"/>
  <system-out/>
  <testcase classname="dualprocessor.WorldPayAutoDualProcessor" name="performEBT_TXN" time="25.706"/>
  <system-out/>
  <testcase classname="dualprocessor.WorldPayAutoDualProcessor" name="PF_performCreditDebit" time="49.501"/>
  <system-out/>
  <testcase classname="dualprocessor.WorldPayAutoDualProcessor" name="PF_performCreditDebit" time="29.430"/>
  <system-out/>
  <testcase classname="dualprocessor.WorldPayAutoDualProcessor" name="PF_performCreditDebit" time="60.031"/>
  <system-out/>
  <testcase classname="dualprocessor.WorldPayAutoDualProcessor" name="PF_performEBT_TXN" time="21.097"/>
  <system-out/>
  <testcase classname="dualprocessor.WorldPayAutoDualProcessor" name="PF_performFSA_TXN" time="31.781"/>
  <system-out/>
  <testcase classname="dualprocessor.WorldPayAutoDualProcessor" name="AF_performNoramal_CD_Sale" time="12.751"/>
  <system-out/>
  <testcase classname="dualprocessor.WorldPayAutoDualProcessor" name="AF_performNoramal_CD_Sale" time="41.887"/>
  <system-out/>
  <testcase classname="dualprocessor.WorldPayAutoDualProcessor" name="AF_performNormalFSA_TXN" time="28.272"/>
  <system-out/>
  <testcase classname="dualprocessor.WorldPayAutoDualProcessor" name="AF_performWIC_TXN" time="21.456"/>
  <system-out/>
  <testcase classname="dualprocessor.WorldPayAutoDualProcessor" name="AF_performEBT_TXN" time="21.161"/>
  <system-out/>
  <testcase classname="dualprocessor.WorldPayAutoDualProcessor" name="AF_performEBT_TXN" time="20.930"/>
  <system-out/>
  <testcase classname="dualprocessor.WorldPayAutoDualProcessor" name="VoidAllTransactions" time="4.766"/>
  <system-out/>
  <testcase classname="dualprocessor.WorldPayAutoDualProcessor" name="VoidAllTransactions" time="4.494"/>
  <system-out/>
  <testcase classname="dualprocessor.WorldPayAutoDualProcessor" name="VoidAllTransactions" time="2.018"/>
  <system-out/>
  <testcase classname="dualprocessor.WorldPayAutoDualProcessor" name="VoidAllTransactions" time="4.758"/>
  <system-out/>
  <testcase classname="dualprocessor.WorldPayAutoDualProcessor" name="VoidAllTransactions" time="3.707">
    <failure message="Processor ID MissMatch....... expected [024887638      ] but found [null]" type="java.lang.AssertionError">
      <![CDATA[java.lang.AssertionError: Processor ID MissMatch....... expected [024887638      ] but found [null]
at org.testng.Assert.fail(Assert.java:99)
at org.testng.Assert.failNotEquals(Assert.java:1037)
at org.testng.Assert.assertEqualsImpl(Assert.java:140)
at org.testng.Assert.assertEquals(Assert.java:122)
at org.testng.Assert.assertEquals(Assert.java:629)
at dualprocessor.WorldPayAutoDualProcessor.VoidAllTransactions(WorldPayAutoDualProcessor.java:267)
at java.base/jdk.internal.reflect.NativeMethodAccessorImpl.invoke0(Native Method)
at java.base/jdk.internal.reflect.NativeMethodAccessorImpl.invoke(NativeMethodAccessorImpl.java:77)
at java.base/jdk.internal.reflect.DelegatingMethodAccessorImpl.invoke(DelegatingMethodAccessorImpl.java:43)
at java.base/java.lang.reflect.Method.invoke(Method.java:568)
at org.testng.internal.MethodInvocationHelper.invokeMethod(MethodInvocationHelper.java:133)
at org.testng.internal.TestInvoker.invokeMethod(TestInvoker.java:598)
at org.testng.internal.TestInvoker.invokeTestMethod(TestInvoker.java:173)
at org.testng.internal.MethodRunner.runInSequence(MethodRunner.java:46)
at org.testng.internal.TestInvoker$MethodInvocationAgent.invoke(TestInvoker.java:824)
at org.testng.internal.TestInvoker.invokeTestMethods(TestInvoker.java:146)
at org.testng.internal.TestMethodWorker.invokeTestMethods(TestMethodWorker.java:146)
at org.testng.internal.TestMethodWorker.run(TestMethodWorker.java:128)
at java.base/java.util.ArrayList.forEach(ArrayList.java:1511)
at org.testng.TestRunner.privateRun(TestRunner.java:794)
at org.testng.TestRunner.run(TestRunner.java:596)
at org.testng.SuiteRunner.runTest(SuiteRunner.java:377)
at org.testng.SuiteRunner.runSequentially(SuiteRunner.java:371)
at org.testng.SuiteRunner.privateRun(SuiteRunner.java:332)
at org.testng.SuiteRunner.run(SuiteRunner.java:276)
at org.testng.SuiteRunnerWorker.runSuite(SuiteRunnerWorker.java:53)
at org.testng.SuiteRunnerWorker.run(SuiteRunnerWorker.java:96)
at org.testng.TestNG.runSuitesSequentially(TestNG.java:1212)
at org.testng.TestNG.runSuitesLocally(TestNG.java:1134)
at org.testng.TestNG.runSuites(TestNG.java:1063)
at org.testng.TestNG.run(TestNG.java:1031)
at org.testng.remote.AbstractRemoteTestNG.run(AbstractRemoteTestNG.java:115)
at org.testng.remote.RemoteTestNG.initAndRun(RemoteTestNG.java:293)
at org.testng.remote.RemoteTestNG.main(RemoteTestNG.java:91)
]]>
    </failure>
  </testcase> <!-- VoidAllTransactions -->
  <system-out/>
  <testcase classname="dualprocessor.WorldPayAutoDualProcessor" name="VoidAllTransactions" time="4.400"/>
  <system-out/>
  <testcase classname="dualprocessor.WorldPayAutoDualProcessor" name="VoidAllTransactions" time="4.535">
    <failure message="Processor ID MissMatch....... expected [024887638      ] but found [null]" type="java.lang.AssertionError">
      <![CDATA[java.lang.AssertionError: Processor ID MissMatch....... expected [024887638      ] but found [null]
at org.testng.Assert.fail(Assert.java:99)
at org.testng.Assert.failNotEquals(Assert.java:1037)
at org.testng.Assert.assertEqualsImpl(Assert.java:140)
at org.testng.Assert.assertEquals(Assert.java:122)
at org.testng.Assert.assertEquals(Assert.java:629)
at dualprocessor.WorldPayAutoDualProcessor.VoidAllTransactions(WorldPayAutoDualProcessor.java:267)
at java.base/jdk.internal.reflect.NativeMethodAccessorImpl.invoke0(Native Method)
at java.base/jdk.internal.reflect.NativeMethodAccessorImpl.invoke(NativeMethodAccessorImpl.java:77)
at java.base/jdk.internal.reflect.DelegatingMethodAccessorImpl.invoke(DelegatingMethodAccessorImpl.java:43)
at java.base/java.lang.reflect.Method.invoke(Method.java:568)
at org.testng.internal.MethodInvocationHelper.invokeMethod(MethodInvocationHelper.java:133)
at org.testng.internal.TestInvoker.invokeMethod(TestInvoker.java:598)
at org.testng.internal.TestInvoker.invokeTestMethod(TestInvoker.java:173)
at org.testng.internal.MethodRunner.runInSequence(MethodRunner.java:46)
at org.testng.internal.TestInvoker$MethodInvocationAgent.invoke(TestInvoker.java:824)
at org.testng.internal.TestInvoker.invokeTestMethods(TestInvoker.java:146)
at org.testng.internal.TestMethodWorker.invokeTestMethods(TestMethodWorker.java:146)
at org.testng.internal.TestMethodWorker.run(TestMethodWorker.java:128)
at java.base/java.util.ArrayList.forEach(ArrayList.java:1511)
at org.testng.TestRunner.privateRun(TestRunner.java:794)
at org.testng.TestRunner.run(TestRunner.java:596)
at org.testng.SuiteRunner.runTest(SuiteRunner.java:377)
at org.testng.SuiteRunner.runSequentially(SuiteRunner.java:371)
at org.testng.SuiteRunner.privateRun(SuiteRunner.java:332)
at org.testng.SuiteRunner.run(SuiteRunner.java:276)
at org.testng.SuiteRunnerWorker.runSuite(SuiteRunnerWorker.java:53)
at org.testng.SuiteRunnerWorker.run(SuiteRunnerWorker.java:96)
at org.testng.TestNG.runSuitesSequentially(TestNG.java:1212)
at org.testng.TestNG.runSuitesLocally(TestNG.java:1134)
at org.testng.TestNG.runSuites(TestNG.java:1063)
at org.testng.TestNG.run(TestNG.java:1031)
at org.testng.remote.AbstractRemoteTestNG.run(AbstractRemoteTestNG.java:115)
at org.testng.remote.RemoteTestNG.initAndRun(RemoteTestNG.java:293)
at org.testng.remote.RemoteTestNG.main(RemoteTestNG.java:91)
]]>
    </failure>
  </testcase> <!-- VoidAllTransactions -->
  <system-out/>
  <testcase classname="dualprocessor.WorldPayAutoDualProcessor" name="VoidAllTransactions" time="2.119"/>
  <system-out/>
  <testcase classname="dualprocessor.WorldPayAutoDualProcessor" name="VoidAllTransactions" time="4.754">
    <failure message="Processor ID MissMatch....... expected [024887638      ] but found [null]" type="java.lang.AssertionError">
      <![CDATA[java.lang.AssertionError: Processor ID MissMatch....... expected [024887638      ] but found [null]
at org.testng.Assert.fail(Assert.java:99)
at org.testng.Assert.failNotEquals(Assert.java:1037)
at org.testng.Assert.assertEqualsImpl(Assert.java:140)
at org.testng.Assert.assertEquals(Assert.java:122)
at org.testng.Assert.assertEquals(Assert.java:629)
at dualprocessor.WorldPayAutoDualProcessor.VoidAllTransactions(WorldPayAutoDualProcessor.java:267)
at java.base/jdk.internal.reflect.NativeMethodAccessorImpl.invoke0(Native Method)
at java.base/jdk.internal.reflect.NativeMethodAccessorImpl.invoke(NativeMethodAccessorImpl.java:77)
at java.base/jdk.internal.reflect.DelegatingMethodAccessorImpl.invoke(DelegatingMethodAccessorImpl.java:43)
at java.base/java.lang.reflect.Method.invoke(Method.java:568)
at org.testng.internal.MethodInvocationHelper.invokeMethod(MethodInvocationHelper.java:133)
at org.testng.internal.TestInvoker.invokeMethod(TestInvoker.java:598)
at org.testng.internal.TestInvoker.invokeTestMethod(TestInvoker.java:173)
at org.testng.internal.MethodRunner.runInSequence(MethodRunner.java:46)
at org.testng.internal.TestInvoker$MethodInvocationAgent.invoke(TestInvoker.java:824)
at org.testng.internal.TestInvoker.invokeTestMethods(TestInvoker.java:146)
at org.testng.internal.TestMethodWorker.invokeTestMethods(TestMethodWorker.java:146)
at org.testng.internal.TestMethodWorker.run(TestMethodWorker.java:128)
at java.base/java.util.ArrayList.forEach(ArrayList.java:1511)
at org.testng.TestRunner.privateRun(TestRunner.java:794)
at org.testng.TestRunner.run(TestRunner.java:596)
at org.testng.SuiteRunner.runTest(SuiteRunner.java:377)
at org.testng.SuiteRunner.runSequentially(SuiteRunner.java:371)
at org.testng.SuiteRunner.privateRun(SuiteRunner.java:332)
at org.testng.SuiteRunner.run(SuiteRunner.java:276)
at org.testng.SuiteRunnerWorker.runSuite(SuiteRunnerWorker.java:53)
at org.testng.SuiteRunnerWorker.run(SuiteRunnerWorker.java:96)
at org.testng.TestNG.runSuitesSequentially(TestNG.java:1212)
at org.testng.TestNG.runSuitesLocally(TestNG.java:1134)
at org.testng.TestNG.runSuites(TestNG.java:1063)
at org.testng.TestNG.run(TestNG.java:1031)
at org.testng.remote.AbstractRemoteTestNG.run(AbstractRemoteTestNG.java:115)
at org.testng.remote.RemoteTestNG.initAndRun(RemoteTestNG.java:293)
at org.testng.remote.RemoteTestNG.main(RemoteTestNG.java:91)
]]>
    </failure>
  </testcase> <!-- VoidAllTransactions -->
  <system-out/>
  <testcase classname="dualprocessor.WorldPayAutoDualProcessor" name="VoidAllTransactions" time="4.713">
    <failure message="Processor ID MissMatch....... expected [024887638      ] but found [null]" type="java.lang.AssertionError">
      <![CDATA[java.lang.AssertionError: Processor ID MissMatch....... expected [024887638      ] but found [null]
at org.testng.Assert.fail(Assert.java:99)
at org.testng.Assert.failNotEquals(Assert.java:1037)
at org.testng.Assert.assertEqualsImpl(Assert.java:140)
at org.testng.Assert.assertEquals(Assert.java:122)
at org.testng.Assert.assertEquals(Assert.java:629)
at dualprocessor.WorldPayAutoDualProcessor.VoidAllTransactions(WorldPayAutoDualProcessor.java:267)
at java.base/jdk.internal.reflect.NativeMethodAccessorImpl.invoke0(Native Method)
at java.base/jdk.internal.reflect.NativeMethodAccessorImpl.invoke(NativeMethodAccessorImpl.java:77)
at java.base/jdk.internal.reflect.DelegatingMethodAccessorImpl.invoke(DelegatingMethodAccessorImpl.java:43)
at java.base/java.lang.reflect.Method.invoke(Method.java:568)
at org.testng.internal.MethodInvocationHelper.invokeMethod(MethodInvocationHelper.java:133)
at org.testng.internal.TestInvoker.invokeMethod(TestInvoker.java:598)
at org.testng.internal.TestInvoker.invokeTestMethod(TestInvoker.java:173)
at org.testng.internal.MethodRunner.runInSequence(MethodRunner.java:46)
at org.testng.internal.TestInvoker$MethodInvocationAgent.invoke(TestInvoker.java:824)
at org.testng.internal.TestInvoker.invokeTestMethods(TestInvoker.java:146)
at org.testng.internal.TestMethodWorker.invokeTestMethods(TestMethodWorker.java:146)
at org.testng.internal.TestMethodWorker.run(TestMethodWorker.java:128)
at java.base/java.util.ArrayList.forEach(ArrayList.java:1511)
at org.testng.TestRunner.privateRun(TestRunner.java:794)
at org.testng.TestRunner.run(TestRunner.java:596)
at org.testng.SuiteRunner.runTest(SuiteRunner.java:377)
at org.testng.SuiteRunner.runSequentially(SuiteRunner.java:371)
at org.testng.SuiteRunner.privateRun(SuiteRunner.java:332)
at org.testng.SuiteRunner.run(SuiteRunner.java:276)
at org.testng.SuiteRunnerWorker.runSuite(SuiteRunnerWorker.java:53)
at org.testng.SuiteRunnerWorker.run(SuiteRunnerWorker.java:96)
at org.testng.TestNG.runSuitesSequentially(TestNG.java:1212)
at org.testng.TestNG.runSuitesLocally(TestNG.java:1134)
at org.testng.TestNG.runSuites(TestNG.java:1063)
at org.testng.TestNG.run(TestNG.java:1031)
at org.testng.remote.AbstractRemoteTestNG.run(AbstractRemoteTestNG.java:115)
at org.testng.remote.RemoteTestNG.initAndRun(RemoteTestNG.java:293)
at org.testng.remote.RemoteTestNG.main(RemoteTestNG.java:91)
]]>
    </failure>
  </testcase> <!-- VoidAllTransactions -->
  <system-out/>
  <testcase classname="dualprocessor.WorldPayAutoDualProcessor" name="VoidAllTransactions" time="1.795"/>
  <system-out/>
  <testcase classname="dualprocessor.WorldPayAutoDualProcessor" name="VoidAllTransactions" time="7.904"/>
  <system-out/>
  <testcase classname="dualprocessor.WorldPayAutoDualProcessor" name="VoidAllTransactions" time="4.212">
    <failure message="Processor ID MissMatch....... expected [024887638      ] but found [null]" type="java.lang.AssertionError">
      <![CDATA[java.lang.AssertionError: Processor ID MissMatch....... expected [024887638      ] but found [null]
at org.testng.Assert.fail(Assert.java:99)
at org.testng.Assert.failNotEquals(Assert.java:1037)
at org.testng.Assert.assertEqualsImpl(Assert.java:140)
at org.testng.Assert.assertEquals(Assert.java:122)
at org.testng.Assert.assertEquals(Assert.java:629)
at dualprocessor.WorldPayAutoDualProcessor.VoidAllTransactions(WorldPayAutoDualProcessor.java:267)
at java.base/jdk.internal.reflect.NativeMethodAccessorImpl.invoke0(Native Method)
at java.base/jdk.internal.reflect.NativeMethodAccessorImpl.invoke(NativeMethodAccessorImpl.java:77)
at java.base/jdk.internal.reflect.DelegatingMethodAccessorImpl.invoke(DelegatingMethodAccessorImpl.java:43)
at java.base/java.lang.reflect.Method.invoke(Method.java:568)
at org.testng.internal.MethodInvocationHelper.invokeMethod(MethodInvocationHelper.java:133)
at org.testng.internal.TestInvoker.invokeMethod(TestInvoker.java:598)
at org.testng.internal.TestInvoker.invokeTestMethod(TestInvoker.java:173)
at org.testng.internal.MethodRunner.runInSequence(MethodRunner.java:46)
at org.testng.internal.TestInvoker$MethodInvocationAgent.invoke(TestInvoker.java:824)
at org.testng.internal.TestInvoker.invokeTestMethods(TestInvoker.java:146)
at org.testng.internal.TestMethodWorker.invokeTestMethods(TestMethodWorker.java:146)
at org.testng.internal.TestMethodWorker.run(TestMethodWorker.java:128)
at java.base/java.util.ArrayList.forEach(ArrayList.java:1511)
at org.testng.TestRunner.privateRun(TestRunner.java:794)
at org.testng.TestRunner.run(TestRunner.java:596)
at org.testng.SuiteRunner.runTest(SuiteRunner.java:377)
at org.testng.SuiteRunner.runSequentially(SuiteRunner.java:371)
at org.testng.SuiteRunner.privateRun(SuiteRunner.java:332)
at org.testng.SuiteRunner.run(SuiteRunner.java:276)
at org.testng.SuiteRunnerWorker.runSuite(SuiteRunnerWorker.java:53)
at org.testng.SuiteRunnerWorker.run(SuiteRunnerWorker.java:96)
at org.testng.TestNG.runSuitesSequentially(TestNG.java:1212)
at org.testng.TestNG.runSuitesLocally(TestNG.java:1134)
at org.testng.TestNG.runSuites(TestNG.java:1063)
at org.testng.TestNG.run(TestNG.java:1031)
at org.testng.remote.AbstractRemoteTestNG.run(AbstractRemoteTestNG.java:115)
at org.testng.remote.RemoteTestNG.initAndRun(RemoteTestNG.java:293)
at org.testng.remote.RemoteTestNG.main(RemoteTestNG.java:91)
]]>
    </failure>
  </testcase> <!-- VoidAllTransactions -->
  <system-out/>
  <testcase classname="dualprocessor.WorldPayAutoDualProcessor" name="VoidAllTransactions" time="4.494">
    <failure message="Processor ID MissMatch....... expected [024887638      ] but found [null]" type="java.lang.AssertionError">
      <![CDATA[java.lang.AssertionError: Processor ID MissMatch....... expected [024887638      ] but found [null]
at org.testng.Assert.fail(Assert.java:99)
at org.testng.Assert.failNotEquals(Assert.java:1037)
at org.testng.Assert.assertEqualsImpl(Assert.java:140)
at org.testng.Assert.assertEquals(Assert.java:122)
at org.testng.Assert.assertEquals(Assert.java:629)
at dualprocessor.WorldPayAutoDualProcessor.VoidAllTransactions(WorldPayAutoDualProcessor.java:267)
at java.base/jdk.internal.reflect.NativeMethodAccessorImpl.invoke0(Native Method)
at java.base/jdk.internal.reflect.NativeMethodAccessorImpl.invoke(NativeMethodAccessorImpl.java:77)
at java.base/jdk.internal.reflect.DelegatingMethodAccessorImpl.invoke(DelegatingMethodAccessorImpl.java:43)
at java.base/java.lang.reflect.Method.invoke(Method.java:568)
at org.testng.internal.MethodInvocationHelper.invokeMethod(MethodInvocationHelper.java:133)
at org.testng.internal.TestInvoker.invokeMethod(TestInvoker.java:598)
at org.testng.internal.TestInvoker.invokeTestMethod(TestInvoker.java:173)
at org.testng.internal.MethodRunner.runInSequence(MethodRunner.java:46)
at org.testng.internal.TestInvoker$MethodInvocationAgent.invoke(TestInvoker.java:824)
at org.testng.internal.TestInvoker.invokeTestMethods(TestInvoker.java:146)
at org.testng.internal.TestMethodWorker.invokeTestMethods(TestMethodWorker.java:146)
at org.testng.internal.TestMethodWorker.run(TestMethodWorker.java:128)
at java.base/java.util.ArrayList.forEach(ArrayList.java:1511)
at org.testng.TestRunner.privateRun(TestRunner.java:794)
at org.testng.TestRunner.run(TestRunner.java:596)
at org.testng.SuiteRunner.runTest(SuiteRunner.java:377)
at org.testng.SuiteRunner.runSequentially(SuiteRunner.java:371)
at org.testng.SuiteRunner.privateRun(SuiteRunner.java:332)
at org.testng.SuiteRunner.run(SuiteRunner.java:276)
at org.testng.SuiteRunnerWorker.runSuite(SuiteRunnerWorker.java:53)
at org.testng.SuiteRunnerWorker.run(SuiteRunnerWorker.java:96)
at org.testng.TestNG.runSuitesSequentially(TestNG.java:1212)
at org.testng.TestNG.runSuitesLocally(TestNG.java:1134)
at org.testng.TestNG.runSuites(TestNG.java:1063)
at org.testng.TestNG.run(TestNG.java:1031)
at org.testng.remote.AbstractRemoteTestNG.run(AbstractRemoteTestNG.java:115)
at org.testng.remote.RemoteTestNG.initAndRun(RemoteTestNG.java:293)
at org.testng.remote.RemoteTestNG.main(RemoteTestNG.java:91)
]]>
    </failure>
  </testcase> <!-- VoidAllTransactions -->
  <system-out/>
  <testcase classname="dualprocessor.WorldPayAutoDualProcessor" name="VoidAllTransactions" time="4.350"/>
  <system-out/>
  <testcase classname="dualprocessor.WorldPayAutoDualProcessor" name="VoidAllTransactions" time="4.582">
    <failure message="Processor ID MissMatch....... expected [024887638      ] but found [null]" type="java.lang.AssertionError">
      <![CDATA[java.lang.AssertionError: Processor ID MissMatch....... expected [024887638      ] but found [null]
at org.testng.Assert.fail(Assert.java:99)
at org.testng.Assert.failNotEquals(Assert.java:1037)
at org.testng.Assert.assertEqualsImpl(Assert.java:140)
at org.testng.Assert.assertEquals(Assert.java:122)
at org.testng.Assert.assertEquals(Assert.java:629)
at dualprocessor.WorldPayAutoDualProcessor.VoidAllTransactions(WorldPayAutoDualProcessor.java:267)
at java.base/jdk.internal.reflect.NativeMethodAccessorImpl.invoke0(Native Method)
at java.base/jdk.internal.reflect.NativeMethodAccessorImpl.invoke(NativeMethodAccessorImpl.java:77)
at java.base/jdk.internal.reflect.DelegatingMethodAccessorImpl.invoke(DelegatingMethodAccessorImpl.java:43)
at java.base/java.lang.reflect.Method.invoke(Method.java:568)
at org.testng.internal.MethodInvocationHelper.invokeMethod(MethodInvocationHelper.java:133)
at org.testng.internal.TestInvoker.invokeMethod(TestInvoker.java:598)
at org.testng.internal.TestInvoker.invokeTestMethod(TestInvoker.java:173)
at org.testng.internal.MethodRunner.runInSequence(MethodRunner.java:46)
at org.testng.internal.TestInvoker$MethodInvocationAgent.invoke(TestInvoker.java:824)
at org.testng.internal.TestInvoker.invokeTestMethods(TestInvoker.java:146)
at org.testng.internal.TestMethodWorker.invokeTestMethods(TestMethodWorker.java:146)
at org.testng.internal.TestMethodWorker.run(TestMethodWorker.java:128)
at java.base/java.util.ArrayList.forEach(ArrayList.java:1511)
at org.testng.TestRunner.privateRun(TestRunner.java:794)
at org.testng.TestRunner.run(TestRunner.java:596)
at org.testng.SuiteRunner.runTest(SuiteRunner.java:377)
at org.testng.SuiteRunner.runSequentially(SuiteRunner.java:371)
at org.testng.SuiteRunner.privateRun(SuiteRunner.java:332)
at org.testng.SuiteRunner.run(SuiteRunner.java:276)
at org.testng.SuiteRunnerWorker.runSuite(SuiteRunnerWorker.java:53)
at org.testng.SuiteRunnerWorker.run(SuiteRunnerWorker.java:96)
at org.testng.TestNG.runSuitesSequentially(TestNG.java:1212)
at org.testng.TestNG.runSuitesLocally(TestNG.java:1134)
at org.testng.TestNG.runSuites(TestNG.java:1063)
at org.testng.TestNG.run(TestNG.java:1031)
at org.testng.remote.AbstractRemoteTestNG.run(AbstractRemoteTestNG.java:115)
at org.testng.remote.RemoteTestNG.initAndRun(RemoteTestNG.java:293)
at org.testng.remote.RemoteTestNG.main(RemoteTestNG.java:91)
]]>
    </failure>
  </testcase> <!-- VoidAllTransactions -->
  <system-out/>
  <testcase classname="dualprocessor.WorldPayAutoDualProcessor" name="VoidAllTransactions" time="4.692"/>
  <system-out/>
  <testcase classname="dualprocessor.WorldPayAutoDualProcessor" name="resetCounter" time="320.120"/>
  <system-out/>
  <testcase classname="dualprocessor.WorldPayAutoDualProcessor" name="_performNoramal_CD_Sale" time="31.039"/>
  <system-out/>
  <testcase classname="dualprocessor.WorldPayAutoDualProcessor" name="_performNoramal_CD_Sale" time="22.877"/>
  <system-out/>
  <testcase classname="dualprocessor.WorldPayAutoDualProcessor" name="_performNormalFSA_TXN" time="19.973"/>
  <system-out/>
  <testcase classname="dualprocessor.WorldPayAutoDualProcessor" name="_performWIC_TXN" time="33.890"/>
  <system-out/>
  <testcase classname="dualprocessor.WorldPayAutoDualProcessor" name="_performEBT_TXN" time="33.736"/>
  <system-out/>
  <testcase classname="dualprocessor.WorldPayAutoDualProcessor" name="_performEBT_TXN" time="22.293"/>
  <system-out/>
  <testcase classname="dualprocessor.WorldPayAutoDualProcessor" name="PF__performCreditDebit" time="13.040"/>
  <system-out/>
  <testcase classname="dualprocessor.WorldPayAutoDualProcessor" name="PF__performCreditDebit" time="11.296"/>
  <system-out/>
  <testcase classname="dualprocessor.WorldPayAutoDualProcessor" name="PF__performCreditDebit" time="10.841"/>
  <system-out/>
  <testcase classname="dualprocessor.WorldPayAutoDualProcessor" name="PF__performCreditDebit" time="11.098"/>
  <system-out/>
  <testcase classname="dualprocessor.WorldPayAutoDualProcessor" name="__performNoramal_CD_Sale" time="10.571"/>
  <system-out/>
</testsuite> <!-- dualprocessor.WorldPayAutoDualProcessor -->
