<?xml version="1.0" encoding="UTF-8"?>
<!-- Generated by org.testng.reporters.JUnitReportReporter -->
<testsuite hostname="gkillare-win87" failures="0" tests="1" name="mtestcases.IssueReproduce" time="1.287" errors="0" timestamp="2025-01-22T18:53:26 IST" skipped="0">
  <testcase classname="mtestcases.IssueReproduce" name="close" time="1.287"/>
  <system-out/>
</testsuite> <!-- mtestcases.IssueReproduce -->
