<?xml version="1.0" encoding="UTF-8"?>
<!-- Generated by org.testng.reporters.JUnitReportReporter -->
<testsuite hostname="gkillare-win87" failures="0" tests="1" name="mtestcases.TC_Check" time="29.736" errors="0" timestamp="2024-08-07T11:04:54 IST" skipped="0">
  <testcase classname="mtestcases.TC_Check" name="voidOfCheckTransaction" time="29.736"/>
  <system-out/>
</testsuite> <!-- mtestcases.TC_Check -->
