<?xml version="1.0" encoding="UTF-8"?>
<!-- Generated by org.testng.reporters.JUnitReportReporter -->
<testsuite hostname="TKACHA-WIN99" failures="0" tests="1" name="mtestcases.IssueReproduce" time="208.014" errors="0" timestamp="2024-08-30T18:52:00 IST" skipped="0">
  <testcase classname="mtestcases.IssueReproduce" name="doubleChargeIssue" time="208.014"/>
</testsuite> <!-- mtestcases.IssueReproduce -->
