<?xml version="1.0" encoding="UTF-8"?>
<!-- Generated by org.testng.reporters.JUnitReportReporter -->
<testsuite hostname="gkillare-win87" failures="0" tests="1" name="testcases.TC_FSA_Transactions" time="37.275" errors="0" timestamp="2024-03-08T16:43:23 IST" skipped="0">
  <testcase classname="testcases.TC_FSA_Transactions" name="test_FSA_RefundOfSale" time="37.275"/>
  <system-out/>
</testsuite> <!-- testcases.TC_FSA_Transactions -->
