<?xml version="1.0" encoding="UTF-8"?>
<!-- Generated by org.testng.reporters.JUnitReportReporter -->
<testsuite hostname="gkillare-win87" failures="0" tests="3" name="testcases.TC_EBT_Transaction" time="103.352" errors="0" timestamp="2024-03-22T15:43:59 IST" skipped="0">
  <testcase classname="testcases.TC_EBT_Transaction" name="test_EBT_RefundOfSale" time="28.192"/>
  <system-out/>
  <testcase classname="testcases.TC_EBT_Transaction" name="test_EBT_RefundOfSale" time="27.216"/>
  <system-out/>
  <testcase classname="testcases.TC_EBT_Transaction" name="test_EBT_VoidOfSale" time="47.944"/>
  <system-out/>
</testsuite> <!-- testcases.TC_EBT_Transaction -->
