<?xml version="1.0" encoding="UTF-8"?>
<!-- Generated by org.testng.reporters.JUnitReportReporter -->
<testsuite hostname="gkillare-win87" failures="0" tests="10" name="utilities.XLDemo" time="0.479" errors="0" timestamp="2023-10-24T17:05:47 IST" skipped="0">
  <testcase classname="utilities.XLDemo" name="testWriteData" time="0.017"/>
  <system-out/>
  <testcase classname="utilities.XLDemo" name="testWriteData" time="0.212"/>
  <system-out/>
  <testcase classname="utilities.XLDemo" name="testWriteData" time="0.047"/>
  <system-out/>
  <testcase classname="utilities.XLDemo" name="testWriteData" time="0.050"/>
  <system-out/>
  <testcase classname="utilities.XLDemo" name="testWriteData" time="0.036"/>
  <system-out/>
  <testcase classname="utilities.XLDemo" name="testWriteData" time="0.021"/>
  <system-out/>
  <testcase classname="utilities.XLDemo" name="testWriteData" time="0.016"/>
  <system-out/>
  <testcase classname="utilities.XLDemo" name="testWriteData" time="0.039"/>
  <system-out/>
  <testcase classname="utilities.XLDemo" name="testWriteData" time="0.020"/>
  <system-out/>
  <testcase classname="utilities.XLDemo" name="testWriteData" time="0.021"/>
  <system-out/>
</testsuite> <!-- utilities.XLDemo -->
