<?xml version="1.0" encoding="UTF-8"?>
<!-- Generated by org.testng.reporters.JUnitReportReporter -->
<testsuite hostname="gkillare-win87" failures="0" tests="2" name="mtestcases.TC_EBT" time="65.321" errors="0" timestamp="2024-07-28T11:00:06 IST" skipped="0">
  <testcase classname="mtestcases.TC_EBT" name="RefundOfSale" time="33.942"/>
  <system-out/>
  <testcase classname="mtestcases.TC_EBT" name="RefundOfSale" time="31.379"/>
  <system-out/>
</testsuite> <!-- mtestcases.TC_EBT -->
