<?xml version="1.0" encoding="UTF-8"?>
<!-- Generated by org.testng.reporters.JUnitReportReporter -->
<testsuite hostname="gkillare-win87" failures="0" tests="10" name="testcases.WorkigTimeCalculator" time="0.015" errors="0" timestamp="2024-02-06T11:57:22 IST" skipped="0">
  <testcase classname="testcases.WorkigTimeCalculator" name="thread" time="0.001"/>
  <system-out/>
  <testcase classname="testcases.WorkigTimeCalculator" name="thread" time="0.006"/>
  <system-out/>
  <testcase classname="testcases.WorkigTimeCalculator" name="thread" time="0.001"/>
  <system-out/>
  <testcase classname="testcases.WorkigTimeCalculator" name="thread" time="0.001"/>
  <system-out/>
  <testcase classname="testcases.WorkigTimeCalculator" name="thread" time="0.001"/>
  <system-out/>
  <testcase classname="testcases.WorkigTimeCalculator" name="thread" time="0.001"/>
  <system-out/>
  <testcase classname="testcases.WorkigTimeCalculator" name="thread" time="0.001"/>
  <system-out/>
  <testcase classname="testcases.WorkigTimeCalculator" name="thread" time="0.001"/>
  <system-out/>
  <testcase classname="testcases.WorkigTimeCalculator" name="thread" time="0.001"/>
  <system-out/>
  <testcase classname="testcases.WorkigTimeCalculator" name="thread" time="0.001"/>
  <system-out/>
</testsuite> <!-- testcases.WorkigTimeCalculator -->
