<?xml version="1.0" encoding="UTF-8"?>
<!-- Generated by org.testng.reporters.JUnitReportReporter -->
<testsuite hostname="gkillare-win87" failures="0" tests="2" name="mtestcases.TC_eWIC" time="87.529" errors="0" timestamp="2024-07-27T13:48:06 IST" skipped="0">
  <testcase classname="mtestcases.TC_eWIC" name="VoidOfSale" time="40.621"/>
  <system-out/>
  <testcase classname="mtestcases.TC_eWIC" name="VoidOfSale" time="46.908"/>
  <system-out/>
</testsuite> <!-- mtestcases.TC_eWIC -->
