<?xml version="1.0" encoding="UTF-8"?>
<!-- Generated by org.testng.reporters.JUnitReportReporter -->
<testsuite hostname="gkillare-win87" failures="0" tests="1" name="testcases.TransAmountDetails" time="0.098" errors="0" timestamp="2024-01-24T15:59:37 IST" skipped="0">
  <testcase classname="testcases.TransAmountDetails" name="test" time="0.098"/>
  <system-out/>
</testsuite> <!-- testcases.TransAmountDetails -->
