<?xml version="1.0" encoding="UTF-8"?>
<!-- Generated by org.testng.reporters.JUnitReportReporter -->
<testsuite hostname="gkillare-win87" failures="0" tests="5" name="utilities.Utils" time="0.014" errors="0" timestamp="2024-08-01T14:43:20 IST" skipped="0">
  <testcase classname="utilities.Utils" name="sysoSessionId" time="0.004"/>
  <system-out/>
  <testcase classname="utilities.Utils" name="sysoSessionId" time="0.001"/>
  <system-out/>
  <testcase classname="utilities.Utils" name="sysoSessionId" time="0.005"/>
  <system-out/>
  <testcase classname="utilities.Utils" name="sysoSessionId" time="0.001"/>
  <system-out/>
  <testcase classname="utilities.Utils" name="sysoSessionId" time="0.003"/>
  <system-out/>
</testsuite> <!-- utilities.Utils -->
