<?xml version="1.0" encoding="UTF-8"?>
<!-- Generated by org.testng.reporters.JUnitReportReporter -->
<testsuite hostname="gkillare-win87" failures="0" tests="1" name="testcases.TC_API_Sequence" time="5.076" errors="0" timestamp="2024-03-21T05:39:04 GMT-05:00" skipped="0">
  <testcase classname="testcases.TC_API_Sequence" name="test_GCB_ByPass_Activation" time="5.076"/>
  <system-out/>
</testsuite> <!-- testcases.TC_API_Sequence -->
