<?xml version="1.0" encoding="UTF-8"?>
<!-- Generated by org.testng.reporters.JUnitReportReporter -->
<testsuite hostname="gkillare-win87" failures="0" tests="1" name="testcases.processorfailourvantiv.TC_ProcessorFailour10" time="35.923" errors="0" timestamp="2024-02-14T17:21:12 IST" skipped="0">
  <testcase classname="testcases.processorfailourvantiv.TC_ProcessorFailour10" name="DebitSaleLastOne" time="35.923"/>
  <system-out/>
</testsuite> <!-- testcases.processorfailourvantiv.TC_ProcessorFailour10 -->
