<?xml version="1.0" encoding="UTF-8"?>
<!-- Generated by org.testng.reporters.JUnitReportReporter -->
<testsuite hostname="gkillare-win87" failures="0" tests="1" name="mtestcases.TC_RiskAndFraud" time="0.009" errors="0" timestamp="2024-11-28T17:32:06 IST" skipped="0">
  <testcase classname="mtestcases.TC_RiskAndFraud" name="test" time="0.009"/>
  <system-out/>
</testsuite> <!-- mtestcases.TC_RiskAndFraud -->
