<?xml version="1.0" encoding="UTF-8"?>
<!-- Generated by org.testng.reporters.JUnitReportReporter -->
<testsuite hostname="gkillare-win87" failures="0" tests="1" name="dualprocessor.HostHarcodeAmounts" time="12.892" errors="0" timestamp="2024-12-19T17:28:51 IST" skipped="0">
  <testcase classname="dualprocessor.HostHarcodeAmounts" name="PF_performFSA_TXN" time="12.892"/>
  <system-out/>
</testsuite> <!-- dualprocessor.HostHarcodeAmounts -->
