<?xml version="1.0" encoding="UTF-8"?>
<!-- Generated by org.testng.reporters.JUnitReportReporter -->
<testsuite hostname="gkillare-win87" failures="1" tests="45" name="testcases.processorfailourvantiv.TC_ProcessorFailour20" time="946.161" errors="0" timestamp="2024-02-22T15:39:30 IST" skipped="0">
  <testcase classname="testcases.processorfailourvantiv.TC_ProcessorFailour20" name="DebitSale" time="21.564"/>
  <system-out/>
  <testcase classname="testcases.processorfailourvantiv.TC_ProcessorFailour20" name="DebitSale" time="25.091"/>
  <system-out/>
  <testcase classname="testcases.processorfailourvantiv.TC_ProcessorFailour20" name="P_FSA" time="47.072"/>
  <system-out/>
  <testcase classname="testcases.processorfailourvantiv.TC_ProcessorFailour20" name="Ewic_Transactions" time="25.144"/>
  <system-out/>
  <testcase classname="testcases.processorfailourvantiv.TC_ProcessorFailour20" name="P_EBT" time="21.665"/>
  <system-out/>
  <testcase classname="testcases.processorfailourvantiv.TC_ProcessorFailour20" name="P_EBT" time="22.264"/>
  <system-out/>
  <testcase classname="testcases.processorfailourvantiv.TC_ProcessorFailour20" name="F_creditSale" time="27.591"/>
  <system-out/>
  <testcase classname="testcases.processorfailourvantiv.TC_ProcessorFailour20" name="F_creditSale" time="24.867"/>
  <system-out/>
  <testcase classname="testcases.processorfailourvantiv.TC_ProcessorFailour20" name="F_creditSale" time="32.649"/>
  <system-out/>
  <testcase classname="testcases.processorfailourvantiv.TC_ProcessorFailour20" name="P_HardCode__EBT" time="29.962"/>
  <system-out/>
  <testcase classname="testcases.processorfailourvantiv.TC_ProcessorFailour20" name="P_HardCode__EBT" time="30.120"/>
  <system-out/>
  <testcase classname="testcases.processorfailourvantiv.TC_ProcessorFailour20" name="SECOUNDARY_creditAndDebitSale" time="22.680"/>
  <system-out/>
  <testcase classname="testcases.processorfailourvantiv.TC_ProcessorFailour20" name="SECOUNDARY_creditAndDebitSale" time="28.719"/>
  <system-out/>
  <testcase classname="testcases.processorfailourvantiv.TC_ProcessorFailour20" name="SECOUNDARY_creditAndDebitSale" time="34.348"/>
  <system-out/>
  <testcase classname="testcases.processorfailourvantiv.TC_ProcessorFailour20" name="P_SECOUNDARY__FSA" time="43.483"/>
  <system-out/>
  <testcase classname="testcases.processorfailourvantiv.TC_ProcessorFailour20" name="P_SECOUNDARY__EBT" time="24.042"/>
  <system-out/>
  <testcase classname="testcases.processorfailourvantiv.TC_ProcessorFailour20" name="P_SECOUNDARY__EBT" time="23.168"/>
  <system-out/>
  <testcase classname="testcases.processorfailourvantiv.TC_ProcessorFailour20" name="VoidAllTransactions" time="11.892"/>
  <system-out/>
  <testcase classname="testcases.processorfailourvantiv.TC_ProcessorFailour20" name="VoidAllTransactions" time="11.678"/>
  <system-out/>
  <testcase classname="testcases.processorfailourvantiv.TC_ProcessorFailour20" name="VoidAllTransactions" time="11.564"/>
  <system-out/>
  <testcase classname="testcases.processorfailourvantiv.TC_ProcessorFailour20" name="VoidAllTransactions" time="11.247"/>
  <system-out/>
  <testcase classname="testcases.processorfailourvantiv.TC_ProcessorFailour20" name="VoidAllTransactions" time="13.042"/>
  <system-out/>
  <testcase classname="testcases.processorfailourvantiv.TC_ProcessorFailour20" name="VoidAllTransactions" time="11.583"/>
  <system-out/>
  <testcase classname="testcases.processorfailourvantiv.TC_ProcessorFailour20" name="VoidAllTransactions" time="3.826"/>
  <system-out/>
  <testcase classname="testcases.processorfailourvantiv.TC_ProcessorFailour20" name="VoidAllTransactions" time="2.954"/>
  <system-out/>
  <testcase classname="testcases.processorfailourvantiv.TC_ProcessorFailour20" name="VoidAllTransactions" time="3.273"/>
  <system-out/>
  <testcase classname="testcases.processorfailourvantiv.TC_ProcessorFailour20" name="VoidAllTransactions" time="3.592"/>
  <system-out/>
  <testcase classname="testcases.processorfailourvantiv.TC_ProcessorFailour20" name="VoidAllTransactions" time="20.534"/>
  <system-out/>
  <testcase classname="testcases.processorfailourvantiv.TC_ProcessorFailour20" name="VoidAllTransactions" time="13.105"/>
  <system-out/>
  <testcase classname="testcases.processorfailourvantiv.TC_ProcessorFailour20" name="VoidAllTransactions" time="10.840"/>
  <system-out/>
  <testcase classname="testcases.processorfailourvantiv.TC_ProcessorFailour20" name="VoidAllTransactions" time="13.622">
    <failure message="Processor ID MissMatch....... expected [577000322896] but found [null]" type="java.lang.AssertionError">
      <![CDATA[java.lang.AssertionError: Processor ID MissMatch....... expected [577000322896] but found [null]
at org.testng.Assert.fail(Assert.java:99)
at org.testng.Assert.failNotEquals(Assert.java:1037)
at org.testng.Assert.assertEqualsImpl(Assert.java:140)
at org.testng.Assert.assertEquals(Assert.java:122)
at org.testng.Assert.assertEquals(Assert.java:629)
at testcases.processorfailourvantiv.TC_ProcessorFailour20.VoidAllTransactions(TC_ProcessorFailour20.java:860)
at java.base/jdk.internal.reflect.NativeMethodAccessorImpl.invoke0(Native Method)
at java.base/jdk.internal.reflect.NativeMethodAccessorImpl.invoke(NativeMethodAccessorImpl.java:77)
at java.base/jdk.internal.reflect.DelegatingMethodAccessorImpl.invoke(DelegatingMethodAccessorImpl.java:43)
at java.base/java.lang.reflect.Method.invoke(Method.java:568)
at org.testng.internal.MethodInvocationHelper.invokeMethod(MethodInvocationHelper.java:133)
at org.testng.internal.TestInvoker.invokeMethod(TestInvoker.java:598)
at org.testng.internal.TestInvoker.invokeTestMethod(TestInvoker.java:173)
at org.testng.internal.MethodRunner.runInSequence(MethodRunner.java:46)
at org.testng.internal.TestInvoker$MethodInvocationAgent.invoke(TestInvoker.java:824)
at org.testng.internal.TestInvoker.invokeTestMethods(TestInvoker.java:146)
at org.testng.internal.TestMethodWorker.invokeTestMethods(TestMethodWorker.java:146)
at org.testng.internal.TestMethodWorker.run(TestMethodWorker.java:128)
at java.base/java.util.ArrayList.forEach(ArrayList.java:1511)
at org.testng.TestRunner.privateRun(TestRunner.java:794)
at org.testng.TestRunner.run(TestRunner.java:596)
at org.testng.SuiteRunner.runTest(SuiteRunner.java:377)
at org.testng.SuiteRunner.runSequentially(SuiteRunner.java:371)
at org.testng.SuiteRunner.privateRun(SuiteRunner.java:332)
at org.testng.SuiteRunner.run(SuiteRunner.java:276)
at org.testng.SuiteRunnerWorker.runSuite(SuiteRunnerWorker.java:53)
at org.testng.SuiteRunnerWorker.run(SuiteRunnerWorker.java:96)
at org.testng.TestNG.runSuitesSequentially(TestNG.java:1212)
at org.testng.TestNG.runSuitesLocally(TestNG.java:1134)
at org.testng.TestNG.runSuites(TestNG.java:1063)
at org.testng.TestNG.run(TestNG.java:1031)
at org.testng.remote.AbstractRemoteTestNG.run(AbstractRemoteTestNG.java:115)
at org.testng.remote.RemoteTestNG.initAndRun(RemoteTestNG.java:251)
at org.testng.remote.RemoteTestNG.main(RemoteTestNG.java:77)
]]>
    </failure>
  </testcase> <!-- VoidAllTransactions -->
  <system-out/>
  <testcase classname="testcases.processorfailourvantiv.TC_ProcessorFailour20" name="VoidAllTransactions" time="4.556"/>
  <system-out/>
  <testcase classname="testcases.processorfailourvantiv.TC_ProcessorFailour20" name="VoidAllTransactions" time="2.818"/>
  <system-out/>
  <testcase classname="testcases.processorfailourvantiv.TC_ProcessorFailour20" name="VoidAllTransactions" time="16.012"/>
  <system-out/>
  <testcase classname="testcases.processorfailourvantiv.TC_ProcessorFailour20" name="ResetCount" time="35.555"/>
  <system-out/>
  <testcase classname="testcases.processorfailourvantiv.TC_ProcessorFailour20" name="afterResetDebitSale" time="22.907"/>
  <system-out/>
  <testcase classname="testcases.processorfailourvantiv.TC_ProcessorFailour20" name="afterResetDebitSale" time="25.390"/>
  <system-out/>
  <testcase classname="testcases.processorfailourvantiv.TC_ProcessorFailour20" name="P_AfterReset_EBT" time="23.738"/>
  <system-out/>
  <testcase classname="testcases.processorfailourvantiv.TC_ProcessorFailour20" name="P_AfterReset_EBT" time="23.097"/>
  <system-out/>
  <testcase classname="testcases.processorfailourvantiv.TC_ProcessorFailour20" name="P_AfterReset_FSA" time="42.590"/>
  <system-out/>
  <testcase classname="testcases.processorfailourvantiv.TC_ProcessorFailour20" name="F_AfterReset_creditSale" time="25.026"/>
  <system-out/>
  <testcase classname="testcases.processorfailourvantiv.TC_ProcessorFailour20" name="F_AfterReset_creditSale" time="23.424"/>
  <system-out/>
  <testcase classname="testcases.processorfailourvantiv.TC_ProcessorFailour20" name="F_AfterReset_creditSale" time="23.778"/>
  <system-out/>
  <testcase classname="testcases.processorfailourvantiv.TC_ProcessorFailour20" name="F_AfterReset_creditSale" time="23.267"/>
  <system-out/>
  <testcase classname="testcases.processorfailourvantiv.TC_ProcessorFailour20" name="DebitSaleLastOne" time="26.822"/>
  <system-out/>
</testsuite> <!-- testcases.processorfailourvantiv.TC_ProcessorFailour20 -->
