<?xml version="1.0" encoding="UTF-8"?>
<!-- Generated by org.testng.reporters.JUnitReportReporter -->
<testsuite hostname="gkillare-win87" failures="0" tests="300" name="mtestcases.TC_CIandCRM" time="5665.619" errors="0" timestamp="2024-09-27T15:22:05 IST" skipped="0">
  <testcase classname="mtestcases.TC_CIandCRM" name="testCIRefundOfSale" time="22.349"/>
  <system-out/>
  <testcase classname="mtestcases.TC_CIandCRM" name="testCIRefundOfSale" time="19.008"/>
  <system-out/>
  <testcase classname="mtestcases.TC_CIandCRM" name="testCIRefundOfSale" time="19.274"/>
  <system-out/>
  <testcase classname="mtestcases.TC_CIandCRM" name="testCIRefundOfSale" time="18.174"/>
  <system-out/>
  <testcase classname="mtestcases.TC_CIandCRM" name="testCIRefundOfSale" time="17.247"/>
  <system-out/>
  <testcase classname="mtestcases.TC_CIandCRM" name="testCIRefundOfSale" time="16.901"/>
  <system-out/>
  <testcase classname="mtestcases.TC_CIandCRM" name="testCIRefundOfSale" time="16.953"/>
  <system-out/>
  <testcase classname="mtestcases.TC_CIandCRM" name="testCIRefundOfSale" time="16.903"/>
  <system-out/>
  <testcase classname="mtestcases.TC_CIandCRM" name="testCIRefundOfSale" time="17.385"/>
  <system-out/>
  <testcase classname="mtestcases.TC_CIandCRM" name="testCIRefundOfSale" time="17.043"/>
  <system-out/>
  <testcase classname="mtestcases.TC_CIandCRM" name="testCIRefundOfSale" time="18.730"/>
  <system-out/>
  <testcase classname="mtestcases.TC_CIandCRM" name="testCIRefundOfSale" time="18.317"/>
  <system-out/>
  <testcase classname="mtestcases.TC_CIandCRM" name="testCIRefundOfSale" time="16.997"/>
  <system-out/>
  <testcase classname="mtestcases.TC_CIandCRM" name="testCIRefundOfSale" time="17.025"/>
  <system-out/>
  <testcase classname="mtestcases.TC_CIandCRM" name="testCIRefundOfSale" time="18.906"/>
  <system-out/>
  <testcase classname="mtestcases.TC_CIandCRM" name="testCIRefundOfSale" time="16.894"/>
  <system-out/>
  <testcase classname="mtestcases.TC_CIandCRM" name="testCIRefundOfSale" time="16.979"/>
  <system-out/>
  <testcase classname="mtestcases.TC_CIandCRM" name="testCIRefundOfSale" time="17.047"/>
  <system-out/>
  <testcase classname="mtestcases.TC_CIandCRM" name="testCIRefundOfSale" time="17.165"/>
  <system-out/>
  <testcase classname="mtestcases.TC_CIandCRM" name="testCIRefundOfSale" time="17.584"/>
  <system-out/>
  <testcase classname="mtestcases.TC_CIandCRM" name="testCIRefundOfSale" time="16.715"/>
  <system-out/>
  <testcase classname="mtestcases.TC_CIandCRM" name="testCIRefundOfSale" time="18.044"/>
  <system-out/>
  <testcase classname="mtestcases.TC_CIandCRM" name="testCIRefundOfSale" time="16.451"/>
  <system-out/>
  <testcase classname="mtestcases.TC_CIandCRM" name="testCIRefundOfSale" time="18.097"/>
  <system-out/>
  <testcase classname="mtestcases.TC_CIandCRM" name="testCIRefundOfSale" time="17.426"/>
  <system-out/>
  <testcase classname="mtestcases.TC_CIandCRM" name="testCIRefundOfSale" time="16.676"/>
  <system-out/>
  <testcase classname="mtestcases.TC_CIandCRM" name="testCIRefundOfSale" time="18.395"/>
  <system-out/>
  <testcase classname="mtestcases.TC_CIandCRM" name="testCIRefundOfSale" time="16.912"/>
  <system-out/>
  <testcase classname="mtestcases.TC_CIandCRM" name="testCIRefundOfSale" time="17.558"/>
  <system-out/>
  <testcase classname="mtestcases.TC_CIandCRM" name="testCIRefundOfSale" time="17.670"/>
  <system-out/>
  <testcase classname="mtestcases.TC_CIandCRM" name="testCIRefundOfSale" time="17.804"/>
  <system-out/>
  <testcase classname="mtestcases.TC_CIandCRM" name="testCIRefundOfSale" time="16.868"/>
  <system-out/>
  <testcase classname="mtestcases.TC_CIandCRM" name="testCIRefundOfSale" time="16.676"/>
  <system-out/>
  <testcase classname="mtestcases.TC_CIandCRM" name="testCIRefundOfSale" time="17.459"/>
  <system-out/>
  <testcase classname="mtestcases.TC_CIandCRM" name="testCIRefundOfSale" time="17.911"/>
  <system-out/>
  <testcase classname="mtestcases.TC_CIandCRM" name="testCIRefundOfSale" time="178.993"/>
  <system-out/>
  <testcase classname="mtestcases.TC_CIandCRM" name="testCIRefundOfSale" time="17.109"/>
  <system-out/>
  <testcase classname="mtestcases.TC_CIandCRM" name="testCIRefundOfSale" time="17.822"/>
  <system-out/>
  <testcase classname="mtestcases.TC_CIandCRM" name="testCIRefundOfSale" time="17.178"/>
  <system-out/>
  <testcase classname="mtestcases.TC_CIandCRM" name="testCIRefundOfSale" time="17.159"/>
  <system-out/>
  <testcase classname="mtestcases.TC_CIandCRM" name="testCIRefundOfSale" time="16.790"/>
  <system-out/>
  <testcase classname="mtestcases.TC_CIandCRM" name="testCIRefundOfSale" time="19.638"/>
  <system-out/>
  <testcase classname="mtestcases.TC_CIandCRM" name="testCIRefundOfSale" time="16.658"/>
  <system-out/>
  <testcase classname="mtestcases.TC_CIandCRM" name="testCIRefundOfSale" time="16.666"/>
  <system-out/>
  <testcase classname="mtestcases.TC_CIandCRM" name="testCIRefundOfSale" time="17.030"/>
  <system-out/>
  <testcase classname="mtestcases.TC_CIandCRM" name="testCIRefundOfSale" time="21.213"/>
  <system-out/>
  <testcase classname="mtestcases.TC_CIandCRM" name="testCIRefundOfSale" time="17.081"/>
  <system-out/>
  <testcase classname="mtestcases.TC_CIandCRM" name="testCIRefundOfSale" time="17.437"/>
  <system-out/>
  <testcase classname="mtestcases.TC_CIandCRM" name="testCIRefundOfSale" time="17.651"/>
  <system-out/>
  <testcase classname="mtestcases.TC_CIandCRM" name="testCIRefundOfSale" time="18.095"/>
  <system-out/>
  <testcase classname="mtestcases.TC_CIandCRM" name="testCIVoidOfSale" time="17.039"/>
  <system-out/>
  <testcase classname="mtestcases.TC_CIandCRM" name="testCIVoidOfSale" time="17.922"/>
  <system-out/>
  <testcase classname="mtestcases.TC_CIandCRM" name="testCIVoidOfSale" time="18.171"/>
  <system-out/>
  <testcase classname="mtestcases.TC_CIandCRM" name="testCIVoidOfSale" time="17.181"/>
  <system-out/>
  <testcase classname="mtestcases.TC_CIandCRM" name="testCIVoidOfSale" time="17.761"/>
  <system-out/>
  <testcase classname="mtestcases.TC_CIandCRM" name="testCIVoidOfSale" time="19.539"/>
  <system-out/>
  <testcase classname="mtestcases.TC_CIandCRM" name="testCIVoidOfSale" time="41.943"/>
  <system-out/>
  <testcase classname="mtestcases.TC_CIandCRM" name="testCIVoidOfSale" time="178.791"/>
  <system-out/>
  <testcase classname="mtestcases.TC_CIandCRM" name="testCIVoidOfSale" time="17.403"/>
  <system-out/>
  <testcase classname="mtestcases.TC_CIandCRM" name="testCIVoidOfSale" time="16.978"/>
  <system-out/>
  <testcase classname="mtestcases.TC_CIandCRM" name="testCIVoidOfSale" time="41.261"/>
  <system-out/>
  <testcase classname="mtestcases.TC_CIandCRM" name="testCIVoidOfSale" time="17.977"/>
  <system-out/>
  <testcase classname="mtestcases.TC_CIandCRM" name="testCIVoidOfSale" time="16.452"/>
  <system-out/>
  <testcase classname="mtestcases.TC_CIandCRM" name="testCIVoidOfSale" time="17.229"/>
  <system-out/>
  <testcase classname="mtestcases.TC_CIandCRM" name="testCIVoidOfSale" time="39.878"/>
  <system-out/>
  <testcase classname="mtestcases.TC_CIandCRM" name="testCIVoidOfSale" time="16.678"/>
  <system-out/>
  <testcase classname="mtestcases.TC_CIandCRM" name="testCIVoidOfSale" time="17.606"/>
  <system-out/>
  <testcase classname="mtestcases.TC_CIandCRM" name="testCIVoidOfSale" time="17.353"/>
  <system-out/>
  <testcase classname="mtestcases.TC_CIandCRM" name="testCIVoidOfSale" time="18.691"/>
  <system-out/>
  <testcase classname="mtestcases.TC_CIandCRM" name="testCIVoidOfSale" time="16.820"/>
  <system-out/>
  <testcase classname="mtestcases.TC_CIandCRM" name="testCIVoidOfSale" time="16.872"/>
  <system-out/>
  <testcase classname="mtestcases.TC_CIandCRM" name="testCIVoidOfSale" time="16.678"/>
  <system-out/>
  <testcase classname="mtestcases.TC_CIandCRM" name="testCIVoidOfSale" time="16.820"/>
  <system-out/>
  <testcase classname="mtestcases.TC_CIandCRM" name="testCIVoidOfSale" time="18.883"/>
  <system-out/>
  <testcase classname="mtestcases.TC_CIandCRM" name="testCIVoidOfSale" time="16.956"/>
  <system-out/>
  <testcase classname="mtestcases.TC_CIandCRM" name="testCIVoidOfSale" time="18.345"/>
  <system-out/>
  <testcase classname="mtestcases.TC_CIandCRM" name="testCIVoidOfSale" time="16.780"/>
  <system-out/>
  <testcase classname="mtestcases.TC_CIandCRM" name="testCIVoidOfSale" time="18.823"/>
  <system-out/>
  <testcase classname="mtestcases.TC_CIandCRM" name="testCIVoidOfSale" time="17.191"/>
  <system-out/>
  <testcase classname="mtestcases.TC_CIandCRM" name="testCIVoidOfSale" time="18.285"/>
  <system-out/>
  <testcase classname="mtestcases.TC_CIandCRM" name="testCIVoidOfSale" time="16.139"/>
  <system-out/>
  <testcase classname="mtestcases.TC_CIandCRM" name="testCIVoidOfSale" time="16.940"/>
  <system-out/>
  <testcase classname="mtestcases.TC_CIandCRM" name="testCIVoidOfSale" time="17.454"/>
  <system-out/>
  <testcase classname="mtestcases.TC_CIandCRM" name="testCIVoidOfSale" time="16.798"/>
  <system-out/>
  <testcase classname="mtestcases.TC_CIandCRM" name="testCIVoidOfSale" time="17.102"/>
  <system-out/>
  <testcase classname="mtestcases.TC_CIandCRM" name="testCIVoidOfSale" time="17.455"/>
  <system-out/>
  <testcase classname="mtestcases.TC_CIandCRM" name="testCIVoidOfSale" time="17.655"/>
  <system-out/>
  <testcase classname="mtestcases.TC_CIandCRM" name="testCIVoidOfSale" time="39.224"/>
  <system-out/>
  <testcase classname="mtestcases.TC_CIandCRM" name="testCIVoidOfSale" time="17.178"/>
  <system-out/>
  <testcase classname="mtestcases.TC_CIandCRM" name="testCIVoidOfSale" time="17.077"/>
  <system-out/>
  <testcase classname="mtestcases.TC_CIandCRM" name="testCIVoidOfSale" time="17.655"/>
  <system-out/>
  <testcase classname="mtestcases.TC_CIandCRM" name="testCIVoidOfSale" time="16.759"/>
  <system-out/>
  <testcase classname="mtestcases.TC_CIandCRM" name="testCIVoidOfSale" time="17.624"/>
  <system-out/>
  <testcase classname="mtestcases.TC_CIandCRM" name="testCIVoidOfSale" time="16.880"/>
  <system-out/>
  <testcase classname="mtestcases.TC_CIandCRM" name="testCIVoidOfSale" time="17.100"/>
  <system-out/>
  <testcase classname="mtestcases.TC_CIandCRM" name="testCIVoidOfSale" time="18.447"/>
  <system-out/>
  <testcase classname="mtestcases.TC_CIandCRM" name="testCIVoidOfSale" time="19.207"/>
  <system-out/>
  <testcase classname="mtestcases.TC_CIandCRM" name="testCIVoidOfSale" time="16.822"/>
  <system-out/>
  <testcase classname="mtestcases.TC_CIandCRM" name="testCIVoidOfSale" time="16.953"/>
  <system-out/>
  <testcase classname="mtestcases.TC_CIandCRM" name="testCIVoidOfSale" time="16.914"/>
  <system-out/>
  <testcase classname="mtestcases.TC_CIandCRM" name="testCIVoidOfRefundwithoutsale" time="16.737"/>
  <system-out/>
  <testcase classname="mtestcases.TC_CIandCRM" name="testCIVoidOfRefundwithoutsale" time="18.321"/>
  <system-out/>
  <testcase classname="mtestcases.TC_CIandCRM" name="testCIVoidOfRefundwithoutsale" time="18.077"/>
  <system-out/>
  <testcase classname="mtestcases.TC_CIandCRM" name="testCIVoidOfRefundwithoutsale" time="16.481"/>
  <system-out/>
  <testcase classname="mtestcases.TC_CIandCRM" name="testCIVoidOfRefundwithoutsale" time="16.585"/>
  <system-out/>
  <testcase classname="mtestcases.TC_CIandCRM" name="testCIVoidOfRefundwithoutsale" time="18.136"/>
  <system-out/>
  <testcase classname="mtestcases.TC_CIandCRM" name="testCIVoidOfRefundwithoutsale" time="17.944"/>
  <system-out/>
  <testcase classname="mtestcases.TC_CIandCRM" name="testCIVoidOfRefundwithoutsale" time="16.756"/>
  <system-out/>
  <testcase classname="mtestcases.TC_CIandCRM" name="testCIVoidOfRefundwithoutsale" time="16.642"/>
  <system-out/>
  <testcase classname="mtestcases.TC_CIandCRM" name="testCIVoidOfRefundwithoutsale" time="18.169"/>
  <system-out/>
  <testcase classname="mtestcases.TC_CIandCRM" name="testCIVoidOfRefundwithoutsale" time="16.994"/>
  <system-out/>
  <testcase classname="mtestcases.TC_CIandCRM" name="testCIVoidOfRefundwithoutsale" time="18.251"/>
  <system-out/>
  <testcase classname="mtestcases.TC_CIandCRM" name="testCIVoidOfRefundwithoutsale" time="18.527"/>
  <system-out/>
  <testcase classname="mtestcases.TC_CIandCRM" name="testCIVoidOfRefundwithoutsale" time="18.164"/>
  <system-out/>
  <testcase classname="mtestcases.TC_CIandCRM" name="testCIVoidOfRefundwithoutsale" time="16.432"/>
  <system-out/>
  <testcase classname="mtestcases.TC_CIandCRM" name="testCIVoidOfRefundwithoutsale" time="21.313"/>
  <system-out/>
  <testcase classname="mtestcases.TC_CIandCRM" name="testCIVoidOfRefundwithoutsale" time="18.748"/>
  <system-out/>
  <testcase classname="mtestcases.TC_CIandCRM" name="testCIVoidOfRefundwithoutsale" time="19.478"/>
  <system-out/>
  <testcase classname="mtestcases.TC_CIandCRM" name="testCIVoidOfRefundwithoutsale" time="17.025"/>
  <system-out/>
  <testcase classname="mtestcases.TC_CIandCRM" name="testCIVoidOfRefundwithoutsale" time="16.738"/>
  <system-out/>
  <testcase classname="mtestcases.TC_CIandCRM" name="testCIVoidOfRefundwithoutsale" time="19.083"/>
  <system-out/>
  <testcase classname="mtestcases.TC_CIandCRM" name="testCIVoidOfRefundwithoutsale" time="18.300"/>
  <system-out/>
  <testcase classname="mtestcases.TC_CIandCRM" name="testCIVoidOfRefundwithoutsale" time="16.864"/>
  <system-out/>
  <testcase classname="mtestcases.TC_CIandCRM" name="testCIVoidOfRefundwithoutsale" time="17.024"/>
  <system-out/>
  <testcase classname="mtestcases.TC_CIandCRM" name="testCIVoidOfRefundwithoutsale" time="17.183"/>
  <system-out/>
  <testcase classname="mtestcases.TC_CIandCRM" name="testCIVoidOfRefundwithoutsale" time="19.190"/>
  <system-out/>
  <testcase classname="mtestcases.TC_CIandCRM" name="testCIVoidOfRefundwithoutsale" time="16.822"/>
  <system-out/>
  <testcase classname="mtestcases.TC_CIandCRM" name="testCIVoidOfRefundwithoutsale" time="17.676"/>
  <system-out/>
  <testcase classname="mtestcases.TC_CIandCRM" name="testCIVoidOfRefundwithoutsale" time="16.768"/>
  <system-out/>
  <testcase classname="mtestcases.TC_CIandCRM" name="testCIVoidOfRefundwithoutsale" time="17.053"/>
  <system-out/>
  <testcase classname="mtestcases.TC_CIandCRM" name="testCIVoidOfRefundwithoutsale" time="17.552"/>
  <system-out/>
  <testcase classname="mtestcases.TC_CIandCRM" name="testCIVoidOfRefundwithoutsale" time="18.450"/>
  <system-out/>
  <testcase classname="mtestcases.TC_CIandCRM" name="testCIVoidOfRefundwithoutsale" time="19.717"/>
  <system-out/>
  <testcase classname="mtestcases.TC_CIandCRM" name="testCIVoidOfRefundwithoutsale" time="178.614"/>
  <system-out/>
  <testcase classname="mtestcases.TC_CIandCRM" name="testCIVoidOfRefundwithoutsale" time="17.045"/>
  <system-out/>
  <testcase classname="mtestcases.TC_CIandCRM" name="testCIVoidOfRefundwithoutsale" time="16.976"/>
  <system-out/>
  <testcase classname="mtestcases.TC_CIandCRM" name="testCIVoidOfRefundwithoutsale" time="16.968"/>
  <system-out/>
  <testcase classname="mtestcases.TC_CIandCRM" name="testCIVoidOfRefundwithoutsale" time="17.406"/>
  <system-out/>
  <testcase classname="mtestcases.TC_CIandCRM" name="testCIVoidOfRefundwithoutsale" time="17.477"/>
  <system-out/>
  <testcase classname="mtestcases.TC_CIandCRM" name="testCIVoidOfRefundwithoutsale" time="19.507"/>
  <system-out/>
  <testcase classname="mtestcases.TC_CIandCRM" name="testCIVoidOfRefundwithoutsale" time="17.029"/>
  <system-out/>
  <testcase classname="mtestcases.TC_CIandCRM" name="testCIVoidOfRefundwithoutsale" time="16.855"/>
  <system-out/>
  <testcase classname="mtestcases.TC_CIandCRM" name="testCIVoidOfRefundwithoutsale" time="16.676"/>
  <system-out/>
  <testcase classname="mtestcases.TC_CIandCRM" name="testCIVoidOfRefundwithoutsale" time="19.760"/>
  <system-out/>
  <testcase classname="mtestcases.TC_CIandCRM" name="testCIVoidOfRefundwithoutsale" time="17.149"/>
  <system-out/>
  <testcase classname="mtestcases.TC_CIandCRM" name="testCIVoidOfRefundwithoutsale" time="17.891"/>
  <system-out/>
  <testcase classname="mtestcases.TC_CIandCRM" name="testCIVoidOfRefundwithoutsale" time="18.898"/>
  <system-out/>
  <testcase classname="mtestcases.TC_CIandCRM" name="testCIVoidOfRefundwithoutsale" time="17.268"/>
  <system-out/>
  <testcase classname="mtestcases.TC_CIandCRM" name="testCIVoidOfRefundwithoutsale" time="18.045"/>
  <system-out/>
  <testcase classname="mtestcases.TC_CIandCRM" name="testCIVoidOfRefundwithoutsale" time="16.715"/>
  <system-out/>
  <testcase classname="mtestcases.TC_CIandCRM" name="testCRMRefundOfSale" time="17.266"/>
  <system-out/>
  <testcase classname="mtestcases.TC_CIandCRM" name="testCRMRefundOfSale" time="15.686"/>
  <system-out/>
  <testcase classname="mtestcases.TC_CIandCRM" name="testCRMRefundOfSale" time="16.536"/>
  <system-out/>
  <testcase classname="mtestcases.TC_CIandCRM" name="testCRMRefundOfSale" time="15.968"/>
  <system-out/>
  <testcase classname="mtestcases.TC_CIandCRM" name="testCRMRefundOfSale" time="16.291"/>
  <system-out/>
  <testcase classname="mtestcases.TC_CIandCRM" name="testCRMRefundOfSale" time="15.435"/>
  <system-out/>
  <testcase classname="mtestcases.TC_CIandCRM" name="testCRMRefundOfSale" time="16.335"/>
  <system-out/>
  <testcase classname="mtestcases.TC_CIandCRM" name="testCRMRefundOfSale" time="16.087"/>
  <system-out/>
  <testcase classname="mtestcases.TC_CIandCRM" name="testCRMRefundOfSale" time="15.277"/>
  <system-out/>
  <testcase classname="mtestcases.TC_CIandCRM" name="testCRMRefundOfSale" time="15.769"/>
  <system-out/>
  <testcase classname="mtestcases.TC_CIandCRM" name="testCRMRefundOfSale" time="18.841"/>
  <system-out/>
  <testcase classname="mtestcases.TC_CIandCRM" name="testCRMRefundOfSale" time="17.789"/>
  <system-out/>
  <testcase classname="mtestcases.TC_CIandCRM" name="testCRMRefundOfSale" time="16.792"/>
  <system-out/>
  <testcase classname="mtestcases.TC_CIandCRM" name="testCRMRefundOfSale" time="15.613"/>
  <system-out/>
  <testcase classname="mtestcases.TC_CIandCRM" name="testCRMRefundOfSale" time="16.046"/>
  <system-out/>
  <testcase classname="mtestcases.TC_CIandCRM" name="testCRMRefundOfSale" time="15.618"/>
  <system-out/>
  <testcase classname="mtestcases.TC_CIandCRM" name="testCRMRefundOfSale" time="19.402"/>
  <system-out/>
  <testcase classname="mtestcases.TC_CIandCRM" name="testCRMRefundOfSale" time="15.644"/>
  <system-out/>
  <testcase classname="mtestcases.TC_CIandCRM" name="testCRMRefundOfSale" time="16.071"/>
  <system-out/>
  <testcase classname="mtestcases.TC_CIandCRM" name="testCRMRefundOfSale" time="16.429"/>
  <system-out/>
  <testcase classname="mtestcases.TC_CIandCRM" name="testCRMRefundOfSale" time="15.979"/>
  <system-out/>
  <testcase classname="mtestcases.TC_CIandCRM" name="testCRMRefundOfSale" time="15.846"/>
  <system-out/>
  <testcase classname="mtestcases.TC_CIandCRM" name="testCRMRefundOfSale" time="17.736"/>
  <system-out/>
  <testcase classname="mtestcases.TC_CIandCRM" name="testCRMRefundOfSale" time="16.580"/>
  <system-out/>
  <testcase classname="mtestcases.TC_CIandCRM" name="testCRMRefundOfSale" time="15.483"/>
  <system-out/>
  <testcase classname="mtestcases.TC_CIandCRM" name="testCRMRefundOfSale" time="15.666"/>
  <system-out/>
  <testcase classname="mtestcases.TC_CIandCRM" name="testCRMRefundOfSale" time="15.653"/>
  <system-out/>
  <testcase classname="mtestcases.TC_CIandCRM" name="testCRMRefundOfSale" time="17.232"/>
  <system-out/>
  <testcase classname="mtestcases.TC_CIandCRM" name="testCRMRefundOfSale" time="16.563"/>
  <system-out/>
  <testcase classname="mtestcases.TC_CIandCRM" name="testCRMRefundOfSale" time="16.484"/>
  <system-out/>
  <testcase classname="mtestcases.TC_CIandCRM" name="testCRMRefundOfSale" time="15.675"/>
  <system-out/>
  <testcase classname="mtestcases.TC_CIandCRM" name="testCRMRefundOfSale" time="16.150"/>
  <system-out/>
  <testcase classname="mtestcases.TC_CIandCRM" name="testCRMRefundOfSale" time="15.330"/>
  <system-out/>
  <testcase classname="mtestcases.TC_CIandCRM" name="testCRMRefundOfSale" time="15.469"/>
  <system-out/>
  <testcase classname="mtestcases.TC_CIandCRM" name="testCRMRefundOfSale" time="15.621"/>
  <system-out/>
  <testcase classname="mtestcases.TC_CIandCRM" name="testCRMRefundOfSale" time="15.603"/>
  <system-out/>
  <testcase classname="mtestcases.TC_CIandCRM" name="testCRMRefundOfSale" time="17.360"/>
  <system-out/>
  <testcase classname="mtestcases.TC_CIandCRM" name="testCRMRefundOfSale" time="15.735"/>
  <system-out/>
  <testcase classname="mtestcases.TC_CIandCRM" name="testCRMRefundOfSale" time="16.269"/>
  <system-out/>
  <testcase classname="mtestcases.TC_CIandCRM" name="testCRMRefundOfSale" time="17.840"/>
  <system-out/>
  <testcase classname="mtestcases.TC_CIandCRM" name="testCRMRefundOfSale" time="15.908"/>
  <system-out/>
  <testcase classname="mtestcases.TC_CIandCRM" name="testCRMRefundOfSale" time="15.884"/>
  <system-out/>
  <testcase classname="mtestcases.TC_CIandCRM" name="testCRMRefundOfSale" time="15.509"/>
  <system-out/>
  <testcase classname="mtestcases.TC_CIandCRM" name="testCRMRefundOfSale" time="16.402"/>
  <system-out/>
  <testcase classname="mtestcases.TC_CIandCRM" name="testCRMRefundOfSale" time="16.779"/>
  <system-out/>
  <testcase classname="mtestcases.TC_CIandCRM" name="testCRMRefundOfSale" time="17.505"/>
  <system-out/>
  <testcase classname="mtestcases.TC_CIandCRM" name="testCRMRefundOfSale" time="15.916"/>
  <system-out/>
  <testcase classname="mtestcases.TC_CIandCRM" name="testCRMRefundOfSale" time="15.486"/>
  <system-out/>
  <testcase classname="mtestcases.TC_CIandCRM" name="testCRMRefundOfSale" time="15.493"/>
  <system-out/>
  <testcase classname="mtestcases.TC_CIandCRM" name="testCRMRefundOfSale" time="18.231"/>
  <system-out/>
  <testcase classname="mtestcases.TC_CIandCRM" name="testCRMVoidOfSale" time="15.547"/>
  <system-out/>
  <testcase classname="mtestcases.TC_CIandCRM" name="testCRMVoidOfSale" time="15.660"/>
  <system-out/>
  <testcase classname="mtestcases.TC_CIandCRM" name="testCRMVoidOfSale" time="16.043"/>
  <system-out/>
  <testcase classname="mtestcases.TC_CIandCRM" name="testCRMVoidOfSale" time="15.724"/>
  <system-out/>
  <testcase classname="mtestcases.TC_CIandCRM" name="testCRMVoidOfSale" time="16.291"/>
  <system-out/>
  <testcase classname="mtestcases.TC_CIandCRM" name="testCRMVoidOfSale" time="16.930"/>
  <system-out/>
  <testcase classname="mtestcases.TC_CIandCRM" name="testCRMVoidOfSale" time="16.230"/>
  <system-out/>
  <testcase classname="mtestcases.TC_CIandCRM" name="testCRMVoidOfSale" time="15.633"/>
  <system-out/>
  <testcase classname="mtestcases.TC_CIandCRM" name="testCRMVoidOfSale" time="15.499"/>
  <system-out/>
  <testcase classname="mtestcases.TC_CIandCRM" name="testCRMVoidOfSale" time="15.745"/>
  <system-out/>
  <testcase classname="mtestcases.TC_CIandCRM" name="testCRMVoidOfSale" time="15.654"/>
  <system-out/>
  <testcase classname="mtestcases.TC_CIandCRM" name="testCRMVoidOfSale" time="17.852"/>
  <system-out/>
  <testcase classname="mtestcases.TC_CIandCRM" name="testCRMVoidOfSale" time="15.425"/>
  <system-out/>
  <testcase classname="mtestcases.TC_CIandCRM" name="testCRMVoidOfSale" time="17.070"/>
  <system-out/>
  <testcase classname="mtestcases.TC_CIandCRM" name="testCRMVoidOfSale" time="15.740"/>
  <system-out/>
  <testcase classname="mtestcases.TC_CIandCRM" name="testCRMVoidOfSale" time="15.382"/>
  <system-out/>
  <testcase classname="mtestcases.TC_CIandCRM" name="testCRMVoidOfSale" time="15.746"/>
  <system-out/>
  <testcase classname="mtestcases.TC_CIandCRM" name="testCRMVoidOfSale" time="15.508"/>
  <system-out/>
  <testcase classname="mtestcases.TC_CIandCRM" name="testCRMVoidOfSale" time="15.683"/>
  <system-out/>
  <testcase classname="mtestcases.TC_CIandCRM" name="testCRMVoidOfSale" time="15.320"/>
  <system-out/>
  <testcase classname="mtestcases.TC_CIandCRM" name="testCRMVoidOfSale" time="16.271"/>
  <system-out/>
  <testcase classname="mtestcases.TC_CIandCRM" name="testCRMVoidOfSale" time="16.613"/>
  <system-out/>
  <testcase classname="mtestcases.TC_CIandCRM" name="testCRMVoidOfSale" time="15.471"/>
  <system-out/>
  <testcase classname="mtestcases.TC_CIandCRM" name="testCRMVoidOfSale" time="15.536"/>
  <system-out/>
  <testcase classname="mtestcases.TC_CIandCRM" name="testCRMVoidOfSale" time="15.571"/>
  <system-out/>
  <testcase classname="mtestcases.TC_CIandCRM" name="testCRMVoidOfSale" time="17.251"/>
  <system-out/>
  <testcase classname="mtestcases.TC_CIandCRM" name="testCRMVoidOfSale" time="17.787"/>
  <system-out/>
  <testcase classname="mtestcases.TC_CIandCRM" name="testCRMVoidOfSale" time="15.937"/>
  <system-out/>
  <testcase classname="mtestcases.TC_CIandCRM" name="testCRMVoidOfSale" time="16.168"/>
  <system-out/>
  <testcase classname="mtestcases.TC_CIandCRM" name="testCRMVoidOfSale" time="15.830"/>
  <system-out/>
  <testcase classname="mtestcases.TC_CIandCRM" name="testCRMVoidOfSale" time="14.964"/>
  <system-out/>
  <testcase classname="mtestcases.TC_CIandCRM" name="testCRMVoidOfSale" time="16.268"/>
  <system-out/>
  <testcase classname="mtestcases.TC_CIandCRM" name="testCRMVoidOfSale" time="17.492"/>
  <system-out/>
  <testcase classname="mtestcases.TC_CIandCRM" name="testCRMVoidOfSale" time="16.437"/>
  <system-out/>
  <testcase classname="mtestcases.TC_CIandCRM" name="testCRMVoidOfSale" time="15.981"/>
  <system-out/>
  <testcase classname="mtestcases.TC_CIandCRM" name="testCRMVoidOfSale" time="16.974"/>
  <system-out/>
  <testcase classname="mtestcases.TC_CIandCRM" name="testCRMVoidOfSale" time="15.444"/>
  <system-out/>
  <testcase classname="mtestcases.TC_CIandCRM" name="testCRMVoidOfSale" time="16.230"/>
  <system-out/>
  <testcase classname="mtestcases.TC_CIandCRM" name="testCRMVoidOfSale" time="16.619"/>
  <system-out/>
  <testcase classname="mtestcases.TC_CIandCRM" name="testCRMVoidOfSale" time="15.783"/>
  <system-out/>
  <testcase classname="mtestcases.TC_CIandCRM" name="testCRMVoidOfSale" time="16.364"/>
  <system-out/>
  <testcase classname="mtestcases.TC_CIandCRM" name="testCRMVoidOfSale" time="16.117"/>
  <system-out/>
  <testcase classname="mtestcases.TC_CIandCRM" name="testCRMVoidOfSale" time="17.749"/>
  <system-out/>
  <testcase classname="mtestcases.TC_CIandCRM" name="testCRMVoidOfSale" time="16.832"/>
  <system-out/>
  <testcase classname="mtestcases.TC_CIandCRM" name="testCRMVoidOfSale" time="18.223"/>
  <system-out/>
  <testcase classname="mtestcases.TC_CIandCRM" name="testCRMVoidOfSale" time="14.822"/>
  <system-out/>
  <testcase classname="mtestcases.TC_CIandCRM" name="testCRMVoidOfSale" time="15.895"/>
  <system-out/>
  <testcase classname="mtestcases.TC_CIandCRM" name="testCRMVoidOfSale" time="15.852"/>
  <system-out/>
  <testcase classname="mtestcases.TC_CIandCRM" name="testCRMVoidOfSale" time="15.517"/>
  <system-out/>
  <testcase classname="mtestcases.TC_CIandCRM" name="testCRMVoidOfSale" time="16.284"/>
  <system-out/>
  <testcase classname="mtestcases.TC_CIandCRM" name="testCRMVoidOfRefundwithoutsale" time="18.061"/>
  <system-out/>
  <testcase classname="mtestcases.TC_CIandCRM" name="testCRMVoidOfRefundwithoutsale" time="15.813"/>
  <system-out/>
  <testcase classname="mtestcases.TC_CIandCRM" name="testCRMVoidOfRefundwithoutsale" time="18.443"/>
  <system-out/>
  <testcase classname="mtestcases.TC_CIandCRM" name="testCRMVoidOfRefundwithoutsale" time="15.686"/>
  <system-out/>
  <testcase classname="mtestcases.TC_CIandCRM" name="testCRMVoidOfRefundwithoutsale" time="15.998"/>
  <system-out/>
  <testcase classname="mtestcases.TC_CIandCRM" name="testCRMVoidOfRefundwithoutsale" time="18.108"/>
  <system-out/>
  <testcase classname="mtestcases.TC_CIandCRM" name="testCRMVoidOfRefundwithoutsale" time="15.154"/>
  <system-out/>
  <testcase classname="mtestcases.TC_CIandCRM" name="testCRMVoidOfRefundwithoutsale" time="15.566"/>
  <system-out/>
  <testcase classname="mtestcases.TC_CIandCRM" name="testCRMVoidOfRefundwithoutsale" time="15.545"/>
  <system-out/>
  <testcase classname="mtestcases.TC_CIandCRM" name="testCRMVoidOfRefundwithoutsale" time="17.475"/>
  <system-out/>
  <testcase classname="mtestcases.TC_CIandCRM" name="testCRMVoidOfRefundwithoutsale" time="15.799"/>
  <system-out/>
  <testcase classname="mtestcases.TC_CIandCRM" name="testCRMVoidOfRefundwithoutsale" time="17.535"/>
  <system-out/>
  <testcase classname="mtestcases.TC_CIandCRM" name="testCRMVoidOfRefundwithoutsale" time="15.511"/>
  <system-out/>
  <testcase classname="mtestcases.TC_CIandCRM" name="testCRMVoidOfRefundwithoutsale" time="16.130"/>
  <system-out/>
  <testcase classname="mtestcases.TC_CIandCRM" name="testCRMVoidOfRefundwithoutsale" time="15.858"/>
  <system-out/>
  <testcase classname="mtestcases.TC_CIandCRM" name="testCRMVoidOfRefundwithoutsale" time="18.539"/>
  <system-out/>
  <testcase classname="mtestcases.TC_CIandCRM" name="testCRMVoidOfRefundwithoutsale" time="17.546"/>
  <system-out/>
  <testcase classname="mtestcases.TC_CIandCRM" name="testCRMVoidOfRefundwithoutsale" time="18.054"/>
  <system-out/>
  <testcase classname="mtestcases.TC_CIandCRM" name="testCRMVoidOfRefundwithoutsale" time="17.832"/>
  <system-out/>
  <testcase classname="mtestcases.TC_CIandCRM" name="testCRMVoidOfRefundwithoutsale" time="15.628"/>
  <system-out/>
  <testcase classname="mtestcases.TC_CIandCRM" name="testCRMVoidOfRefundwithoutsale" time="15.527"/>
  <system-out/>
  <testcase classname="mtestcases.TC_CIandCRM" name="testCRMVoidOfRefundwithoutsale" time="15.876"/>
  <system-out/>
  <testcase classname="mtestcases.TC_CIandCRM" name="testCRMVoidOfRefundwithoutsale" time="17.259"/>
  <system-out/>
  <testcase classname="mtestcases.TC_CIandCRM" name="testCRMVoidOfRefundwithoutsale" time="15.786"/>
  <system-out/>
  <testcase classname="mtestcases.TC_CIandCRM" name="testCRMVoidOfRefundwithoutsale" time="15.666"/>
  <system-out/>
  <testcase classname="mtestcases.TC_CIandCRM" name="testCRMVoidOfRefundwithoutsale" time="15.923"/>
  <system-out/>
  <testcase classname="mtestcases.TC_CIandCRM" name="testCRMVoidOfRefundwithoutsale" time="15.546"/>
  <system-out/>
  <testcase classname="mtestcases.TC_CIandCRM" name="testCRMVoidOfRefundwithoutsale" time="17.383"/>
  <system-out/>
  <testcase classname="mtestcases.TC_CIandCRM" name="testCRMVoidOfRefundwithoutsale" time="15.628"/>
  <system-out/>
  <testcase classname="mtestcases.TC_CIandCRM" name="testCRMVoidOfRefundwithoutsale" time="18.861"/>
  <system-out/>
  <testcase classname="mtestcases.TC_CIandCRM" name="testCRMVoidOfRefundwithoutsale" time="16.432"/>
  <system-out/>
  <testcase classname="mtestcases.TC_CIandCRM" name="testCRMVoidOfRefundwithoutsale" time="15.812"/>
  <system-out/>
  <testcase classname="mtestcases.TC_CIandCRM" name="testCRMVoidOfRefundwithoutsale" time="15.475"/>
  <system-out/>
  <testcase classname="mtestcases.TC_CIandCRM" name="testCRMVoidOfRefundwithoutsale" time="15.910"/>
  <system-out/>
  <testcase classname="mtestcases.TC_CIandCRM" name="testCRMVoidOfRefundwithoutsale" time="17.350"/>
  <system-out/>
  <testcase classname="mtestcases.TC_CIandCRM" name="testCRMVoidOfRefundwithoutsale" time="15.876"/>
  <system-out/>
  <testcase classname="mtestcases.TC_CIandCRM" name="testCRMVoidOfRefundwithoutsale" time="17.032"/>
  <system-out/>
  <testcase classname="mtestcases.TC_CIandCRM" name="testCRMVoidOfRefundwithoutsale" time="15.996"/>
  <system-out/>
  <testcase classname="mtestcases.TC_CIandCRM" name="testCRMVoidOfRefundwithoutsale" time="17.481"/>
  <system-out/>
  <testcase classname="mtestcases.TC_CIandCRM" name="testCRMVoidOfRefundwithoutsale" time="15.743"/>
  <system-out/>
  <testcase classname="mtestcases.TC_CIandCRM" name="testCRMVoidOfRefundwithoutsale" time="15.689"/>
  <system-out/>
  <testcase classname="mtestcases.TC_CIandCRM" name="testCRMVoidOfRefundwithoutsale" time="15.997"/>
  <system-out/>
  <testcase classname="mtestcases.TC_CIandCRM" name="testCRMVoidOfRefundwithoutsale" time="17.514"/>
  <system-out/>
  <testcase classname="mtestcases.TC_CIandCRM" name="testCRMVoidOfRefundwithoutsale" time="15.293"/>
  <system-out/>
  <testcase classname="mtestcases.TC_CIandCRM" name="testCRMVoidOfRefundwithoutsale" time="15.839"/>
  <system-out/>
  <testcase classname="mtestcases.TC_CIandCRM" name="testCRMVoidOfRefundwithoutsale" time="15.670"/>
  <system-out/>
  <testcase classname="mtestcases.TC_CIandCRM" name="testCRMVoidOfRefundwithoutsale" time="16.909"/>
  <system-out/>
  <testcase classname="mtestcases.TC_CIandCRM" name="testCRMVoidOfRefundwithoutsale" time="19.954"/>
  <system-out/>
  <testcase classname="mtestcases.TC_CIandCRM" name="testCRMVoidOfRefundwithoutsale" time="15.615"/>
  <system-out/>
  <testcase classname="mtestcases.TC_CIandCRM" name="testCRMVoidOfRefundwithoutsale" time="15.819"/>
  <system-out/>
</testsuite> <!-- mtestcases.TC_CIandCRM -->
