<?xml version="1.0" encoding="UTF-8"?>
<!-- Generated by org.testng.reporters.JUnitReportReporter -->
<testsuite hostname="TKACHA-WIN99" failures="0" tests="5" name="testcases.processorfailourvantiv.TC_ProcessorFailour18" time="80.799" errors="0" timestamp="2024-09-03T11:32:47 IST" skipped="0">
  <testcase classname="testcases.processorfailourvantiv.TC_ProcessorFailour18" name="F_creditSale" time="17.753"/>
  <testcase classname="testcases.processorfailourvantiv.TC_ProcessorFailour18" name="F_creditSale" time="12.054"/>
  <testcase classname="testcases.processorfailourvantiv.TC_ProcessorFailour18" name="F_creditSale" time="19.442"/>
  <testcase classname="testcases.processorfailourvantiv.TC_ProcessorFailour18" name="F_creditSale" time="18.207"/>
  <testcase classname="testcases.processorfailourvantiv.TC_ProcessorFailour18" name="F_creditSale" time="13.343"/>
</testsuite> <!-- testcases.processorfailourvantiv.TC_ProcessorFailour18 -->
