<?xml version="1.0" encoding="UTF-8"?>
<!-- Generated by org.testng.reporters.JUnitReportReporter -->
<testsuite hostname="TKACHA-WIN99" failures="0" tests="1" name="testcases.TC_POA_Transactions" time="12.403" errors="0" timestamp="2024-07-25T11:12:29 IST" skipped="0">
  <testcase classname="testcases.TC_POA_Transactions" name="test_ALUwith_Key_POA_Check" time="12.403"/>
</testsuite> <!-- testcases.TC_POA_Transactions -->
