<?xml version="1.0" encoding="UTF-8"?>
<!-- Generated by org.testng.reporters.JUnitReportReporter -->
<testsuite hostname="gkillare-win87" failures="0" tests="8" name="testcases.TC_Prepaid_Transactions" time="236.978" errors="0" timestamp="2024-07-27T14:07:10 IST" skipped="0">
  <testcase classname="testcases.TC_Prepaid_Transactions" name="test_Gift_Manual_CI" time="29.254"/>
  <system-out/>
  <testcase classname="testcases.TC_Prepaid_Transactions" name="test_Gift_Manual_CI" time="25.390"/>
  <system-out/>
  <testcase classname="testcases.TC_Prepaid_Transactions" name="test_Gift_Manual_CI" time="32.896"/>
  <system-out/>
  <testcase classname="testcases.TC_Prepaid_Transactions" name="test_Gift_Manual_CI" time="40.736"/>
  <system-out/>
  <testcase classname="testcases.TC_Prepaid_Transactions" name="test_Gift_Manual_CI" time="35.447"/>
  <system-out/>
  <testcase classname="testcases.TC_Prepaid_Transactions" name="test_Gift_Manual_CI" time="21.338"/>
  <system-out/>
  <testcase classname="testcases.TC_Prepaid_Transactions" name="test_Gift_Manual_CI" time="27.371"/>
  <system-out/>
  <testcase classname="testcases.TC_Prepaid_Transactions" name="test_Gift_Manual_CI" time="24.546"/>
  <system-out/>
</testsuite> <!-- testcases.TC_Prepaid_Transactions -->
