<?xml version="1.0" encoding="UTF-8"?>
<!-- Generated by org.testng.reporters.JUnitReportReporter -->
<testsuite hostname="gkillare-win87" failures="0" tests="10" name="base.Demo" time="0.916" errors="0" timestamp="2024-02-21T15:43:26 IST" skipped="0">
  <testcase classname="base.Demo" name="test" time="0.024"/>
  <system-out/>
  <testcase classname="base.Demo" name="test" time="0.016"/>
  <system-out/>
  <testcase classname="base.Demo" name="test" time="0.024"/>
  <system-out/>
  <testcase classname="base.Demo" name="test" time="0.701"/>
  <system-out/>
  <testcase classname="base.Demo" name="test" time="0.028"/>
  <system-out/>
  <testcase classname="base.Demo" name="test" time="0.018"/>
  <system-out/>
  <testcase classname="base.Demo" name="test" time="0.031"/>
  <system-out/>
  <testcase classname="base.Demo" name="test" time="0.031"/>
  <system-out/>
  <testcase classname="base.Demo" name="test" time="0.025"/>
  <system-out/>
  <testcase classname="base.Demo" name="test" time="0.018"/>
  <system-out/>
</testsuite> <!-- base.Demo -->
