<?xml version="1.0" encoding="UTF-8"?>
<!-- Generated by org.testng.reporters.JUnitReportReporter -->
<testsuite hostname="gkillare-win87" failures="0" tests="48" name="mtestcases.TC_Gift_Activation" time="378.356" errors="0" timestamp="2024-07-27T13:33:10 IST" skipped="0">
  <testcase classname="mtestcases.TC_Gift_Activation" name="test_Gift" time="7.101"/>
  <system-out/>
  <testcase classname="mtestcases.TC_Gift_Activation" name="test_Gift" time="7.233"/>
  <system-out/>
  <testcase classname="mtestcases.TC_Gift_Activation" name="test_Gift" time="6.979"/>
  <system-out/>
  <testcase classname="mtestcases.TC_Gift_Activation" name="test_Gift" time="7.006"/>
  <system-out/>
  <testcase classname="mtestcases.TC_Gift_Activation" name="test_Gift" time="7.152"/>
  <system-out/>
  <testcase classname="mtestcases.TC_Gift_Activation" name="test_Gift" time="6.915"/>
  <system-out/>
  <testcase classname="mtestcases.TC_Gift_Activation" name="test_Gift" time="9.703"/>
  <system-out/>
  <testcase classname="mtestcases.TC_Gift_Activation" name="test_Gift" time="7.147"/>
  <system-out/>
  <testcase classname="mtestcases.TC_Gift_Activation" name="test_Gift" time="7.067"/>
  <system-out/>
  <testcase classname="mtestcases.TC_Gift_Activation" name="test_Gift" time="7.172"/>
  <system-out/>
  <testcase classname="mtestcases.TC_Gift_Activation" name="test_Gift" time="7.076"/>
  <system-out/>
  <testcase classname="mtestcases.TC_Gift_Activation" name="test_Gift" time="7.148"/>
  <system-out/>
  <testcase classname="mtestcases.TC_Gift_Activation" name="test_Gift" time="9.678"/>
  <system-out/>
  <testcase classname="mtestcases.TC_Gift_Activation" name="test_Gift" time="7.290"/>
  <system-out/>
  <testcase classname="mtestcases.TC_Gift_Activation" name="test_Gift" time="9.817"/>
  <system-out/>
  <testcase classname="mtestcases.TC_Gift_Activation" name="test_Gift" time="6.916"/>
  <system-out/>
  <testcase classname="mtestcases.TC_Gift_Activation" name="test_Gift" time="6.934"/>
  <system-out/>
  <testcase classname="mtestcases.TC_Gift_Activation" name="test_Gift" time="7.075"/>
  <system-out/>
  <testcase classname="mtestcases.TC_Gift_Activation" name="test_Gift" time="7.189"/>
  <system-out/>
  <testcase classname="mtestcases.TC_Gift_Activation" name="test_Gift" time="9.863"/>
  <system-out/>
  <testcase classname="mtestcases.TC_Gift_Activation" name="test_Gift" time="9.802"/>
  <system-out/>
  <testcase classname="mtestcases.TC_Gift_Activation" name="test_Gift" time="6.924"/>
  <system-out/>
  <testcase classname="mtestcases.TC_Gift_Activation" name="test_Gift" time="9.374"/>
  <system-out/>
  <testcase classname="mtestcases.TC_Gift_Activation" name="test_Gift" time="7.390"/>
  <system-out/>
  <testcase classname="mtestcases.TC_Gift_Activation" name="test_Gift" time="7.093"/>
  <system-out/>
  <testcase classname="mtestcases.TC_Gift_Activation" name="test_Gift" time="9.666"/>
  <system-out/>
  <testcase classname="mtestcases.TC_Gift_Activation" name="test_Gift" time="9.547"/>
  <system-out/>
  <testcase classname="mtestcases.TC_Gift_Activation" name="test_Gift" time="7.256"/>
  <system-out/>
  <testcase classname="mtestcases.TC_Gift_Activation" name="test_Gift" time="9.681"/>
  <system-out/>
  <testcase classname="mtestcases.TC_Gift_Activation" name="test_Gift" time="9.843"/>
  <system-out/>
  <testcase classname="mtestcases.TC_Gift_Activation" name="test_Gift" time="7.231"/>
  <system-out/>
  <testcase classname="mtestcases.TC_Gift_Activation" name="test_Gift" time="7.120"/>
  <system-out/>
  <testcase classname="mtestcases.TC_Gift_Activation" name="test_Gift" time="9.701"/>
  <system-out/>
  <testcase classname="mtestcases.TC_Gift_Activation" name="test_Gift" time="6.404"/>
  <system-out/>
  <testcase classname="mtestcases.TC_Gift_Activation" name="test_Gift" time="7.181"/>
  <system-out/>
  <testcase classname="mtestcases.TC_Gift_Activation" name="test_Gift" time="7.207"/>
  <system-out/>
  <testcase classname="mtestcases.TC_Gift_Activation" name="test_Gift" time="9.262"/>
  <system-out/>
  <testcase classname="mtestcases.TC_Gift_Activation" name="test_Gift" time="6.869"/>
  <system-out/>
  <testcase classname="mtestcases.TC_Gift_Activation" name="test_Gift" time="9.093"/>
  <system-out/>
  <testcase classname="mtestcases.TC_Gift_Activation" name="test_Gift" time="9.982"/>
  <system-out/>
  <testcase classname="mtestcases.TC_Gift_Activation" name="test_Gift" time="7.210"/>
  <system-out/>
  <testcase classname="mtestcases.TC_Gift_Activation" name="test_Gift" time="7.061"/>
  <system-out/>
  <testcase classname="mtestcases.TC_Gift_Activation" name="test_Gift" time="9.195"/>
  <system-out/>
  <testcase classname="mtestcases.TC_Gift_Activation" name="test_Gift" time="7.286"/>
  <system-out/>
  <testcase classname="mtestcases.TC_Gift_Activation" name="test_Gift" time="7.086"/>
  <system-out/>
  <testcase classname="mtestcases.TC_Gift_Activation" name="test_Gift" time="7.099"/>
  <system-out/>
  <testcase classname="mtestcases.TC_Gift_Activation" name="test_Gift" time="7.114"/>
  <system-out/>
  <testcase classname="mtestcases.TC_Gift_Activation" name="test_Gift" time="7.218"/>
  <system-out/>
</testsuite> <!-- mtestcases.TC_Gift_Activation -->
