<?xml version="1.0" encoding="UTF-8"?>
<!-- Generated by org.testng.reporters.JUnitReportReporter -->
<testsuite hostname="gkillare-win87" failures="0" tests="1" name="requestbuilder.WICRequestBuilder" time="0.084" errors="0" timestamp="2025-01-22T12:29:09 IST" skipped="0">
  <testcase classname="requestbuilder.WICRequestBuilder" name="test" time="0.084"/>
  <system-out/>
</testsuite> <!-- requestbuilder.WICRequestBuilder -->
