<?xml version="1.0" encoding="UTF-8"?>
<!-- Generated by org.testng.reporters.JUnitReportReporter -->
<testsuite hostname="gkillare-win87" failures="0" tests="100" name="utilities.ExcelDemo" time="2.167" errors="0" timestamp="2023-10-24T17:44:17 IST" skipped="0">
  <testcase classname="utilities.ExcelDemo" name="testWriteData" time="0.024"/>
  <system-out/>
  <testcase classname="utilities.ExcelDemo" name="testWriteData" time="0.023"/>
  <system-out/>
  <testcase classname="utilities.ExcelDemo" name="testWriteData" time="0.024"/>
  <system-out/>
  <testcase classname="utilities.ExcelDemo" name="testWriteData" time="0.037"/>
  <system-out/>
  <testcase classname="utilities.ExcelDemo" name="testWriteData" time="0.016"/>
  <system-out/>
  <testcase classname="utilities.ExcelDemo" name="testWriteData" time="0.022"/>
  <system-out/>
  <testcase classname="utilities.ExcelDemo" name="testWriteData" time="0.014"/>
  <system-out/>
  <testcase classname="utilities.ExcelDemo" name="testWriteData" time="0.015"/>
  <system-out/>
  <testcase classname="utilities.ExcelDemo" name="testWriteData" time="0.040"/>
  <system-out/>
  <testcase classname="utilities.ExcelDemo" name="testWriteData" time="0.018"/>
  <system-out/>
  <testcase classname="utilities.ExcelDemo" name="testWriteData" time="0.015"/>
  <system-out/>
  <testcase classname="utilities.ExcelDemo" name="testWriteData" time="0.019"/>
  <system-out/>
  <testcase classname="utilities.ExcelDemo" name="testWriteData" time="0.023"/>
  <system-out/>
  <testcase classname="utilities.ExcelDemo" name="testWriteData" time="0.028"/>
  <system-out/>
  <testcase classname="utilities.ExcelDemo" name="testWriteData" time="0.018"/>
  <system-out/>
  <testcase classname="utilities.ExcelDemo" name="testWriteData" time="0.025"/>
  <system-out/>
  <testcase classname="utilities.ExcelDemo" name="testWriteData" time="0.015"/>
  <system-out/>
  <testcase classname="utilities.ExcelDemo" name="testWriteData" time="0.019"/>
  <system-out/>
  <testcase classname="utilities.ExcelDemo" name="testWriteData" time="0.023"/>
  <system-out/>
  <testcase classname="utilities.ExcelDemo" name="testWriteData" time="0.048"/>
  <system-out/>
  <testcase classname="utilities.ExcelDemo" name="testWriteData" time="0.014"/>
  <system-out/>
  <testcase classname="utilities.ExcelDemo" name="testWriteData" time="0.011"/>
  <system-out/>
  <testcase classname="utilities.ExcelDemo" name="testWriteData" time="0.026"/>
  <system-out/>
  <testcase classname="utilities.ExcelDemo" name="testWriteData" time="0.019"/>
  <system-out/>
  <testcase classname="utilities.ExcelDemo" name="testWriteData" time="0.014"/>
  <system-out/>
  <testcase classname="utilities.ExcelDemo" name="testWriteData" time="0.016"/>
  <system-out/>
  <testcase classname="utilities.ExcelDemo" name="testWriteData" time="0.018"/>
  <system-out/>
  <testcase classname="utilities.ExcelDemo" name="testWriteData" time="0.021"/>
  <system-out/>
  <testcase classname="utilities.ExcelDemo" name="testWriteData" time="0.020"/>
  <system-out/>
  <testcase classname="utilities.ExcelDemo" name="testWriteData" time="0.025"/>
  <system-out/>
  <testcase classname="utilities.ExcelDemo" name="testWriteData" time="0.016"/>
  <system-out/>
  <testcase classname="utilities.ExcelDemo" name="testWriteData" time="0.018"/>
  <system-out/>
  <testcase classname="utilities.ExcelDemo" name="testWriteData" time="0.039"/>
  <system-out/>
  <testcase classname="utilities.ExcelDemo" name="testWriteData" time="0.016"/>
  <system-out/>
  <testcase classname="utilities.ExcelDemo" name="testWriteData" time="0.013"/>
  <system-out/>
  <testcase classname="utilities.ExcelDemo" name="testWriteData" time="0.015"/>
  <system-out/>
  <testcase classname="utilities.ExcelDemo" name="testWriteData" time="0.015"/>
  <system-out/>
  <testcase classname="utilities.ExcelDemo" name="testWriteData" time="0.027"/>
  <system-out/>
  <testcase classname="utilities.ExcelDemo" name="testWriteData" time="0.021"/>
  <system-out/>
  <testcase classname="utilities.ExcelDemo" name="testWriteData" time="0.014"/>
  <system-out/>
  <testcase classname="utilities.ExcelDemo" name="testWriteData" time="0.018"/>
  <system-out/>
  <testcase classname="utilities.ExcelDemo" name="testWriteData" time="0.200"/>
  <system-out/>
  <testcase classname="utilities.ExcelDemo" name="testWriteData" time="0.015"/>
  <system-out/>
  <testcase classname="utilities.ExcelDemo" name="testWriteData" time="0.018"/>
  <system-out/>
  <testcase classname="utilities.ExcelDemo" name="testWriteData" time="0.024"/>
  <system-out/>
  <testcase classname="utilities.ExcelDemo" name="testWriteData" time="0.024"/>
  <system-out/>
  <testcase classname="utilities.ExcelDemo" name="testWriteData" time="0.013"/>
  <system-out/>
  <testcase classname="utilities.ExcelDemo" name="testWriteData" time="0.016"/>
  <system-out/>
  <testcase classname="utilities.ExcelDemo" name="testWriteData" time="0.013"/>
  <system-out/>
  <testcase classname="utilities.ExcelDemo" name="testWriteData" time="0.025"/>
  <system-out/>
  <testcase classname="utilities.ExcelDemo" name="testWriteData" time="0.016"/>
  <system-out/>
  <testcase classname="utilities.ExcelDemo" name="testWriteData" time="0.017"/>
  <system-out/>
  <testcase classname="utilities.ExcelDemo" name="testWriteData" time="0.021"/>
  <system-out/>
  <testcase classname="utilities.ExcelDemo" name="testWriteData" time="0.016"/>
  <system-out/>
  <testcase classname="utilities.ExcelDemo" name="testWriteData" time="0.016"/>
  <system-out/>
  <testcase classname="utilities.ExcelDemo" name="testWriteData" time="0.015"/>
  <system-out/>
  <testcase classname="utilities.ExcelDemo" name="testWriteData" time="0.017"/>
  <system-out/>
  <testcase classname="utilities.ExcelDemo" name="testWriteData" time="0.034"/>
  <system-out/>
  <testcase classname="utilities.ExcelDemo" name="testWriteData" time="0.016"/>
  <system-out/>
  <testcase classname="utilities.ExcelDemo" name="testWriteData" time="0.023"/>
  <system-out/>
  <testcase classname="utilities.ExcelDemo" name="testWriteData" time="0.022"/>
  <system-out/>
  <testcase classname="utilities.ExcelDemo" name="testWriteData" time="0.019"/>
  <system-out/>
  <testcase classname="utilities.ExcelDemo" name="testWriteData" time="0.020"/>
  <system-out/>
  <testcase classname="utilities.ExcelDemo" name="testWriteData" time="0.015"/>
  <system-out/>
  <testcase classname="utilities.ExcelDemo" name="testWriteData" time="0.017"/>
  <system-out/>
  <testcase classname="utilities.ExcelDemo" name="testWriteData" time="0.014"/>
  <system-out/>
  <testcase classname="utilities.ExcelDemo" name="testWriteData" time="0.020"/>
  <system-out/>
  <testcase classname="utilities.ExcelDemo" name="testWriteData" time="0.012"/>
  <system-out/>
  <testcase classname="utilities.ExcelDemo" name="testWriteData" time="0.013"/>
  <system-out/>
  <testcase classname="utilities.ExcelDemo" name="testWriteData" time="0.013"/>
  <system-out/>
  <testcase classname="utilities.ExcelDemo" name="testWriteData" time="0.020"/>
  <system-out/>
  <testcase classname="utilities.ExcelDemo" name="testWriteData" time="0.020"/>
  <system-out/>
  <testcase classname="utilities.ExcelDemo" name="testWriteData" time="0.025"/>
  <system-out/>
  <testcase classname="utilities.ExcelDemo" name="testWriteData" time="0.016"/>
  <system-out/>
  <testcase classname="utilities.ExcelDemo" name="testWriteData" time="0.027"/>
  <system-out/>
  <testcase classname="utilities.ExcelDemo" name="testWriteData" time="0.010"/>
  <system-out/>
  <testcase classname="utilities.ExcelDemo" name="testWriteData" time="0.012"/>
  <system-out/>
  <testcase classname="utilities.ExcelDemo" name="testWriteData" time="0.021"/>
  <system-out/>
  <testcase classname="utilities.ExcelDemo" name="testWriteData" time="0.017"/>
  <system-out/>
  <testcase classname="utilities.ExcelDemo" name="testWriteData" time="0.013"/>
  <system-out/>
  <testcase classname="utilities.ExcelDemo" name="testWriteData" time="0.023"/>
  <system-out/>
  <testcase classname="utilities.ExcelDemo" name="testWriteData" time="0.014"/>
  <system-out/>
  <testcase classname="utilities.ExcelDemo" name="testWriteData" time="0.084"/>
  <system-out/>
  <testcase classname="utilities.ExcelDemo" name="testWriteData" time="0.018"/>
  <system-out/>
  <testcase classname="utilities.ExcelDemo" name="testWriteData" time="0.021"/>
  <system-out/>
  <testcase classname="utilities.ExcelDemo" name="testWriteData" time="0.026"/>
  <system-out/>
  <testcase classname="utilities.ExcelDemo" name="testWriteData" time="0.017"/>
  <system-out/>
  <testcase classname="utilities.ExcelDemo" name="testWriteData" time="0.014"/>
  <system-out/>
  <testcase classname="utilities.ExcelDemo" name="testWriteData" time="0.017"/>
  <system-out/>
  <testcase classname="utilities.ExcelDemo" name="testWriteData" time="0.017"/>
  <system-out/>
  <testcase classname="utilities.ExcelDemo" name="testWriteData" time="0.018"/>
  <system-out/>
  <testcase classname="utilities.ExcelDemo" name="testWriteData" time="0.013"/>
  <system-out/>
  <testcase classname="utilities.ExcelDemo" name="testWriteData" time="0.015"/>
  <system-out/>
  <testcase classname="utilities.ExcelDemo" name="testWriteData" time="0.017"/>
  <system-out/>
  <testcase classname="utilities.ExcelDemo" name="testWriteData" time="0.017"/>
  <system-out/>
  <testcase classname="utilities.ExcelDemo" name="testWriteData" time="0.021"/>
  <system-out/>
  <testcase classname="utilities.ExcelDemo" name="testWriteData" time="0.015"/>
  <system-out/>
  <testcase classname="utilities.ExcelDemo" name="testWriteData" time="0.019"/>
  <system-out/>
  <testcase classname="utilities.ExcelDemo" name="testWriteData" time="0.019"/>
  <system-out/>
  <testcase classname="utilities.ExcelDemo" name="testWriteData" time="0.015"/>
  <system-out/>
</testsuite> <!-- utilities.ExcelDemo -->
