<?xml version="1.0" encoding="UTF-8"?>
<!-- Generated by org.testng.reporters.JUnitReportReporter -->
<testsuite hostname="gkillare-win87" failures="0" tests="8" name="mtestcases.TC_Prepaid_Transactions" time="117.563" errors="0" timestamp="2024-12-26T19:02:04 IST" skipped="0">
  <testcase classname="mtestcases.TC_Prepaid_Transactions" name="test_Gift_Manual_CI" time="14.557"/>
  <system-out/>
  <testcase classname="mtestcases.TC_Prepaid_Transactions" name="test_Gift_Manual_CI" time="12.862"/>
  <system-out/>
  <testcase classname="mtestcases.TC_Prepaid_Transactions" name="test_Gift_Manual_CI" time="12.947"/>
  <system-out/>
  <testcase classname="mtestcases.TC_Prepaid_Transactions" name="test_Gift_Manual_CI" time="15.145"/>
  <system-out/>
  <testcase classname="mtestcases.TC_Prepaid_Transactions" name="test_Gift_Manual_CI" time="12.816"/>
  <system-out/>
  <testcase classname="mtestcases.TC_Prepaid_Transactions" name="test_Gift_Manual_CI" time="13.686"/>
  <system-out/>
  <testcase classname="mtestcases.TC_Prepaid_Transactions" name="test_Gift_Manual_CI" time="18.201"/>
  <system-out/>
  <testcase classname="mtestcases.TC_Prepaid_Transactions" name="test_Gift_Manual_CI" time="17.349"/>
  <system-out/>
</testsuite> <!-- mtestcases.TC_Prepaid_Transactions -->
