<?xml version="1.0" encoding="UTF-8"?>
<!-- Generated by org.testng.reporters.JUnitReportReporter -->
<testsuite hostname="TKACHA-WIN99" failures="0" tests="1" name="mtestcases.TC_Check" time="24.361" errors="0" timestamp="2024-08-29T18:48:08 IST" skipped="0">
  <testcase classname="mtestcases.TC_Check" name="voidOfCheckTransaction" time="24.361"/>
</testsuite> <!-- mtestcases.TC_Check -->
