<?xml version="1.0" encoding="UTF-8"?>
<!-- Generated by org.testng.reporters.JUnitReportReporter -->
<testsuite hostname="gkillare-win87" failures="0" tests="1" name="mtestcases.ManualProcessorFailure" time="28.607" errors="0" timestamp="2024-11-26T11:29:53 IST" skipped="0">
  <testcase classname="mtestcases.ManualProcessorFailure" name="CREDIT_DEBIT_RefundOfSale" time="28.607"/>
  <system-out/>
</testsuite> <!-- mtestcases.ManualProcessorFailure -->
