<?xml version="1.0" encoding="UTF-8"?>
<!-- Generated by org.testng.reporters.JUnitReportReporter -->
<testsuite hostname="gkillare-win87" failures="0" tests="1" name="mtestcases.TC_OTC" time="43.171" errors="0" timestamp="2024-09-28T14:10:40 IST" skipped="0">
  <testcase classname="mtestcases.TC_OTC" name="InComm_RefundOfSale" time="43.171"/>
  <system-out/>
</testsuite> <!-- mtestcases.TC_OTC -->
