<?xml version="1.0" encoding="UTF-8"?>
<!-- Generated by org.testng.reporters.JUnitReportReporter -->
<testsuite hostname="gkillare-win87" failures="0" tests="2" name="testcases.E_WicTransactions" time="76.638" errors="0" timestamp="2023-11-23T11:30:20 IST" skipped="0">
  <testcase classname="testcases.E_WicTransactions" name="test_Ewic_Transactions" time="37.830"/>
  <system-out/>
  <testcase classname="testcases.E_WicTransactions" name="test_Ewic_Transactions" time="38.808"/>
  <system-out/>
</testsuite> <!-- testcases.E_WicTransactions -->
