<?xml version="1.0" encoding="UTF-8"?>
<!-- Generated by org.testng.reporters.JUnitReportReporter -->
<testsuite hostname="gkillare-win87" failures="0" tests="10" name="base.ProcessorFailourXL" time="1.074" errors="0" timestamp="2024-02-21T11:49:02 IST" skipped="0">
  <testcase classname="base.ProcessorFailourXL" name="test" time="0.044"/>
  <system-out/>
  <testcase classname="base.ProcessorFailourXL" name="test" time="0.031"/>
  <system-out/>
  <testcase classname="base.ProcessorFailourXL" name="test" time="0.033"/>
  <system-out/>
  <testcase classname="base.ProcessorFailourXL" name="test" time="0.021"/>
  <system-out/>
  <testcase classname="base.ProcessorFailourXL" name="test" time="0.040"/>
  <system-out/>
  <testcase classname="base.ProcessorFailourXL" name="test" time="0.762"/>
  <system-out/>
  <testcase classname="base.ProcessorFailourXL" name="test" time="0.028"/>
  <system-out/>
  <testcase classname="base.ProcessorFailourXL" name="test" time="0.034"/>
  <system-out/>
  <testcase classname="base.ProcessorFailourXL" name="test" time="0.053"/>
  <system-out/>
  <testcase classname="base.ProcessorFailourXL" name="test" time="0.028"/>
  <system-out/>
</testsuite> <!-- base.ProcessorFailourXL -->
