<?xml version="1.0" encoding="UTF-8"?>
<!-- Generated by org.testng.reporters.JUnitReportReporter -->
<testsuite hostname="gkillare-win87" failures="0" tests="5" name="requestbuilder.test" time="0.295" errors="0" timestamp="2024-09-26T12:17:27 IST" skipped="0">
  <testcase classname="requestbuilder.test" name="tesrt" time="0.041"/>
  <system-out/>
  <testcase classname="requestbuilder.test" name="tesrt" time="0.155"/>
  <system-out/>
  <testcase classname="requestbuilder.test" name="tesrt" time="0.047"/>
  <system-out/>
  <testcase classname="requestbuilder.test" name="tesrt" time="0.021"/>
  <system-out/>
  <testcase classname="requestbuilder.test" name="tesrt" time="0.031"/>
  <system-out/>
</testsuite> <!-- requestbuilder.test -->
