<?xml version="1.0" encoding="UTF-8"?>
<!-- Generated by org.testng.reporters.JUnitReportReporter -->
<testsuite hostname="TKACHA-WIN99" failures="0" tests="2" name="testcases.TC_E_WicTransactions" time="65.265" errors="0" timestamp="2024-06-21T18:34:37 IST" skipped="0">
  <testcase classname="testcases.TC_E_WicTransactions" name="test_Ewic_Transactions" time="40.446"/>
  <testcase classname="testcases.TC_E_WicTransactions" name="test_Ewic_Transactions" time="24.819"/>
</testsuite> <!-- testcases.TC_E_WicTransactions -->
