<?xml version="1.0" encoding="UTF-8"?>
<!-- Generated by org.testng.reporters.JUnitReportReporter -->
<testsuite hostname="gkillare-win87" failures="0" tests="1" name="testcases.TC_ApiSequence" time="42.598" errors="0" timestamp="2024-03-20T05:14:10 GMT-05:00" skipped="0">
  <testcase classname="testcases.TC_ApiSequence" name="test_GCB_ByPass_Activation" time="42.598"/>
  <system-out/>
</testsuite> <!-- testcases.TC_ApiSequence -->
