<?xml version="1.0" encoding="UTF-8"?>
<!-- Generated by org.testng.reporters.JUnitReportReporter -->
<testsuite hostname="gkillare-win87" failures="0" tests="10" name="testcases.TC_CalculateTransactionTime" time="0.047" errors="0" timestamp="2024-04-18T17:11:51 IST" skipped="0">
  <testcase classname="testcases.TC_CalculateTransactionTime" name="calculateTime1" time="0.002"/>
  <system-out/>
  <testcase classname="testcases.TC_CalculateTransactionTime" name="calculateTime1" time="0.005"/>
  <system-out/>
  <testcase classname="testcases.TC_CalculateTransactionTime" name="calculateTime1" time="0.003"/>
  <system-out/>
  <testcase classname="testcases.TC_CalculateTransactionTime" name="calculateTime1" time="0.016"/>
  <system-out/>
  <testcase classname="testcases.TC_CalculateTransactionTime" name="calculateTime1" time="0.005"/>
  <system-out/>
  <testcase classname="testcases.TC_CalculateTransactionTime" name="calculateTime1" time="0.003"/>
  <system-out/>
  <testcase classname="testcases.TC_CalculateTransactionTime" name="calculateTime1" time="0.002"/>
  <system-out/>
  <testcase classname="testcases.TC_CalculateTransactionTime" name="calculateTime1" time="0.003"/>
  <system-out/>
  <testcase classname="testcases.TC_CalculateTransactionTime" name="calculateTime1" time="0.004"/>
  <system-out/>
  <testcase classname="testcases.TC_CalculateTransactionTime" name="calculateTime1" time="0.004"/>
  <system-out/>
</testsuite> <!-- testcases.TC_CalculateTransactionTime -->
