<?xml version="1.0" encoding="UTF-8"?>
<!-- Generated by org.testng.reporters.JUnitReportReporter -->
<testsuite hostname="gkillare-win87" failures="0" tests="48" name="mtestcases.TC_Gift_Activation" time="318.656" errors="0" timestamp="2024-09-26T19:56:25 IST" skipped="0">
  <testcase classname="mtestcases.TC_Gift_Activation" name="test_Gift" time="5.226"/>
  <system-out/>
  <testcase classname="mtestcases.TC_Gift_Activation" name="test_Gift" time="8.567"/>
  <system-out/>
  <testcase classname="mtestcases.TC_Gift_Activation" name="test_Gift" time="8.458"/>
  <system-out/>
  <testcase classname="mtestcases.TC_Gift_Activation" name="test_Gift" time="5.479"/>
  <system-out/>
  <testcase classname="mtestcases.TC_Gift_Activation" name="test_Gift" time="8.095"/>
  <system-out/>
  <testcase classname="mtestcases.TC_Gift_Activation" name="test_Gift" time="5.495"/>
  <system-out/>
  <testcase classname="mtestcases.TC_Gift_Activation" name="test_Gift" time="8.447"/>
  <system-out/>
  <testcase classname="mtestcases.TC_Gift_Activation" name="test_Gift" time="5.200"/>
  <system-out/>
  <testcase classname="mtestcases.TC_Gift_Activation" name="test_Gift" time="8.749"/>
  <system-out/>
  <testcase classname="mtestcases.TC_Gift_Activation" name="test_Gift" time="8.563"/>
  <system-out/>
  <testcase classname="mtestcases.TC_Gift_Activation" name="test_Gift" time="8.538"/>
  <system-out/>
  <testcase classname="mtestcases.TC_Gift_Activation" name="test_Gift" time="5.260"/>
  <system-out/>
  <testcase classname="mtestcases.TC_Gift_Activation" name="test_Gift" time="5.573"/>
  <system-out/>
  <testcase classname="mtestcases.TC_Gift_Activation" name="test_Gift" time="8.550"/>
  <system-out/>
  <testcase classname="mtestcases.TC_Gift_Activation" name="test_Gift" time="5.121"/>
  <system-out/>
  <testcase classname="mtestcases.TC_Gift_Activation" name="test_Gift" time="8.438"/>
  <system-out/>
  <testcase classname="mtestcases.TC_Gift_Activation" name="test_Gift" time="8.354"/>
  <system-out/>
  <testcase classname="mtestcases.TC_Gift_Activation" name="test_Gift" time="5.383"/>
  <system-out/>
  <testcase classname="mtestcases.TC_Gift_Activation" name="test_Gift" time="8.461"/>
  <system-out/>
  <testcase classname="mtestcases.TC_Gift_Activation" name="test_Gift" time="5.612"/>
  <system-out/>
  <testcase classname="mtestcases.TC_Gift_Activation" name="test_Gift" time="5.131"/>
  <system-out/>
  <testcase classname="mtestcases.TC_Gift_Activation" name="test_Gift" time="5.360"/>
  <system-out/>
  <testcase classname="mtestcases.TC_Gift_Activation" name="test_Gift" time="8.621"/>
  <system-out/>
  <testcase classname="mtestcases.TC_Gift_Activation" name="test_Gift" time="5.232"/>
  <system-out/>
  <testcase classname="mtestcases.TC_Gift_Activation" name="test_Gift" time="5.362"/>
  <system-out/>
  <testcase classname="mtestcases.TC_Gift_Activation" name="test_Gift" time="5.223"/>
  <system-out/>
  <testcase classname="mtestcases.TC_Gift_Activation" name="test_Gift" time="5.330"/>
  <system-out/>
  <testcase classname="mtestcases.TC_Gift_Activation" name="test_Gift" time="6.988"/>
  <system-out/>
  <testcase classname="mtestcases.TC_Gift_Activation" name="test_Gift" time="8.712"/>
  <system-out/>
  <testcase classname="mtestcases.TC_Gift_Activation" name="test_Gift" time="5.677"/>
  <system-out/>
  <testcase classname="mtestcases.TC_Gift_Activation" name="test_Gift" time="8.443"/>
  <system-out/>
  <testcase classname="mtestcases.TC_Gift_Activation" name="test_Gift" time="5.012"/>
  <system-out/>
  <testcase classname="mtestcases.TC_Gift_Activation" name="test_Gift" time="5.345"/>
  <system-out/>
  <testcase classname="mtestcases.TC_Gift_Activation" name="test_Gift" time="5.270"/>
  <system-out/>
  <testcase classname="mtestcases.TC_Gift_Activation" name="test_Gift" time="5.123"/>
  <system-out/>
  <testcase classname="mtestcases.TC_Gift_Activation" name="test_Gift" time="5.630"/>
  <system-out/>
  <testcase classname="mtestcases.TC_Gift_Activation" name="test_Gift" time="8.256"/>
  <system-out/>
  <testcase classname="mtestcases.TC_Gift_Activation" name="test_Gift" time="5.550"/>
  <system-out/>
  <testcase classname="mtestcases.TC_Gift_Activation" name="test_Gift" time="5.331"/>
  <system-out/>
  <testcase classname="mtestcases.TC_Gift_Activation" name="test_Gift" time="8.565"/>
  <system-out/>
  <testcase classname="mtestcases.TC_Gift_Activation" name="test_Gift" time="5.236"/>
  <system-out/>
  <testcase classname="mtestcases.TC_Gift_Activation" name="test_Gift" time="5.221"/>
  <system-out/>
  <testcase classname="mtestcases.TC_Gift_Activation" name="test_Gift" time="5.573"/>
  <system-out/>
  <testcase classname="mtestcases.TC_Gift_Activation" name="test_Gift" time="8.708"/>
  <system-out/>
  <testcase classname="mtestcases.TC_Gift_Activation" name="test_Gift" time="8.716"/>
  <system-out/>
  <testcase classname="mtestcases.TC_Gift_Activation" name="test_Gift" time="8.712"/>
  <system-out/>
  <testcase classname="mtestcases.TC_Gift_Activation" name="test_Gift" time="5.418"/>
  <system-out/>
  <testcase classname="mtestcases.TC_Gift_Activation" name="test_Gift" time="5.342"/>
  <system-out/>
</testsuite> <!-- mtestcases.TC_Gift_Activation -->
