<?xml version="1.0" encoding="UTF-8"?>
<!-- Generated by org.testng.reporters.JUnitReportReporter -->
<testsuite hostname="TKACHA-WIN99" failures="0" tests="7" name="mtestcases.ManualProcessorFailure" time="292.835" errors="0" timestamp="2024-07-25T15:18:46 IST" skipped="0">
  <testcase classname="mtestcases.ManualProcessorFailure" name="CREDIT_DEBIT_RefundOfSale" time="51.968"/>
  <testcase classname="mtestcases.ManualProcessorFailure" name="CREDIT_DEBIT_VoidOfSale" time="29.122"/>
  <testcase classname="mtestcases.ManualProcessorFailure" name="EBT_RefundOfSale" time="32.834"/>
  <testcase classname="mtestcases.ManualProcessorFailure" name="FSA_VoidOfSale" time="34.387"/>
  <testcase classname="mtestcases.ManualProcessorFailure" name="CREDIT_DEBIT_RefundOfSale" time="37.699"/>
  <testcase classname="mtestcases.ManualProcessorFailure" name="CREDIT_DEBIT_VoidOfSale" time="71.693"/>
  <testcase classname="mtestcases.ManualProcessorFailure" name="EBT_RefundOfSale" time="35.132"/>
</testsuite> <!-- mtestcases.ManualProcessorFailure -->
