<?xml version="1.0" encoding="UTF-8"?>
<!-- Generated by org.testng.reporters.JUnitReportReporter -->
<testsuite hostname="gkillare-win87" failures="0" tests="8" name="mtestcases.TC_Prepaid_Transactions" time="168.140" errors="0" timestamp="2025-01-22T15:38:38 IST" skipped="0">
  <testcase classname="mtestcases.TC_Prepaid_Transactions" name="test_Gift_Manual_CI" time="20.726"/>
  <system-out/>
  <testcase classname="mtestcases.TC_Prepaid_Transactions" name="test_Gift_Manual_CI" time="18.895"/>
  <system-out/>
  <testcase classname="mtestcases.TC_Prepaid_Transactions" name="test_Gift_Manual_CI" time="27.798"/>
  <system-out/>
  <testcase classname="mtestcases.TC_Prepaid_Transactions" name="test_Gift_Manual_CI" time="19.917"/>
  <system-out/>
  <testcase classname="mtestcases.TC_Prepaid_Transactions" name="test_Gift_Manual_CI" time="22.860"/>
  <system-out/>
  <testcase classname="mtestcases.TC_Prepaid_Transactions" name="test_Gift_Manual_CI" time="19.257"/>
  <system-out/>
  <testcase classname="mtestcases.TC_Prepaid_Transactions" name="test_Gift_Manual_CI" time="20.689"/>
  <system-out/>
  <testcase classname="mtestcases.TC_Prepaid_Transactions" name="test_Gift_Manual_CI" time="17.998"/>
  <system-out/>
</testsuite> <!-- mtestcases.TC_Prepaid_Transactions -->
