<?xml version="1.0" encoding="UTF-8"?>
<!-- Generated by org.testng.reporters.JUnitReportReporter -->
<testsuite hostname="gkillare-win87" failures="0" tests="1" name="testcases.TestNG" time="0.127" errors="0" timestamp="2024-06-17T14:59:22 IST" skipped="0">
  <testcase classname="testcases.TestNG" name="test" time="0.127"/>
  <system-out/>
</testsuite> <!-- testcases.TestNG -->
