<?xml version="1.0" encoding="UTF-8"?>
<!-- Generated by org.testng.reporters.JUnitReportReporter -->
<testsuite hostname="gkillare-win87" failures="0" tests="48" name="mtestcases.TC_Gift_Activation" time="300.084" errors="0" timestamp="2024-12-26T12:44:39 IST" skipped="0">
  <testcase classname="mtestcases.TC_Gift_Activation" name="test_Gift" time="6.133"/>
  <system-out/>
  <testcase classname="mtestcases.TC_Gift_Activation" name="test_Gift" time="5.944"/>
  <system-out/>
  <testcase classname="mtestcases.TC_Gift_Activation" name="test_Gift" time="6.467"/>
  <system-out/>
  <testcase classname="mtestcases.TC_Gift_Activation" name="test_Gift" time="6.463"/>
  <system-out/>
  <testcase classname="mtestcases.TC_Gift_Activation" name="test_Gift" time="6.560"/>
  <system-out/>
  <testcase classname="mtestcases.TC_Gift_Activation" name="test_Gift" time="7.064"/>
  <system-out/>
  <testcase classname="mtestcases.TC_Gift_Activation" name="test_Gift" time="6.538"/>
  <system-out/>
  <testcase classname="mtestcases.TC_Gift_Activation" name="test_Gift" time="6.355"/>
  <system-out/>
  <testcase classname="mtestcases.TC_Gift_Activation" name="test_Gift" time="5.851"/>
  <system-out/>
  <testcase classname="mtestcases.TC_Gift_Activation" name="test_Gift" time="6.508"/>
  <system-out/>
  <testcase classname="mtestcases.TC_Gift_Activation" name="test_Gift" time="6.985"/>
  <system-out/>
  <testcase classname="mtestcases.TC_Gift_Activation" name="test_Gift" time="6.428"/>
  <system-out/>
  <testcase classname="mtestcases.TC_Gift_Activation" name="test_Gift" time="6.056"/>
  <system-out/>
  <testcase classname="mtestcases.TC_Gift_Activation" name="test_Gift" time="6.436"/>
  <system-out/>
  <testcase classname="mtestcases.TC_Gift_Activation" name="test_Gift" time="6.482"/>
  <system-out/>
  <testcase classname="mtestcases.TC_Gift_Activation" name="test_Gift" time="5.928"/>
  <system-out/>
  <testcase classname="mtestcases.TC_Gift_Activation" name="test_Gift" time="6.034"/>
  <system-out/>
  <testcase classname="mtestcases.TC_Gift_Activation" name="test_Gift" time="6.471"/>
  <system-out/>
  <testcase classname="mtestcases.TC_Gift_Activation" name="test_Gift" time="5.946"/>
  <system-out/>
  <testcase classname="mtestcases.TC_Gift_Activation" name="test_Gift" time="6.063"/>
  <system-out/>
  <testcase classname="mtestcases.TC_Gift_Activation" name="test_Gift" time="6.664"/>
  <system-out/>
  <testcase classname="mtestcases.TC_Gift_Activation" name="test_Gift" time="6.033"/>
  <system-out/>
  <testcase classname="mtestcases.TC_Gift_Activation" name="test_Gift" time="6.509"/>
  <system-out/>
  <testcase classname="mtestcases.TC_Gift_Activation" name="test_Gift" time="6.096"/>
  <system-out/>
  <testcase classname="mtestcases.TC_Gift_Activation" name="test_Gift" time="5.846"/>
  <system-out/>
  <testcase classname="mtestcases.TC_Gift_Activation" name="test_Gift" time="6.226"/>
  <system-out/>
  <testcase classname="mtestcases.TC_Gift_Activation" name="test_Gift" time="6.253"/>
  <system-out/>
  <testcase classname="mtestcases.TC_Gift_Activation" name="test_Gift" time="6.097"/>
  <system-out/>
  <testcase classname="mtestcases.TC_Gift_Activation" name="test_Gift" time="6.187"/>
  <system-out/>
  <testcase classname="mtestcases.TC_Gift_Activation" name="test_Gift" time="6.113"/>
  <system-out/>
  <testcase classname="mtestcases.TC_Gift_Activation" name="test_Gift" time="5.927"/>
  <system-out/>
  <testcase classname="mtestcases.TC_Gift_Activation" name="test_Gift" time="6.192"/>
  <system-out/>
  <testcase classname="mtestcases.TC_Gift_Activation" name="test_Gift" time="6.266"/>
  <system-out/>
  <testcase classname="mtestcases.TC_Gift_Activation" name="test_Gift" time="6.382"/>
  <system-out/>
  <testcase classname="mtestcases.TC_Gift_Activation" name="test_Gift" time="6.270"/>
  <system-out/>
  <testcase classname="mtestcases.TC_Gift_Activation" name="test_Gift" time="5.980"/>
  <system-out/>
  <testcase classname="mtestcases.TC_Gift_Activation" name="test_Gift" time="6.117"/>
  <system-out/>
  <testcase classname="mtestcases.TC_Gift_Activation" name="test_Gift" time="5.497"/>
  <system-out/>
  <testcase classname="mtestcases.TC_Gift_Activation" name="test_Gift" time="6.200"/>
  <system-out/>
  <testcase classname="mtestcases.TC_Gift_Activation" name="test_Gift" time="6.234"/>
  <system-out/>
  <testcase classname="mtestcases.TC_Gift_Activation" name="test_Gift" time="5.824"/>
  <system-out/>
  <testcase classname="mtestcases.TC_Gift_Activation" name="test_Gift" time="6.204"/>
  <system-out/>
  <testcase classname="mtestcases.TC_Gift_Activation" name="test_Gift" time="6.328"/>
  <system-out/>
  <testcase classname="mtestcases.TC_Gift_Activation" name="test_Gift" time="6.033"/>
  <system-out/>
  <testcase classname="mtestcases.TC_Gift_Activation" name="test_Gift" time="6.108"/>
  <system-out/>
  <testcase classname="mtestcases.TC_Gift_Activation" name="test_Gift" time="7.265"/>
  <system-out/>
  <testcase classname="mtestcases.TC_Gift_Activation" name="test_Gift" time="6.247"/>
  <system-out/>
  <testcase classname="mtestcases.TC_Gift_Activation" name="test_Gift" time="6.274"/>
  <system-out/>
</testsuite> <!-- mtestcases.TC_Gift_Activation -->
