<?xml version="1.0" encoding="UTF-8"?>
<!-- Generated by org.testng.reporters.JUnitReportReporter -->
<testsuite hostname="gkillare-win87" failures="0" tests="1" name="testcases.XMLRequestBuilder" time="0.081" errors="0" timestamp="2024-01-31T16:56:33 IST" skipped="0">
  <testcase classname="testcases.XMLRequestBuilder" name="test" time="0.081"/>
  <system-out/>
</testsuite> <!-- testcases.XMLRequestBuilder -->
