<?xml version="1.0" encoding="UTF-8"?>
<!-- Generated by org.testng.reporters.JUnitReportReporter -->
<testsuite hostname="gkillare-win87" failures="0" tests="1" name="testcases.TC_Debit_Refund_Of_Sale" time="59.265" errors="0" timestamp="2024-01-30T11:20:23 IST" skipped="0">
  <testcase classname="testcases.TC_Debit_Refund_Of_Sale" name="test_Refund_Without_Sale" time="59.265"/>
  <system-out/>
</testsuite> <!-- testcases.TC_Debit_Refund_Of_Sale -->
