<?xml version="1.0" encoding="UTF-8"?>
<!-- Generated by org.testng.reporters.JUnitReportReporter -->
<testsuite hostname="gkillare-win87" failures="0" tests="45" name="chase.TC_ProcessorFailour10" time="972.246" errors="0" timestamp="2024-02-22T11:39:08 IST" skipped="0">
  <testcase classname="chase.TC_ProcessorFailour10" name="DebitSale" time="21.842"/>
  <system-out/>
  <testcase classname="chase.TC_ProcessorFailour10" name="DebitSale" time="23.208"/>
  <system-out/>
  <testcase classname="chase.TC_ProcessorFailour10" name="P_FSA" time="46.721"/>
  <system-out/>
  <testcase classname="chase.TC_ProcessorFailour10" name="Ewic_Transactions" time="25.985"/>
  <system-out/>
  <testcase classname="chase.TC_ProcessorFailour10" name="P_EBT" time="23.259"/>
  <system-out/>
  <testcase classname="chase.TC_ProcessorFailour10" name="P_EBT" time="23.726"/>
  <system-out/>
  <testcase classname="chase.TC_ProcessorFailour10" name="F_creditSale" time="27.428"/>
  <system-out/>
  <testcase classname="chase.TC_ProcessorFailour10" name="F_creditSale" time="25.976"/>
  <system-out/>
  <testcase classname="chase.TC_ProcessorFailour10" name="F_creditSale" time="33.860"/>
  <system-out/>
  <testcase classname="chase.TC_ProcessorFailour10" name="P_HardCode__FSA" time="49.068"/>
  <system-out/>
  <testcase classname="chase.TC_ProcessorFailour10" name="P_HardCode__EBT" time="35.126"/>
  <system-out/>
  <testcase classname="chase.TC_ProcessorFailour10" name="SECOUNDARY_creditAndDebitSale" time="22.878"/>
  <system-out/>
  <testcase classname="chase.TC_ProcessorFailour10" name="SECOUNDARY_creditAndDebitSale" time="22.748"/>
  <system-out/>
  <testcase classname="chase.TC_ProcessorFailour10" name="SECOUNDARY_creditAndDebitSale" time="23.750"/>
  <system-out/>
  <testcase classname="chase.TC_ProcessorFailour10" name="P_SECOUNDARY__FSA" time="41.322"/>
  <system-out/>
  <testcase classname="chase.TC_ProcessorFailour10" name="P_SECOUNDARY__EBT" time="23.715"/>
  <system-out/>
  <testcase classname="chase.TC_ProcessorFailour10" name="P_SECOUNDARY__EBT" time="22.685"/>
  <system-out/>
  <testcase classname="chase.TC_ProcessorFailour10" name="VoidAllTransactions" time="12.539"/>
  <system-out/>
  <testcase classname="chase.TC_ProcessorFailour10" name="VoidAllTransactions" time="12.116"/>
  <system-out/>
  <testcase classname="chase.TC_ProcessorFailour10" name="VoidAllTransactions" time="2.975"/>
  <system-out/>
  <testcase classname="chase.TC_ProcessorFailour10" name="VoidAllTransactions" time="14.452"/>
  <system-out/>
  <testcase classname="chase.TC_ProcessorFailour10" name="VoidAllTransactions" time="15.274"/>
  <system-out/>
  <testcase classname="chase.TC_ProcessorFailour10" name="VoidAllTransactions" time="12.886"/>
  <system-out/>
  <testcase classname="chase.TC_ProcessorFailour10" name="VoidAllTransactions" time="2.671"/>
  <system-out/>
  <testcase classname="chase.TC_ProcessorFailour10" name="VoidAllTransactions" time="10.761"/>
  <system-out/>
  <testcase classname="chase.TC_ProcessorFailour10" name="VoidAllTransactions" time="3.037"/>
  <system-out/>
  <testcase classname="chase.TC_ProcessorFailour10" name="VoidAllTransactions" time="10.038"/>
  <system-out/>
  <testcase classname="chase.TC_ProcessorFailour10" name="VoidAllTransactions" time="12.105"/>
  <system-out/>
  <testcase classname="chase.TC_ProcessorFailour10" name="VoidAllTransactions" time="15.385"/>
  <system-out/>
  <testcase classname="chase.TC_ProcessorFailour10" name="VoidAllTransactions" time="3.125"/>
  <system-out/>
  <testcase classname="chase.TC_ProcessorFailour10" name="VoidAllTransactions" time="11.019"/>
  <system-out/>
  <testcase classname="chase.TC_ProcessorFailour10" name="VoidAllTransactions" time="3.262"/>
  <system-out/>
  <testcase classname="chase.TC_ProcessorFailour10" name="VoidAllTransactions" time="11.377"/>
  <system-out/>
  <testcase classname="chase.TC_ProcessorFailour10" name="VoidAllTransactions" time="24.000"/>
  <system-out/>
  <testcase classname="chase.TC_ProcessorFailour10" name="ResetCount" time="22.925"/>
  <system-out/>
  <testcase classname="chase.TC_ProcessorFailour10" name="afterResetDebitSale" time="25.521"/>
  <system-out/>
  <testcase classname="chase.TC_ProcessorFailour10" name="afterResetDebitSale" time="25.480"/>
  <system-out/>
  <testcase classname="chase.TC_ProcessorFailour10" name="P_AfterReset_EBT" time="22.639"/>
  <system-out/>
  <testcase classname="chase.TC_ProcessorFailour10" name="P_AfterReset_EBT" time="24.079"/>
  <system-out/>
  <testcase classname="chase.TC_ProcessorFailour10" name="P_AfterReset_FSA" time="37.110"/>
  <system-out/>
  <testcase classname="chase.TC_ProcessorFailour10" name="F_AfterReset_creditSale" time="32.993"/>
  <system-out/>
  <testcase classname="chase.TC_ProcessorFailour10" name="F_AfterReset_creditSale" time="29.657"/>
  <system-out/>
  <testcase classname="chase.TC_ProcessorFailour10" name="F_AfterReset_creditSale" time="28.677"/>
  <system-out/>
  <testcase classname="chase.TC_ProcessorFailour10" name="F_AfterReset_creditSale" time="29.169"/>
  <system-out/>
  <testcase classname="chase.TC_ProcessorFailour10" name="DebitSaleLastOne" time="23.677"/>
  <system-out/>
</testsuite> <!-- chase.TC_ProcessorFailour10 -->
