<?xml version="1.0" encoding="UTF-8"?>
<!-- Generated by org.testng.reporters.JUnitReportReporter -->
<testsuite hostname="gkillare-win87" failures="0" tests="2" name="testcases.TC_PLCC_Refund_OF_Sale" time="52.236" errors="0" timestamp="2023-11-07T19:22:07 IST" skipped="0">
  <testcase classname="testcases.TC_PLCC_Refund_OF_Sale" name="test_Debit_Refund_Of_Sale" time="25.906"/>
  <system-out/>
  <testcase classname="testcases.TC_PLCC_Refund_OF_Sale" name="test_Debit_Void_Of_Sale" time="26.330"/>
  <system-out/>
</testsuite> <!-- testcases.TC_PLCC_Refund_OF_Sale -->
