<?xml version="1.0" encoding="UTF-8"?>
<!-- Generated by org.testng.reporters.JUnitReportReporter -->
<testsuite hostname="gkillare-win87" failures="0" tests="1" name="mtestcases.TC_sWIC" time="83.584" errors="0" timestamp="2025-01-22T15:50:56 IST" skipped="0">
  <testcase classname="mtestcases.TC_sWIC" name="TC_performSWICTransaction" time="83.584"/>
  <system-out/>
</testsuite> <!-- mtestcases.TC_sWIC -->
