<?xml version="1.0" encoding="UTF-8"?>
<!-- Generated by org.testng.reporters.JUnitReportReporter -->
<testsuite hostname="TKACHA-WIN99" failures="0" tests="3" name="testcases.TC_Debit_Credit" time="29.746" errors="0" timestamp="2024-06-21T15:51:17 IST" skipped="0">
  <testcase classname="testcases.TC_Debit_Credit" name="test_Debit_Refund_Of_Sale" time="7.340"/>
  <testcase classname="testcases.TC_Debit_Credit" name="test_Debit_Refund_Of_Sale" time="15.004"/>
  <testcase classname="testcases.TC_Debit_Credit" name="test_Debit_Refund_Of_Sale" time="7.402"/>
</testsuite> <!-- testcases.TC_Debit_Credit -->
