<?xml version="1.0" encoding="UTF-8"?>
<!-- Generated by org.testng.reporters.JUnitReportReporter -->
<testsuite hostname="gkillare-win87" failures="0" tests="3" name="testcases.processorfailourvantiv.TC_ProcessorFailour17" time="78.389" errors="0" timestamp="2024-03-15T16:27:08 IST" skipped="0">
  <testcase classname="testcases.processorfailourvantiv.TC_ProcessorFailour17" name="F_creditSale" time="23.296"/>
  <system-out/>
  <testcase classname="testcases.processorfailourvantiv.TC_ProcessorFailour17" name="F_creditSale" time="30.884"/>
  <system-out/>
  <testcase classname="testcases.processorfailourvantiv.TC_ProcessorFailour17" name="F_creditSale" time="24.209"/>
  <system-out/>
</testsuite> <!-- testcases.processorfailourvantiv.TC_ProcessorFailour17 -->
