<?xml version="1.0" encoding="UTF-8"?>
<!-- Generated by org.testng.reporters.JUnitReportReporter -->
<testsuite hostname="gkillare-win87" failures="0" tests="1" name="mtestcases.IssueReproduce" time="210.354" errors="0" timestamp="2024-12-19T13:38:05 IST" skipped="0">
  <testcase classname="mtestcases.IssueReproduce" name="doubleCharge" time="210.354"/>
  <system-out/>
</testsuite> <!-- mtestcases.IssueReproduce -->
