<?xml version="1.0" encoding="UTF-8"?>
<!-- Generated by org.testng.reporters.JUnitReportReporter -->
<testsuite hostname="TKACHA-WIN99" failures="0" tests="1" name="requestbuilder.test" time="0.201" errors="0" timestamp="2024-07-24T17:38:50 IST" skipped="0">
  <testcase classname="requestbuilder.test" name="testRequest" time="0.201"/>
</testsuite> <!-- requestbuilder.test -->
