<?xml version="1.0" encoding="UTF-8"?>
<!-- Generated by org.testng.reporters.JUnitReportReporter -->
<testsuite hostname="gkillare-win87" failures="0" tests="1" name="base.BaseClass" time="0.047" errors="0" timestamp="2024-12-05T18:28:22 IST" skipped="0">
  <testcase classname="base.BaseClass" name="test" time="0.047"/>
  <system-out/>
</testsuite> <!-- base.BaseClass -->
