<?xml version="1.0" encoding="UTF-8"?>
<!-- Generated by org.testng.reporters.JUnitReportReporter -->
<testsuite hostname="gkillare-win87" failures="0" tests="15" name="mtestcases.TC_FSA" time="232.611" errors="0" timestamp="2024-09-28T13:22:16 IST" skipped="0">
  <testcase classname="mtestcases.TC_FSA" name="VoidOfRefundWithoutsale" time="16.696"/>
  <system-out/>
  <testcase classname="mtestcases.TC_FSA" name="VoidOfSale" time="16.853"/>
  <system-out/>
  <testcase classname="mtestcases.TC_FSA" name="VoidOfRefundWithoutsale" time="16.272"/>
  <system-out/>
  <testcase classname="mtestcases.TC_FSA" name="VoidOfSale" time="16.321"/>
  <system-out/>
  <testcase classname="mtestcases.TC_FSA" name="VoidOfSale" time="16.279"/>
  <system-out/>
  <testcase classname="mtestcases.TC_FSA" name="RefundOfSale" time="13.548"/>
  <system-out/>
  <testcase classname="mtestcases.TC_FSA" name="VoidOfSale" time="16.277"/>
  <system-out/>
  <testcase classname="mtestcases.TC_FSA" name="RefundOfSale" time="13.743"/>
  <system-out/>
  <testcase classname="mtestcases.TC_FSA" name="VoidOfSale" time="16.369"/>
  <system-out/>
  <testcase classname="mtestcases.TC_FSA" name="VoidOfRefundWithoutsale" time="16.576"/>
  <system-out/>
  <testcase classname="mtestcases.TC_FSA" name="VoidOfRefundWithoutsale" time="16.177"/>
  <system-out/>
  <testcase classname="mtestcases.TC_FSA" name="RefundOfSale" time="13.206"/>
  <system-out/>
  <testcase classname="mtestcases.TC_FSA" name="RefundOfSale" time="13.702"/>
  <system-out/>
  <testcase classname="mtestcases.TC_FSA" name="VoidOfRefundWithoutsale" time="16.698"/>
  <system-out/>
  <testcase classname="mtestcases.TC_FSA" name="RefundOfSale" time="13.894"/>
  <system-out/>
</testsuite> <!-- mtestcases.TC_FSA -->
