<?xml version="1.0" encoding="UTF-8"?>
<!-- Generated by org.testng.reporters.JUnitReportReporter -->
<testsuite hostname="gkillare-win87" failures="0" tests="10" name="utilities.XLRefundOfSale" time="0.503" errors="0" timestamp="2023-10-25T18:39:54 IST" skipped="0">
  <testcase classname="utilities.XLRefundOfSale" name="testwriteData" time="0.033"/>
  <system-out/>
  <testcase classname="utilities.XLRefundOfSale" name="testwriteData" time="0.038"/>
  <system-out/>
  <testcase classname="utilities.XLRefundOfSale" name="testwriteData" time="0.225"/>
  <system-out/>
  <testcase classname="utilities.XLRefundOfSale" name="testwriteData" time="0.025"/>
  <system-out/>
  <testcase classname="utilities.XLRefundOfSale" name="testwriteData" time="0.062"/>
  <system-out/>
  <testcase classname="utilities.XLRefundOfSale" name="testwriteData" time="0.040"/>
  <system-out/>
  <testcase classname="utilities.XLRefundOfSale" name="testwriteData" time="0.022"/>
  <system-out/>
  <testcase classname="utilities.XLRefundOfSale" name="testwriteData" time="0.022"/>
  <system-out/>
  <testcase classname="utilities.XLRefundOfSale" name="testwriteData" time="0.016"/>
  <system-out/>
  <testcase classname="utilities.XLRefundOfSale" name="testwriteData" time="0.020"/>
  <system-out/>
</testsuite> <!-- utilities.XLRefundOfSale -->
