<?xml version="1.0" encoding="UTF-8"?>
<!-- Generated by org.testng.reporters.JUnitReportReporter -->
<testsuite hostname="gkillare-win87" failures="0" tests="12" name="mtestcases.TC_PLC" time="512.254" errors="0" timestamp="2024-07-28T11:11:11 IST" skipped="0">
  <testcase classname="mtestcases.TC_PLC" name="PLC_VoidOfRefundWithoutsale" time="50.121"/>
  <system-out/>
  <testcase classname="mtestcases.TC_PLC" name="PLC_VoidOfRefundWithoutsale" time="31.657"/>
  <system-out/>
  <testcase classname="mtestcases.TC_PLC" name="PLC_VoidOfRefundWithoutsale" time="37.715"/>
  <system-out/>
  <testcase classname="mtestcases.TC_PLC" name="VoidOfSale" time="41.776"/>
  <system-out/>
  <testcase classname="mtestcases.TC_PLC" name="VoidOfSale" time="24.514"/>
  <system-out/>
  <testcase classname="mtestcases.TC_PLC" name="PLC_RefundOfSale" time="26.110"/>
  <system-out/>
  <testcase classname="mtestcases.TC_PLC" name="PLC_VoidOfRefundWithoutsale" time="37.640"/>
  <system-out/>
  <testcase classname="mtestcases.TC_PLC" name="PLC_RefundOfSale" time="101.162"/>
  <system-out/>
  <testcase classname="mtestcases.TC_PLC" name="VoidOfSale" time="40.016"/>
  <system-out/>
  <testcase classname="mtestcases.TC_PLC" name="PLC_RefundOfSale" time="35.120"/>
  <system-out/>
  <testcase classname="mtestcases.TC_PLC" name="VoidOfSale" time="40.650"/>
  <system-out/>
  <testcase classname="mtestcases.TC_PLC" name="PLC_RefundOfSale" time="45.773"/>
  <system-out/>
</testsuite> <!-- mtestcases.TC_PLC -->
