<?xml version="1.0" encoding="UTF-8"?>
<!-- Generated by org.testng.reporters.JUnitReportReporter -->
<testsuite hostname="gkillare-win87" failures="0" tests="1" name="mtestcases.IssueReproduce" time="40.850" errors="0" timestamp="2024-12-06T15:59:32 IST" skipped="0">
  <testcase classname="mtestcases.IssueReproduce" name="fleetOdometerPrompt" time="40.850"/>
  <system-out/>
</testsuite> <!-- mtestcases.IssueReproduce -->
