<?xml version="1.0" encoding="UTF-8"?>
<!-- Generated by org.testng.reporters.JUnitReportReporter -->
<testsuite hostname="TKACHA-WIN99" failures="0" tests="5" name="testcases.processorfailourvantiv.TC_ProcessorFailour17" time="154.739" errors="0" timestamp="2024-08-27T12:48:45 IST" skipped="0">
  <testcase classname="testcases.processorfailourvantiv.TC_ProcessorFailour17" name="F_creditSale" time="24.430"/>
  <testcase classname="testcases.processorfailourvantiv.TC_ProcessorFailour17" name="F_creditSale" time="39.532"/>
  <testcase classname="testcases.processorfailourvantiv.TC_ProcessorFailour17" name="F_creditSale" time="30.416"/>
  <testcase classname="testcases.processorfailourvantiv.TC_ProcessorFailour17" name="F_creditSale" time="30.658"/>
  <testcase classname="testcases.processorfailourvantiv.TC_ProcessorFailour17" name="F_creditSale" time="29.703"/>
</testsuite> <!-- testcases.processorfailourvantiv.TC_ProcessorFailour17 -->
