<?xml version="1.0" encoding="UTF-8"?>
<!-- Generated by org.testng.reporters.JUnitReportReporter -->
<testsuite hostname="gkillare-win87" failures="0" tests="6" name="mtestcases.TC_POA" time="160.334" errors="0" timestamp="2024-12-04T16:15:32 IST" skipped="0">
  <testcase classname="mtestcases.TC_POA" name="SSN_paymentOnAccountWithCheck" time="31.496"/>
  <system-out/>
  <testcase classname="mtestcases.TC_POA" name="SSN_paymentOnAccountWithCash" time="16.791"/>
  <system-out/>
  <testcase classname="mtestcases.TC_POA" name="KEY_paymentOnAccountWithCheck" time="27.226"/>
  <system-out/>
  <testcase classname="mtestcases.TC_POA" name="KEY_paymentOnAccountWithCash" time="13.109"/>
  <system-out/>
  <testcase classname="mtestcases.TC_POA" name="KEY_paymentOnAccountWithDebit" time="33.319"/>
  <system-out/>
  <testcase classname="mtestcases.TC_POA" name="SSN_paymentOnAccountWithDebit" time="38.393"/>
  <system-out/>
</testsuite> <!-- mtestcases.TC_POA -->
