<?xml version="1.0" encoding="UTF-8"?>
<!-- Generated by org.testng.reporters.JUnitReportReporter -->
<testsuite hostname="gkillare-win87" failures="0" tests="6" name="mtestcases.TC_POA" time="164.174" errors="0" timestamp="2024-09-28T12:48:02 IST" skipped="0">
  <testcase classname="mtestcases.TC_POA" name="SSN_paymentOnAccountWithCheck" time="32.266"/>
  <system-out/>
  <testcase classname="mtestcases.TC_POA" name="SSN_paymentOnAccountWithCash" time="16.401"/>
  <system-out/>
  <testcase classname="mtestcases.TC_POA" name="KEY_paymentOnAccountWithCheck" time="28.784"/>
  <system-out/>
  <testcase classname="mtestcases.TC_POA" name="KEY_paymentOnAccountWithCash" time="13.831"/>
  <system-out/>
  <testcase classname="mtestcases.TC_POA" name="KEY_paymentOnAccountWithDebit" time="38.685"/>
  <system-out/>
  <testcase classname="mtestcases.TC_POA" name="SSN_paymentOnAccountWithDebit" time="34.207"/>
  <system-out/>
</testsuite> <!-- mtestcases.TC_POA -->
