<?xml version="1.0" encoding="UTF-8"?>
<!-- Generated by org.testng.reporters.JUnitReportReporter -->
<testsuite hostname="gkillare-win87" failures="0" tests="1" name="mtestcases.TC_FSA" time="39.954" errors="0" timestamp="2024-08-02T16:42:22 IST" skipped="0">
  <testcase classname="mtestcases.TC_FSA" name="RefundOfSale" time="39.954"/>
  <system-out/>
</testsuite> <!-- mtestcases.TC_FSA -->
