<?xml version="1.0" encoding="UTF-8"?>
<!-- Generated by org.testng.reporters.JUnitReportReporter -->
<testsuite hostname="TKACHA-WIN99" failures="0" tests="2" name="mtestcases.OTC" time="77.612" errors="0" timestamp="2024-07-15T15:28:07 IST" skipped="0">
  <testcase classname="mtestcases.OTC" name="SolotronVoidOfSale" time="30.863"/>
  <testcase classname="mtestcases.OTC" name="InComm_VoidOfSale" time="46.749"/>
</testsuite> <!-- mtestcases.OTC -->
