<?xml version="1.0" encoding="UTF-8"?>
<!-- Generated by org.testng.reporters.JUnitReportReporter -->
<testsuite hostname="TKACHA-WIN99" failures="0" tests="5" name="testcases.processorfailourchase.TC_ProcessorFailour14" time="59.234" errors="0" timestamp="2024-08-26T18:38:05 IST" skipped="0">
  <testcase classname="testcases.processorfailourchase.TC_ProcessorFailour14" name="F_creditSale" time="12.436"/>
  <testcase classname="testcases.processorfailourchase.TC_ProcessorFailour14" name="F_creditSale" time="9.690"/>
  <testcase classname="testcases.processorfailourchase.TC_ProcessorFailour14" name="F_creditSale" time="12.765"/>
  <testcase classname="testcases.processorfailourchase.TC_ProcessorFailour14" name="F_creditSale" time="12.495"/>
  <testcase classname="testcases.processorfailourchase.TC_ProcessorFailour14" name="F_creditSale" time="11.848"/>
</testsuite> <!-- testcases.processorfailourchase.TC_ProcessorFailour14 -->
