<?xml version="1.0" encoding="UTF-8"?>
<!-- Generated by org.testng.reporters.JUnitReportReporter -->
<testsuite hostname="gkillare-win87" failures="0" tests="1" name="testcases.XMLRequestBuilder" time="0.006" errors="0" timestamp="2024-11-14T13:31:58 IST" skipped="0">
  <testcase classname="testcases.XMLRequestBuilder" name="itr" time="0.006"/>
  <system-out/>
</testsuite> <!-- testcases.XMLRequestBuilder -->
