<?xml version="1.0" encoding="UTF-8"?>
<!-- Generated by org.testng.reporters.JUnitReportReporter -->
<testsuite hostname="gkillare-win87" failures="0" tests="1" name="testcases.Demp" time="0.019" errors="0" timestamp="2023-12-06T17:04:18 IST" skipped="0">
  <testcase classname="testcases.Demp" name="test" time="0.019"/>
  <system-out/>
</testsuite> <!-- testcases.Demp -->
