<?xml version="1.0" encoding="UTF-8"?>
<!-- Generated by org.testng.reporters.JUnitReportReporter -->
<testsuite hostname="gkillare-win87" failures="0" tests="1" name="utilities.DateUtilities" time="0.042" errors="0" timestamp="2024-01-30T15:24:57 IST" skipped="0">
  <testcase classname="utilities.DateUtilities" name="test" time="0.042"/>
  <system-out/>
</testsuite> <!-- utilities.DateUtilities -->
