<?xml version="1.0" encoding="UTF-8"?>
<!-- Generated by org.testng.reporters.JUnitReportReporter -->
<testsuite hostname="gkillare-win87" failures="0" tests="60" name="dualprocessor.ChaseAutoDualProcessor" time="43.117" errors="1" timestamp="2024-12-18T12:15:42 IST" skipped="59">
  <testcase classname="dualprocessor.ChaseAutoDualProcessor" name="setUp" time="43.117">
    <error message="Index 17 out of bounds for length 17" type="java.lang.IndexOutOfBoundsException">
      <![CDATA[java.lang.IndexOutOfBoundsException: Index 17 out of bounds for length 17
at java.base/jdk.internal.util.Preconditions.outOfBounds(Preconditions.java:64)
at java.base/jdk.internal.util.Preconditions.outOfBoundsCheckIndex(Preconditions.java:70)
at java.base/jdk.internal.util.Preconditions.checkIndex(Preconditions.java:266)
at java.base/java.util.Objects.checkIndex(Objects.java:361)
at java.base/java.util.ArrayList.get(ArrayList.java:427)
at utilities.Utils.getVoidData(Utils.java:223)
at dualprocessor.ChaseAutoDualProcessor.setUp(ChaseAutoDualProcessor.java:79)
at java.base/jdk.internal.reflect.NativeMethodAccessorImpl.invoke0(Native Method)
at java.base/jdk.internal.reflect.NativeMethodAccessorImpl.invoke(NativeMethodAccessorImpl.java:77)
at java.base/jdk.internal.reflect.DelegatingMethodAccessorImpl.invoke(DelegatingMethodAccessorImpl.java:43)
at java.base/java.lang.reflect.Method.invoke(Method.java:568)
at org.testng.internal.MethodInvocationHelper.invokeMethod(MethodInvocationHelper.java:133)
at org.testng.internal.MethodInvocationHelper.invokeMethodConsideringTimeout(MethodInvocationHelper.java:62)
at org.testng.internal.ConfigInvoker.invokeConfigurationMethod(ConfigInvoker.java:385)
at org.testng.internal.ConfigInvoker.invokeConfigurations(ConfigInvoker.java:321)
at org.testng.internal.TestMethodWorker.invokeBeforeClassMethods(TestMethodWorker.java:176)
at org.testng.internal.TestMethodWorker.run(TestMethodWorker.java:122)
at java.base/java.util.ArrayList.forEach(ArrayList.java:1511)
at org.testng.TestRunner.privateRun(TestRunner.java:794)
at org.testng.TestRunner.run(TestRunner.java:596)
at org.testng.SuiteRunner.runTest(SuiteRunner.java:377)
at org.testng.SuiteRunner.runSequentially(SuiteRunner.java:371)
at org.testng.SuiteRunner.privateRun(SuiteRunner.java:332)
at org.testng.SuiteRunner.run(SuiteRunner.java:276)
at org.testng.SuiteRunnerWorker.runSuite(SuiteRunnerWorker.java:53)
at org.testng.SuiteRunnerWorker.run(SuiteRunnerWorker.java:96)
at org.testng.TestNG.runSuitesSequentially(TestNG.java:1212)
at org.testng.TestNG.runSuitesLocally(TestNG.java:1134)
at org.testng.TestNG.runSuites(TestNG.java:1063)
at org.testng.TestNG.run(TestNG.java:1031)
at org.testng.remote.AbstractRemoteTestNG.run(AbstractRemoteTestNG.java:115)
at org.testng.remote.RemoteTestNG.initAndRun(RemoteTestNG.java:293)
at org.testng.remote.RemoteTestNG.main(RemoteTestNG.java:91)
]]>
    </error>
  </testcase> <!-- setUp -->
  <system-out/>
  <testcase classname="dualprocessor.ChaseAutoDualProcessor" name="performNoramal_CD_Sale" time="0.000">
    <skipped/>
  </testcase> <!-- performNoramal_CD_Sale -->
  <system-out/>
  <testcase classname="dualprocessor.ChaseAutoDualProcessor" name="performNoramal_CD_Sale" time="0.000">
    <skipped/>
  </testcase> <!-- performNoramal_CD_Sale -->
  <system-out/>
  <testcase classname="dualprocessor.ChaseAutoDualProcessor" name="performNormalFSA_TXN" time="0.000">
    <skipped/>
  </testcase> <!-- performNormalFSA_TXN -->
  <system-out/>
  <testcase classname="dualprocessor.ChaseAutoDualProcessor" name="performWIC_TXN" time="0.000">
    <skipped/>
  </testcase> <!-- performWIC_TXN -->
  <system-out/>
  <testcase classname="dualprocessor.ChaseAutoDualProcessor" name="performEBT_TXN" time="0.000">
    <skipped/>
  </testcase> <!-- performEBT_TXN -->
  <system-out/>
  <testcase classname="dualprocessor.ChaseAutoDualProcessor" name="performEBT_TXN" time="0.000">
    <skipped/>
  </testcase> <!-- performEBT_TXN -->
  <system-out/>
  <testcase classname="dualprocessor.ChaseAutoDualProcessor" name="PF_performCreditDebit" time="0.000">
    <skipped/>
  </testcase> <!-- PF_performCreditDebit -->
  <system-out/>
  <testcase classname="dualprocessor.ChaseAutoDualProcessor" name="PF_performCreditDebit" time="0.000">
    <skipped/>
  </testcase> <!-- PF_performCreditDebit -->
  <system-out/>
  <testcase classname="dualprocessor.ChaseAutoDualProcessor" name="PF_performCreditDebit" time="0.000">
    <skipped/>
  </testcase> <!-- PF_performCreditDebit -->
  <system-out/>
  <testcase classname="dualprocessor.ChaseAutoDualProcessor" name="PF_performEBT_TXN" time="0.000">
    <skipped/>
  </testcase> <!-- PF_performEBT_TXN -->
  <system-out/>
  <testcase classname="dualprocessor.ChaseAutoDualProcessor" name="PF_performFSA_TXN" time="0.000">
    <skipped/>
  </testcase> <!-- PF_performFSA_TXN -->
  <system-out/>
  <testcase classname="dualprocessor.ChaseAutoDualProcessor" name="AF_performNoramal_CD_Sale" time="0.000">
    <skipped/>
  </testcase> <!-- AF_performNoramal_CD_Sale -->
  <system-out/>
  <testcase classname="dualprocessor.ChaseAutoDualProcessor" name="AF_performNoramal_CD_Sale" time="0.000">
    <skipped/>
  </testcase> <!-- AF_performNoramal_CD_Sale -->
  <system-out/>
  <testcase classname="dualprocessor.ChaseAutoDualProcessor" name="AF_performNormalFSA_TXN" time="0.000">
    <skipped/>
  </testcase> <!-- AF_performNormalFSA_TXN -->
  <system-out/>
  <testcase classname="dualprocessor.ChaseAutoDualProcessor" name="AF_performWIC_TXN" time="0.000">
    <skipped/>
  </testcase> <!-- AF_performWIC_TXN -->
  <system-out/>
  <testcase classname="dualprocessor.ChaseAutoDualProcessor" name="AF_performEBT_TXN" time="0.000">
    <skipped/>
  </testcase> <!-- AF_performEBT_TXN -->
  <system-out/>
  <testcase classname="dualprocessor.ChaseAutoDualProcessor" name="AF_performEBT_TXN" time="0.000">
    <skipped/>
  </testcase> <!-- AF_performEBT_TXN -->
  <system-out/>
  <testcase classname="dualprocessor.ChaseAutoDualProcessor" name="VoidAllTransactions" time="0.000">
    <skipped/>
  </testcase> <!-- VoidAllTransactions -->
  <system-out/>
  <testcase classname="dualprocessor.ChaseAutoDualProcessor" name="VoidAllTransactions" time="0.000">
    <skipped/>
  </testcase> <!-- VoidAllTransactions -->
  <system-out/>
  <testcase classname="dualprocessor.ChaseAutoDualProcessor" name="VoidAllTransactions" time="0.000">
    <skipped/>
  </testcase> <!-- VoidAllTransactions -->
  <system-out/>
  <testcase classname="dualprocessor.ChaseAutoDualProcessor" name="VoidAllTransactions" time="0.000">
    <skipped/>
  </testcase> <!-- VoidAllTransactions -->
  <system-out/>
  <testcase classname="dualprocessor.ChaseAutoDualProcessor" name="VoidAllTransactions" time="0.000">
    <skipped/>
  </testcase> <!-- VoidAllTransactions -->
  <system-out/>
  <testcase classname="dualprocessor.ChaseAutoDualProcessor" name="VoidAllTransactions" time="0.000">
    <skipped/>
  </testcase> <!-- VoidAllTransactions -->
  <system-out/>
  <testcase classname="dualprocessor.ChaseAutoDualProcessor" name="VoidAllTransactions" time="0.000">
    <skipped/>
  </testcase> <!-- VoidAllTransactions -->
  <system-out/>
  <testcase classname="dualprocessor.ChaseAutoDualProcessor" name="VoidAllTransactions" time="0.000">
    <skipped/>
  </testcase> <!-- VoidAllTransactions -->
  <system-out/>
  <testcase classname="dualprocessor.ChaseAutoDualProcessor" name="VoidAllTransactions" time="0.000">
    <skipped/>
  </testcase> <!-- VoidAllTransactions -->
  <system-out/>
  <testcase classname="dualprocessor.ChaseAutoDualProcessor" name="VoidAllTransactions" time="0.000">
    <skipped/>
  </testcase> <!-- VoidAllTransactions -->
  <system-out/>
  <testcase classname="dualprocessor.ChaseAutoDualProcessor" name="VoidAllTransactions" time="0.000">
    <skipped/>
  </testcase> <!-- VoidAllTransactions -->
  <system-out/>
  <testcase classname="dualprocessor.ChaseAutoDualProcessor" name="VoidAllTransactions" time="0.000">
    <skipped/>
  </testcase> <!-- VoidAllTransactions -->
  <system-out/>
  <testcase classname="dualprocessor.ChaseAutoDualProcessor" name="VoidAllTransactions" time="0.000">
    <skipped/>
  </testcase> <!-- VoidAllTransactions -->
  <system-out/>
  <testcase classname="dualprocessor.ChaseAutoDualProcessor" name="VoidAllTransactions" time="0.000">
    <skipped/>
  </testcase> <!-- VoidAllTransactions -->
  <system-out/>
  <testcase classname="dualprocessor.ChaseAutoDualProcessor" name="VoidAllTransactions" time="0.000">
    <skipped/>
  </testcase> <!-- VoidAllTransactions -->
  <system-out/>
  <testcase classname="dualprocessor.ChaseAutoDualProcessor" name="VoidAllTransactions" time="0.000">
    <skipped/>
  </testcase> <!-- VoidAllTransactions -->
  <system-out/>
  <testcase classname="dualprocessor.ChaseAutoDualProcessor" name="VoidAllTransactions" time="0.000">
    <skipped/>
  </testcase> <!-- VoidAllTransactions -->
  <system-out/>
  <testcase classname="dualprocessor.ChaseAutoDualProcessor" name="VoidAllTransactions" time="0.000">
    <skipped/>
  </testcase> <!-- VoidAllTransactions -->
  <system-out/>
  <testcase classname="dualprocessor.ChaseAutoDualProcessor" name="VoidAllTransactions" time="0.000">
    <skipped/>
  </testcase> <!-- VoidAllTransactions -->
  <system-out/>
  <testcase classname="dualprocessor.ChaseAutoDualProcessor" name="VoidAllTransactions" time="0.000">
    <skipped/>
  </testcase> <!-- VoidAllTransactions -->
  <system-out/>
  <testcase classname="dualprocessor.ChaseAutoDualProcessor" name="VoidAllTransactions" time="0.000">
    <skipped/>
  </testcase> <!-- VoidAllTransactions -->
  <system-out/>
  <testcase classname="dualprocessor.ChaseAutoDualProcessor" name="VoidAllTransactions" time="0.000">
    <skipped/>
  </testcase> <!-- VoidAllTransactions -->
  <system-out/>
  <testcase classname="dualprocessor.ChaseAutoDualProcessor" name="VoidAllTransactions" time="0.000">
    <skipped/>
  </testcase> <!-- VoidAllTransactions -->
  <system-out/>
  <testcase classname="dualprocessor.ChaseAutoDualProcessor" name="VoidAllTransactions" time="0.000">
    <skipped/>
  </testcase> <!-- VoidAllTransactions -->
  <system-out/>
  <testcase classname="dualprocessor.ChaseAutoDualProcessor" name="VoidAllTransactions" time="0.000">
    <skipped/>
  </testcase> <!-- VoidAllTransactions -->
  <system-out/>
  <testcase classname="dualprocessor.ChaseAutoDualProcessor" name="VoidAllTransactions" time="0.000">
    <skipped/>
  </testcase> <!-- VoidAllTransactions -->
  <system-out/>
  <testcase classname="dualprocessor.ChaseAutoDualProcessor" name="VoidAllTransactions" time="0.000">
    <skipped/>
  </testcase> <!-- VoidAllTransactions -->
  <system-out/>
  <testcase classname="dualprocessor.ChaseAutoDualProcessor" name="VoidAllTransactions" time="0.000">
    <skipped/>
  </testcase> <!-- VoidAllTransactions -->
  <system-out/>
  <testcase classname="dualprocessor.ChaseAutoDualProcessor" name="VoidAllTransactions" time="0.000">
    <skipped/>
  </testcase> <!-- VoidAllTransactions -->
  <system-out/>
  <testcase classname="dualprocessor.ChaseAutoDualProcessor" name="VoidAllTransactions" time="0.000">
    <skipped/>
  </testcase> <!-- VoidAllTransactions -->
  <system-out/>
  <testcase classname="dualprocessor.ChaseAutoDualProcessor" name="resetCounter" time="0.000">
    <skipped/>
  </testcase> <!-- resetCounter -->
  <system-out/>
  <testcase classname="dualprocessor.ChaseAutoDualProcessor" name="_performNoramal_CD_Sale" time="0.000">
    <skipped/>
  </testcase> <!-- _performNoramal_CD_Sale -->
  <system-out/>
  <testcase classname="dualprocessor.ChaseAutoDualProcessor" name="_performNoramal_CD_Sale" time="0.000">
    <skipped/>
  </testcase> <!-- _performNoramal_CD_Sale -->
  <system-out/>
  <testcase classname="dualprocessor.ChaseAutoDualProcessor" name="_performNormalFSA_TXN" time="0.000">
    <skipped/>
  </testcase> <!-- _performNormalFSA_TXN -->
  <system-out/>
  <testcase classname="dualprocessor.ChaseAutoDualProcessor" name="_performWIC_TXN" time="0.000">
    <skipped/>
  </testcase> <!-- _performWIC_TXN -->
  <system-out/>
  <testcase classname="dualprocessor.ChaseAutoDualProcessor" name="_performEBT_TXN" time="0.000">
    <skipped/>
  </testcase> <!-- _performEBT_TXN -->
  <system-out/>
  <testcase classname="dualprocessor.ChaseAutoDualProcessor" name="_performEBT_TXN" time="0.000">
    <skipped/>
  </testcase> <!-- _performEBT_TXN -->
  <system-out/>
  <testcase classname="dualprocessor.ChaseAutoDualProcessor" name="PF__performCreditDebit" time="0.000">
    <skipped/>
  </testcase> <!-- PF__performCreditDebit -->
  <system-out/>
  <testcase classname="dualprocessor.ChaseAutoDualProcessor" name="PF__performCreditDebit" time="0.000">
    <skipped/>
  </testcase> <!-- PF__performCreditDebit -->
  <system-out/>
  <testcase classname="dualprocessor.ChaseAutoDualProcessor" name="PF__performCreditDebit" time="0.000">
    <skipped/>
  </testcase> <!-- PF__performCreditDebit -->
  <system-out/>
  <testcase classname="dualprocessor.ChaseAutoDualProcessor" name="PF__performCreditDebit" time="0.000">
    <skipped/>
  </testcase> <!-- PF__performCreditDebit -->
  <system-out/>
  <testcase classname="dualprocessor.ChaseAutoDualProcessor" name="__performNoramal_CD_Sale" time="0.000">
    <skipped/>
  </testcase> <!-- __performNoramal_CD_Sale -->
  <system-out/>
</testsuite> <!-- dualprocessor.ChaseAutoDualProcessor -->
