<?xml version="1.0" encoding="UTF-8"?>
<!-- Generated by org.testng.reporters.JUnitReportReporter -->
<testsuite hostname="TKACHA-WIN99" failures="0" tests="7" name="mtestcases.ManualProcessorFailure" time="338.247" errors="0" timestamp="2024-09-23T15:45:28 IST" skipped="0">
  <testcase classname="mtestcases.ManualProcessorFailure" name="EBT_RefundOfSale" time="31.666"/>
  <testcase classname="mtestcases.ManualProcessorFailure" name="CREDIT_DEBIT_RefundOfSale" time="31.370"/>
  <testcase classname="mtestcases.ManualProcessorFailure" name="EBT_RefundOfSale" time="150.803"/>
  <testcase classname="mtestcases.ManualProcessorFailure" name="CREDIT_DEBIT_VoidOfSale" time="34.457"/>
  <testcase classname="mtestcases.ManualProcessorFailure" name="CREDIT_DEBIT_VoidOfSale" time="18.409"/>
  <testcase classname="mtestcases.ManualProcessorFailure" name="CREDIT_DEBIT_RefundOfSale" time="34.096"/>
  <testcase classname="mtestcases.ManualProcessorFailure" name="FSA_VoidOfSale" time="37.446"/>
</testsuite> <!-- mtestcases.ManualProcessorFailure -->
