<?xml version="1.0" encoding="UTF-8"?>
<!-- Generated by org.testng.reporters.JUnitReportReporter -->
<testsuite hostname="gkillare-win87" failures="0" tests="1" name="mtestcases.LMKKey" time="11.284" errors="0" timestamp="2024-12-19T17:21:04 IST" skipped="0">
  <testcase classname="mtestcases.LMKKey" name="FSA_RefundOfSale" time="11.284"/>
  <system-out/>
</testsuite> <!-- mtestcases.LMKKey -->
