<?xml version="1.0" encoding="UTF-8"?>
<!-- Generated by org.testng.reporters.JUnitReportReporter -->
<testsuite hostname="gkillare-win87" failures="0" tests="10" name="utilities.ExcelDataWriting" time="0.237" errors="0" timestamp="2023-11-06T18:58:29 IST" skipped="0">
  <testcase classname="utilities.ExcelDataWriting" name="testwriteData" time="0.024"/>
  <system-out/>
  <testcase classname="utilities.ExcelDataWriting" name="testwriteData" time="0.012"/>
  <system-out/>
  <testcase classname="utilities.ExcelDataWriting" name="testwriteData" time="0.010"/>
  <system-out/>
  <testcase classname="utilities.ExcelDataWriting" name="testwriteData" time="0.018"/>
  <system-out/>
  <testcase classname="utilities.ExcelDataWriting" name="testwriteData" time="0.016"/>
  <system-out/>
  <testcase classname="utilities.ExcelDataWriting" name="testwriteData" time="0.020"/>
  <system-out/>
  <testcase classname="utilities.ExcelDataWriting" name="testwriteData" time="0.011"/>
  <system-out/>
  <testcase classname="utilities.ExcelDataWriting" name="testwriteData" time="0.089"/>
  <system-out/>
  <testcase classname="utilities.ExcelDataWriting" name="testwriteData" time="0.024"/>
  <system-out/>
  <testcase classname="utilities.ExcelDataWriting" name="testwriteData" time="0.013"/>
  <system-out/>
</testsuite> <!-- utilities.ExcelDataWriting -->
