<?xml version="1.0" encoding="UTF-8"?>
<!-- Generated by org.testng.reporters.JUnitReportReporter -->
<testsuite hostname="gkillare-win87" failures="0" tests="3" name="utilities.P_XL_Utility" time="0.749" errors="0" timestamp="2024-01-29T16:22:01 IST" skipped="0">
  <testcase classname="utilities.P_XL_Utility" name="testXL" time="0.681"/>
  <system-out/>
  <testcase classname="utilities.P_XL_Utility" name="testXL1" time="0.040"/>
  <system-out/>
  <testcase classname="utilities.P_XL_Utility" name="testXL3" time="0.028"/>
  <system-out/>
</testsuite> <!-- utilities.P_XL_Utility -->
