<?xml version="1.0" encoding="UTF-8"?>
<!-- Generated by org.testng.reporters.JUnitReportReporter -->
<testsuite hostname="gkillare-win87" failures="0" tests="6" name="mtestcases.TC_POA" time="233.300" errors="0" timestamp="2025-01-22T11:20:00 IST" skipped="0">
  <testcase classname="mtestcases.TC_POA" name="SSN_paymentOnAccountWithCheck" time="43.952"/>
  <system-out/>
  <testcase classname="mtestcases.TC_POA" name="SSN_paymentOnAccountWithCash" time="19.053"/>
  <system-out/>
  <testcase classname="mtestcases.TC_POA" name="KEY_paymentOnAccountWithCheck" time="53.604"/>
  <system-out/>
  <testcase classname="mtestcases.TC_POA" name="KEY_paymentOnAccountWithCash" time="16.065"/>
  <system-out/>
  <testcase classname="mtestcases.TC_POA" name="KEY_paymentOnAccountWithDebit" time="51.048"/>
  <system-out/>
  <testcase classname="mtestcases.TC_POA" name="SSN_paymentOnAccountWithDebit" time="49.578"/>
  <system-out/>
</testsuite> <!-- mtestcases.TC_POA -->
