<?xml version="1.0" encoding="UTF-8"?>
<!-- Generated by org.testng.reporters.JUnitReportReporter -->
<testsuite hostname="gkillare-win87" failures="0" tests="1" name="mtestcases.TC_OTC" time="17.297" errors="0" timestamp="2025-01-23T19:16:11 IST" skipped="0">
  <testcase classname="mtestcases.TC_OTC" name="WorldPayEPPSale" time="17.297"/>
  <system-out/>
</testsuite> <!-- mtestcases.TC_OTC -->
