<?xml version="1.0" encoding="UTF-8"?>
<!-- Generated by org.testng.reporters.JUnitReportReporter -->
<testsuite hostname="TKACHA-WIN99" failures="0" tests="48" name="testcases.TC_Gift_Activation" time="308.092" errors="0" timestamp="2024-06-24T16:07:08 IST" skipped="0">
  <testcase classname="testcases.TC_Gift_Activation" name="test_Gift" time="5.308"/>
  <testcase classname="testcases.TC_Gift_Activation" name="test_Gift" time="7.983"/>
  <testcase classname="testcases.TC_Gift_Activation" name="test_Gift" time="5.638"/>
  <testcase classname="testcases.TC_Gift_Activation" name="test_Gift" time="5.316"/>
  <testcase classname="testcases.TC_Gift_Activation" name="test_Gift" time="6.091"/>
  <testcase classname="testcases.TC_Gift_Activation" name="test_Gift" time="5.335"/>
  <testcase classname="testcases.TC_Gift_Activation" name="test_Gift" time="6.606"/>
  <testcase classname="testcases.TC_Gift_Activation" name="test_Gift" time="8.424"/>
  <testcase classname="testcases.TC_Gift_Activation" name="test_Gift" time="7.877"/>
  <testcase classname="testcases.TC_Gift_Activation" name="test_Gift" time="5.483"/>
  <testcase classname="testcases.TC_Gift_Activation" name="test_Gift" time="8.948"/>
  <testcase classname="testcases.TC_Gift_Activation" name="test_Gift" time="5.548"/>
  <testcase classname="testcases.TC_Gift_Activation" name="test_Gift" time="5.204"/>
  <testcase classname="testcases.TC_Gift_Activation" name="test_Gift" time="5.285"/>
  <testcase classname="testcases.TC_Gift_Activation" name="test_Gift" time="7.615"/>
  <testcase classname="testcases.TC_Gift_Activation" name="test_Gift" time="5.744"/>
  <testcase classname="testcases.TC_Gift_Activation" name="test_Gift" time="5.663"/>
  <testcase classname="testcases.TC_Gift_Activation" name="test_Gift" time="8.224"/>
  <testcase classname="testcases.TC_Gift_Activation" name="test_Gift" time="5.564"/>
  <testcase classname="testcases.TC_Gift_Activation" name="test_Gift" time="5.240"/>
  <testcase classname="testcases.TC_Gift_Activation" name="test_Gift" time="5.209"/>
  <testcase classname="testcases.TC_Gift_Activation" name="test_Gift" time="8.628"/>
  <testcase classname="testcases.TC_Gift_Activation" name="test_Gift" time="5.634"/>
  <testcase classname="testcases.TC_Gift_Activation" name="test_Gift" time="4.268"/>
  <testcase classname="testcases.TC_Gift_Activation" name="test_Gift" time="5.496"/>
  <testcase classname="testcases.TC_Gift_Activation" name="test_Gift" time="6.702"/>
  <testcase classname="testcases.TC_Gift_Activation" name="test_Gift" time="5.676"/>
  <testcase classname="testcases.TC_Gift_Activation" name="test_Gift" time="5.516"/>
  <testcase classname="testcases.TC_Gift_Activation" name="test_Gift" time="8.069"/>
  <testcase classname="testcases.TC_Gift_Activation" name="test_Gift" time="5.651"/>
  <testcase classname="testcases.TC_Gift_Activation" name="test_Gift" time="5.702"/>
  <testcase classname="testcases.TC_Gift_Activation" name="test_Gift" time="5.628"/>
  <testcase classname="testcases.TC_Gift_Activation" name="test_Gift" time="8.850"/>
  <testcase classname="testcases.TC_Gift_Activation" name="test_Gift" time="5.446"/>
  <testcase classname="testcases.TC_Gift_Activation" name="test_Gift" time="8.199"/>
  <testcase classname="testcases.TC_Gift_Activation" name="test_Gift" time="8.344"/>
  <testcase classname="testcases.TC_Gift_Activation" name="test_Gift" time="5.359"/>
  <testcase classname="testcases.TC_Gift_Activation" name="test_Gift" time="8.158"/>
  <testcase classname="testcases.TC_Gift_Activation" name="test_Gift" time="7.968"/>
  <testcase classname="testcases.TC_Gift_Activation" name="test_Gift" time="8.684"/>
  <testcase classname="testcases.TC_Gift_Activation" name="test_Gift" time="5.636"/>
  <testcase classname="testcases.TC_Gift_Activation" name="test_Gift" time="5.532"/>
  <testcase classname="testcases.TC_Gift_Activation" name="test_Gift" time="7.090"/>
  <testcase classname="testcases.TC_Gift_Activation" name="test_Gift" time="5.210"/>
  <testcase classname="testcases.TC_Gift_Activation" name="test_Gift" time="7.917"/>
  <testcase classname="testcases.TC_Gift_Activation" name="test_Gift" time="5.614"/>
  <testcase classname="testcases.TC_Gift_Activation" name="test_Gift" time="5.270"/>
  <testcase classname="testcases.TC_Gift_Activation" name="test_Gift" time="5.540"/>
</testsuite> <!-- testcases.TC_Gift_Activation -->
